Log file open, 06/28/19 14:36:48
LogWindows: Failed to load 'aqProf.dll' (GetLastError=126)
LogWindows: File 'aqProf.dll' does not exist
LogWindows: Failed to load 'VSPerf140.dll' (GetLastError=126)
LogWindows: File 'VSPerf140.dll' does not exist
LogWindows: Failed to load 'VtuneApi.dll' (GetLastError=126)
LogWindows: File 'VtuneApi.dll' does not exist
LogWindows: Failed to load 'VtuneApi32e.dll' (GetLastError=126)
LogWindows: File 'VtuneApi32e.dll' does not exist
LogInit: Display: Running engine for game: SummerShorts
LogPlatformFile: Not using cached read wrapper
LogTaskGraph: Started task graph with 5 named threads and 23 total threads with 3 sets of task threads.
LogStats: Stats thread started at 0.265269
LogD3D11RHI: Loaded GFSDK_Aftermath_Lib.x64.dll
LogICUInternationalization: Display: ICU TimeZone Detection - Raw Offset: -5:00, Platform Override: ''
LogPluginManager: Mounting plugin Paper2D
LogPluginManager: Mounting plugin AISupport
LogPluginManager: Mounting plugin LightPropagationVolume
LogPluginManager: Mounting plugin CLionSourceCodeAccess
LogPluginManager: Mounting plugin CodeLiteSourceCodeAccess
LogPluginManager: Mounting plugin GitSourceControl
LogPluginManager: Mounting plugin KDevelopSourceCodeAccess
LogPluginManager: Mounting plugin NullSourceCodeAccess
LogPluginManager: Mounting plugin PerforceSourceControl
LogPluginManager: Mounting plugin SubversionSourceControl
LogPluginManager: Mounting plugin UObjectPlugin
LogPluginManager: Mounting plugin VisualStudioCodeSourceCodeAccess
LogPluginManager: Mounting plugin VisualStudioSourceCodeAccess
LogPluginManager: Mounting plugin XCodeSourceCodeAccess
LogPluginManager: Mounting plugin AssetManagerEditor
LogPluginManager: Mounting plugin CryptoKeys
LogPluginManager: Mounting plugin DataValidation
LogPluginManager: Mounting plugin EditorScriptingUtilities
LogPluginManager: Mounting plugin FacialAnimation
LogPluginManager: Mounting plugin GameplayTagsEditor
LogPluginManager: Mounting plugin MacGraphicsSwitching
LogPluginManager: Mounting plugin MeshEditor
LogPluginManager: Mounting plugin MobileLauncherProfileWizard
LogPluginManager: Mounting plugin PluginBrowser
LogPluginManager: Mounting plugin SpeedTreeImporter
LogPluginManager: Mounting plugin DatasmithContent
LogPluginManager: Mounting plugin AlembicImporter
LogPluginManager: Mounting plugin AppleImageUtils
LogPluginManager: Mounting plugin AppleVision
LogPluginManager: Mounting plugin BackChannel
LogPluginManager: Mounting plugin CharacterAI
LogPluginManager: Mounting plugin GeometryCache
LogPluginManager: Mounting plugin HTML5Networking
LogPluginManager: Mounting plugin ProxyLODPlugin
LogPluginManager: Mounting plugin MagicLeap
LogPluginManager: Mounting plugin MagicLeapEmulator
LogPluginManager: Mounting plugin MagicLeapMedia
LogPluginManager: Mounting plugin AndroidMedia
LogPluginManager: Mounting plugin AvfMedia
LogPluginManager: Mounting plugin ImgMedia
LogPluginManager: Mounting plugin LinearTimecode
LogPluginManager: Mounting plugin MediaCompositing
LogPluginManager: Mounting plugin MediaPlayerEditor
LogPluginManager: Mounting plugin WmfMedia
LogPluginManager: Mounting plugin TcpMessaging
LogPluginManager: Mounting plugin UdpMessaging
LogPluginManager: Mounting plugin ActorSequence
LogPluginManager: Mounting plugin LevelSequenceEditor
LogPluginManager: Mounting plugin MatineeToLevelSequence
LogPluginManager: Mounting plugin NetcodeUnitTest
LogPluginManager: Mounting plugin NUTUnrealEngine4
LogPluginManager: Mounting plugin OnlineSubsystemGooglePlay
LogPluginManager: Mounting plugin OnlineSubsystemIOS
LogPluginManager: Mounting plugin OnlineSubsystem
LogPluginManager: Mounting plugin OnlineSubsystemNull
LogPluginManager: Mounting plugin OnlineSubsystemUtils
LogPluginManager: Mounting plugin LauncherChunkInstaller
LogPluginManager: Mounting plugin AndroidDeviceProfileSelector
LogPluginManager: Mounting plugin AndroidMoviePlayer
LogPluginManager: Mounting plugin AndroidPermission
LogPluginManager: Mounting plugin AppleMoviePlayer
LogPluginManager: Mounting plugin ArchVisCharacter
LogPluginManager: Mounting plugin AudioCapture
LogPluginManager: Mounting plugin CableComponent
LogPluginManager: Mounting plugin CustomMeshComponent
LogPluginManager: Mounting plugin EditableMesh
LogPluginManager: Mounting plugin ExampleDeviceProfileSelector
LogPluginManager: Mounting plugin GoogleCloudMessaging
LogPluginManager: Mounting plugin ImmediatePhysics
LogPluginManager: Mounting plugin IOSDeviceProfileSelector
LogPluginManager: Mounting plugin LinuxDeviceProfileSelector
LogPluginManager: Mounting plugin LocationServicesBPLibrary
LogPluginManager: Mounting plugin MobilePatchingUtils
LogPluginManager: Mounting plugin OculusVR
LogPluginManager: Plugin shader directory ../../../Engine/Plugins/Runtime/Oculus/OculusVR/Shaders found
LogPluginManager: Mapping shader source directory ../../../Engine/Plugins/Runtime/Oculus/OculusVR/Shaders to virtual directory /Plugin/OculusVR
LogPluginManager: Mounting plugin PhysXVehicles
LogPluginManager: Mounting plugin ProceduralMeshComponent
LogPluginManager: Mounting plugin RuntimePhysXCooking
LogPluginManager: Mounting plugin SteamVR
LogPluginManager: Mounting plugin WindowsMoviePlayer
LogPluginManager: Mounting plugin DatasmithCADImporter
LogPluginManager: Mounting plugin DatasmithFBXImporter
LogPluginManager: Mounting plugin DatasmithImporter
LogPluginManager: Mounting plugin DatasmithMDLImporter
LogPluginManager: Mounting plugin StaticMeshEditorExtension
LogStreaming: Display: Took  0.114s to configure plugins.
LogInit: Using libcurl 7.55.1-DEV
LogInit:  - built for x86_64-pc-win32
LogInit:  - supports SSL with OpenSSL/1.0.2h
LogInit:  - supports HTTP deflate (compression) using libz 1.2.8
LogInit:  - other features:
LogInit:      CURL_VERSION_SSL
LogInit:      CURL_VERSION_LIBZ
LogInit:      CURL_VERSION_IPV6
LogInit:      CURL_VERSION_ASYNCHDNS
LogInit:      CURL_VERSION_LARGEFILE
LogInit:      CURL_VERSION_IDN
LogInit:  CurlRequestOptions (configurable via config and command line):
LogInit:  - bVerifyPeer = false  - Libcurl will NOT verify peer certificate
LogInit:  - bUseHttpProxy = false  - Libcurl will NOT use HTTP proxy
LogInit:  - bDontReuseConnections = false  - Libcurl will reuse connections
LogInit:  - CertBundlePath = nullptr  - Libcurl will use whatever was configured at build time.
LogInit:  - MaxHostConnections = 16  - Libcurl will limit the number of connections to a host
LogInit:  - LocalHostAddr = Default
LogInit:  - BufferSize = 65536
LogInit: WinSock: version 1.1 (2.2), MaxSocks=32767, MaxUdp=65467
LogInit: Build: ++UE4+Release-4.20-CL-4302132
LogInit: Engine Version: 4.20.2-4302132+++UE4+Release-4.20
LogInit: Compatible Engine Version: 4.20.0-4212847+++UE4+Release-4.20
LogInit: Net CL: 4212847
LogInit: OS: Windows 10 (), CPU: Intel(R) Xeon(R) CPU E5-1630 v3 @ 3.70GHz, GPU: NVIDIA GeForce GTX 1080
LogInit: Compiled (64-bit): Aug 21 2018 02:06:06
LogInit: Compiled with Visual C++: 19.13.26129.00
LogInit: Build Configuration: Development
LogInit: Branch Name: ++UE4+Release-4.20
LogInit: Command Line:  
LogInit: Base Directory: C:/Program Files/Epic Games/UE_4.20/Engine/Binaries/Win64/
LogInit: Installed Engine Build: 1
LogDevObjectVersion: Number of dev versions registered: 20
LogDevObjectVersion:   Dev-Blueprints (B0D832E4-1F89-4F0D-ACCF-7EB736FD4AA2): 10
LogDevObjectVersion:   Dev-Build (E1C64328-A22C-4D53-A36C-8E866417BD8C): 0
LogDevObjectVersion:   Dev-Core (375EC13C-06E4-48FB-B500-84F0262A717E): 2
LogDevObjectVersion:   Dev-Editor (E4B068ED-F494-42E9-A231-DA0B2E46BB41): 24
LogDevObjectVersion:   Dev-Framework (CFFC743F-43B0-4480-9391-14DF171D2073): 34
LogDevObjectVersion:   Dev-Mobile (B02B49B5-BB20-44E9-A304-32B752E40360): 2
LogDevObjectVersion:   Dev-Networking (A4E4105C-59A1-49B5-A7C5-40C4547EDFEE): 0
LogDevObjectVersion:   Dev-Online (39C831C9-5AE6-47DC-9A44-9C173E1C8E7C): 0
LogDevObjectVersion:   Dev-Physics (78F01B33-EBEA-4F98-B9B4-84EACCB95AA2): 0
LogDevObjectVersion:   Dev-Platform (6631380F-2D4D-43E0-8009-CF276956A95A): 0
LogDevObjectVersion:   Dev-Rendering (12F88B9F-8875-4AFC-A67C-D90C383ABD29): 26
LogDevObjectVersion:   Dev-Sequencer (7B5AE74C-D270-4C10-A958-57980B212A5A): 9
LogDevObjectVersion:   Dev-VR (D7296918-1DD6-4BDD-9DE2-64A83CC13884): 2
LogDevObjectVersion:   Dev-LoadTimes (C2A15278-BFE7-4AFE-6C17-90FF531DF755): 1
LogDevObjectVersion:   Private-Geometry (6EACA3D4-40EC-4CC1-B786-8BED09428FC5): 3
LogDevObjectVersion:   Dev-AnimPhys (29E575DD-E0A3-4627-9D10-D276232CDCEA): 17
LogDevObjectVersion:   Dev-ReflectionCapture (6B266CEC-1EC7-4B8F-A30B-E4D90942FC07): 1
LogDevObjectVersion:   Dev-Automation (0DF73D61-A23F-47EA-B727-89E90C41499A): 1
LogDevObjectVersion:   FortniteMain (601D1886-AC64-4F84-AA16-D3DE0DEAC7D6): 12
LogDevObjectVersion:   Dev-Enterprise (9DFFBCD6-494F-0158-E221-12823C92A888): 1
LogStreaming: Display: Took  0.000s to delete old logs.
LogInit: Presizing for max 8388607 objects, including 0 objects not considered by GC, pre-allocating 0 bytes for permanent pool.
LogInit: Object subsystem initialized
[2019.06.28-18.36.48:661][  0]LogInit: Selected Device Profile: [Windows]
[2019.06.28-18.36.48:661][  0]LogInit: Applying CVar settings loaded from the selected device profile: [Windows]
[2019.06.28-18.36.48:673][  0]LogHAL: Display: Platform has ~ 32 GB [34258219008 / 34359738368 / 32], which maps to Largest [LargestMinGB=32, LargerMinGB=12, DefaultMinGB=8, SmallerMinGB=6, SmallestMinGB=0)
[2019.06.28-18.36.48:673][  0]LogInit: Setting Device Profile CVar: [[r.Vulkan.UseRealUBs:1]]
[2019.06.28-18.36.48:673][  0]LogInit: Going up to parent DeviceProfile []
[2019.06.28-18.36.48:673][  0]LogInit: Computer: B112-01
[2019.06.28-18.36.48:673][  0]LogInit: User: 100653103
[2019.06.28-18.36.48:673][  0]LogInit: CPU Page size=4096, Cores=4
[2019.06.28-18.36.48:673][  0]LogInit: High frequency timer resolution =3.604933 MHz
[2019.06.28-18.36.48:673][  0]LogMemory: Memory total: Physical=31.9GB (32GB approx)
[2019.06.28-18.36.48:673][  0]LogMemory: Platform Memory Stats for Windows
[2019.06.28-18.36.48:673][  0]LogMemory: Process Physical Memory: 100.01 MB used, 100.01 MB peak
[2019.06.28-18.36.48:673][  0]LogMemory: Process Virtual Memory: 91.08 MB used, 91.08 MB peak
[2019.06.28-18.36.48:673][  0]LogMemory: Physical Memory: 5668.80 MB used,  27002.38 MB free, 32671.18 MB total
[2019.06.28-18.36.48:673][  0]LogMemory: Virtual Memory: 510.15 MB used,  27002.38 MB free, 134217728.00 MB total
[2019.06.28-18.36.49:301][  0]LogInit: Using OS detected language (en-US).
[2019.06.28-18.36.49:301][  0]LogInit: Using OS detected locale (en-US).
[2019.06.28-18.36.49:302][  0]LogTextLocalizationManager: No specific localization for 'en-US' exists, so the 'en' localization will be used.
[2019.06.28-18.36.49:636][  0]LogStreaming: Display: Took  0.334s to InitEngineTextLocalization.
[2019.06.28-18.36.49:636][  0]LogInit: Setting process to per monitor DPI aware
[2019.06.28-18.36.49:664][  0]LogSlate: New Slate User Created.  User Index 0, Is Virtual User: 0
[2019.06.28-18.36.49:664][  0]LogSlate: Slate User Registered.  User Index 0, Is Virtual User: 0
[2019.06.28-18.36.49:873][  0]LogHMD: Failed to initialize OpenVR with code 110
[2019.06.28-18.36.49:873][  0]LogD3D11RHI: D3D11 adapters:
[2019.06.28-18.36.49:931][  0]LogD3D11RHI:    0. 'NVIDIA GeForce GTX 1080' (Feature Level 11_0)
[2019.06.28-18.36.49:931][  0]LogD3D11RHI:       8084/0/16335 MB DedicatedVideo/DedicatedSystem/SharedSystem, Outputs:2, VendorId:0x10de
[2019.06.28-18.36.49:933][  0]LogD3D11RHI:    1. 'Microsoft Basic Render Driver' (Feature Level 11_0)
[2019.06.28-18.36.49:933][  0]LogD3D11RHI:       0/0/16335 MB DedicatedVideo/DedicatedSystem/SharedSystem, Outputs:0, VendorId:0x1414
[2019.06.28-18.36.49:933][  0]LogD3D11RHI: Chosen D3D11 Adapter: 0
[2019.06.28-18.36.49:936][  0]LogD3D11RHI: Creating new Direct3DDevice
[2019.06.28-18.36.49:936][  0]LogD3D11RHI:     GPU DeviceId: 0x1b80 (for the marketing name, search the web for "GPU Device Id")
[2019.06.28-18.36.49:936][  0]LogWindows: EnumDisplayDevices:
[2019.06.28-18.36.49:936][  0]LogWindows:    0. 'NVIDIA GeForce GTX 1080' (P:1 D:1)
[2019.06.28-18.36.49:936][  0]LogWindows:    1. 'NVIDIA GeForce GTX 1080' (P:0 D:1)
[2019.06.28-18.36.49:937][  0]LogWindows:    2. 'NVIDIA GeForce GTX 1080' (P:0 D:0)
[2019.06.28-18.36.49:937][  0]LogWindows:    3. 'NVIDIA GeForce GTX 1080' (P:0 D:0)
[2019.06.28-18.36.49:937][  0]LogWindows:    4. 'Freedom Scientific Accessibility Display Driver' (P:0 D:0)
[2019.06.28-18.36.49:937][  0]LogWindows:    5. 'LANDesk Remote Control Mirror Driver' (P:0 D:0)
[2019.06.28-18.36.49:937][  0]LogWindows: DebugString: GetVideoDriverDetailsInvalid PrimaryIsNotTheChoosenAdapter GetVideoDriverDetailsInvalid PrimaryIsNotTheChoosenAdapter FoundDriverCount:4 
[2019.06.28-18.36.49:937][  0]LogD3D11RHI:     Adapter Name: NVIDIA GeForce GTX 1080
[2019.06.28-18.36.49:937][  0]LogD3D11RHI:   Driver Version: 417.71 (internal:25.21.14.1771, unified:417.71)
[2019.06.28-18.36.49:937][  0]LogD3D11RHI:      Driver Date: 1-11-2019
[2019.06.28-18.36.49:937][  0]LogRHI: Texture pool is 5659 MB (70% of 8084 MB)
[2019.06.28-18.36.49:975][  0]LogD3D11RHI: Async texture creation enabled
[2019.06.28-18.36.49:992][  0]LogD3D11RHI: GPU Timing Frequency: 1000.000000 (Debug: 2 2)
[2019.06.28-18.36.50:037][  0]LogShaderCompilers: Guid format shader working directory is 25 characters bigger than the processId version (E:/test/ue4/SummerShorts/Intermediate/Shaders/WorkingDirectory/14184/).
[2019.06.28-18.36.50:037][  0]LogShaderCompilers: Cleaned the shader compiler working directory 'C:/Users/100653103/AppData/Local/Temp/UnrealShaderWorkingDir/7236221843AB7C89567D5B8596C8158A/'.
[2019.06.28-18.36.50:923][  0]LogTemp: Display: Loaded TP AllDesktopTargetPlatform
[2019.06.28-18.36.50:935][  0]LogTemp: Display: Loaded TP MacClientTargetPlatform
[2019.06.28-18.36.50:947][  0]LogTemp: Display: Loaded TP MacNoEditorTargetPlatform
[2019.06.28-18.36.50:958][  0]LogTemp: Display: Loaded TP MacServerTargetPlatform
[2019.06.28-18.36.50:971][  0]LogTemp: Display: Loaded TP MacTargetPlatform
[2019.06.28-18.36.50:983][  0]LogTemp: Display: Loaded TP WindowsClientTargetPlatform
[2019.06.28-18.36.50:995][  0]LogTemp: Display: Loaded TP WindowsNoEditorTargetPlatform
[2019.06.28-18.36.51:007][  0]LogTemp: Display: Loaded TP WindowsServerTargetPlatform
[2019.06.28-18.36.51:012][  0]LogTemp: Display: Loaded TP WindowsTargetPlatform
[2019.06.28-18.36.51:082][  0]LogTemp: Display: Loaded TP AndroidTargetPlatform
[2019.06.28-18.36.51:082][  0]LogTemp: Display: Loaded TP AndroidTargetPlatform
[2019.06.28-18.36.51:082][  0]LogTemp: Display: Loaded TP AndroidTargetPlatform
[2019.06.28-18.36.51:082][  0]LogTemp: Display: Loaded TP AndroidTargetPlatform
[2019.06.28-18.36.51:082][  0]LogTemp: Display: Loaded TP AndroidTargetPlatform
[2019.06.28-18.36.51:082][  0]LogTemp: Display: Loaded TP AndroidTargetPlatform
[2019.06.28-18.36.51:082][  0]LogTemp: Display: Loaded TP AndroidTargetPlatform
[2019.06.28-18.36.51:082][  0]LogTemp: Display: Loaded TP AndroidTargetPlatform
[2019.06.28-18.36.51:082][  0]LogTemp: Display: Loaded TP AndroidTargetPlatform
[2019.06.28-18.36.51:082][  0]LogTemp: Display: Loaded TP AndroidTargetPlatform
[2019.06.28-18.36.51:082][  0]LogTemp: Display: Loaded TP AndroidTargetPlatform
[2019.06.28-18.36.51:082][  0]LogTemp: Display: Loaded TP AndroidTargetPlatform
[2019.06.28-18.36.51:082][  0]LogTemp: Display: Loaded TP AndroidTargetPlatform
[2019.06.28-18.36.51:082][  0]LogTemp: Display: Loaded TP AndroidTargetPlatform
[2019.06.28-18.36.51:082][  0]LogTemp: Display: Loaded TP AndroidTargetPlatform
[2019.06.28-18.36.51:082][  0]LogTemp: Display: Loaded TP AndroidTargetPlatform
[2019.06.28-18.36.51:082][  0]LogTemp: Display: Loaded TP AndroidTargetPlatform
[2019.06.28-18.36.51:082][  0]LogTemp: Display: Loaded TP AndroidTargetPlatform
[2019.06.28-18.36.51:083][  0]LogTemp: Display: Loaded TP HTML5TargetPlatform
[2019.06.28-18.36.51:142][  0]LogTemp: Display: Loaded TP IOSTargetPlatform
[2019.06.28-18.36.51:142][  0]LogTemp: Display: Loaded TP IOSTargetPlatform
[2019.06.28-18.36.51:163][  0]LogTemp: Display: Loaded TP TVOSTargetPlatform
[2019.06.28-18.36.51:163][  0]LogTemp: Display: Loaded TP TVOSTargetPlatform
[2019.06.28-18.36.51:174][  0]LogTemp: Display: Loaded TP LinuxClientTargetPlatform
[2019.06.28-18.36.51:185][  0]LogTemp: Display: Loaded TP LinuxNoEditorTargetPlatform
[2019.06.28-18.36.51:196][  0]LogTemp: Display: Loaded TP LinuxServerTargetPlatform
[2019.06.28-18.36.51:209][  0]LogTemp: Display: Loaded TP LinuxTargetPlatform
[2019.06.28-18.36.51:217][  0]LogTemp: Display: Loaded TP LuminTargetPlatform
[2019.06.28-18.36.51:217][  0]LogTargetPlatformManager: Display: Building Assets For Windows
[2019.06.28-18.36.51:264][  0]LogXGEController: Cleaning working directory: C:/Users/100653103/AppData/Local/Temp/UnrealXGEWorkingDir/
[2019.06.28-18.36.51:264][  0]LogXGEController: Cannot use XGE Controller as Incredibuild is not installed on this machine.
[2019.06.28-18.36.51:264][  0]LogShaderCompilers: Cannot use XGE Shader Compiler as Incredibuild is not installed on this machine.
[2019.06.28-18.36.51:264][  0]LogShaderCompilers: Display: Using Local Shader Compiler.
[2019.06.28-18.36.51:952][  0]LogDerivedDataCache: Display: Max Cache Size: 512 MB
[2019.06.28-18.36.52:007][  0]LogDerivedDataCache: Loaded boot cache 0.06s 72MB C:/Users/100653103/AppData/Local/UnrealEngine/4.20/DerivedDataCache/Boot.ddc.
[2019.06.28-18.36.52:007][  0]LogDerivedDataCache: Display: Loaded Boot cache: C:/Users/100653103/AppData/Local/UnrealEngine/4.20/DerivedDataCache/Boot.ddc
[2019.06.28-18.36.52:007][  0]LogDerivedDataCache: FDerivedDataBackendGraph:  Pak pak cache file E:/test/ue4/SummerShorts/DerivedDataCache/DDC.ddp not found, will not use a pak cache.
[2019.06.28-18.36.52:007][  0]LogDerivedDataCache: Unable to find inner node Pak for hierarchical cache Hierarchy.
[2019.06.28-18.36.52:008][  0]LogDerivedDataCache: FDerivedDataBackendGraph:  CompressedPak pak cache file E:/test/ue4/SummerShorts/DerivedDataCache/Compressed.ddp not found, will not use a pak cache.
[2019.06.28-18.36.52:008][  0]LogDerivedDataCache: Unable to find inner node CompressedPak for hierarchical cache Hierarchy.
[2019.06.28-18.36.52:022][  0]LogDerivedDataCache: Display: Pak cache opened for reading ../../../Engine/DerivedDataCache/Compressed.ddp.
[2019.06.28-18.36.52:034][  0]LogDerivedDataCache: Using Local data cache path C:/Users/100653103/AppData/Local/UnrealEngine/Common/DerivedDataCache: Writable
[2019.06.28-18.36.52:034][  0]LogDerivedDataCache: Shared data cache path not found in *engine.ini, will not use an Shared cache.
[2019.06.28-18.36.52:034][  0]LogDerivedDataCache: Unable to find inner node Shared for hierarchical cache Hierarchy.
[2019.06.28-18.36.52:051][  0]LogMaterial: Verifying Global Shaders for PCD3D_SM5
[2019.06.28-18.36.52:052][  0]LogSlate: Using FreeType 2.6.0
[2019.06.28-18.36.52:053][  0]LogSlate: SlateFontServices - WITH_FREETYPE: 1, WITH_HARFBUZZ: 1
[2019.06.28-18.36.52:128][  0]LogAssetRegistry: FAssetRegistry took 0.0262 seconds to start up
[2019.06.28-18.36.52:413][  0]LogInit: Selected Device Profile: [Windows]
[2019.06.28-18.36.52:525][  0]LogSimplygon: Simplygon DLL not present - disabling.
[2019.06.28-18.36.52:528][  0]LogMeshReduction: Using SimplygonSwarm for distributed automatic mesh merging
[2019.06.28-18.36.52:528][  0]LogMeshReduction: Using ProxyLODMeshReduction for automatic mesh merging
[2019.06.28-18.36.52:528][  0]LogMeshReduction: Using QuadricMeshReduction for automatic static mesh reduction
[2019.06.28-18.36.52:528][  0]LogMeshReduction: No automatic skeletal mesh reduction module available
[2019.06.28-18.36.52:545][  0]LogNetVersion: SummerShorts 1.0.0, NetCL: 4212847, EngineNetVer: 5, GameNetVer: 0 (Checksum: 178876072)
[2019.06.28-18.36.53:107][  0]LogPackageLocalizationCache: Processed 13 localized package path(s) for 2 prioritized culture(s) in 0.163311 seconds
[2019.06.28-18.36.53:113][  0]LogUObjectArray: 38425 objects as part of root set at end of initial load.
[2019.06.28-18.36.53:113][  0]LogUObjectAllocator: 6690872 out of 0 bytes used by permanent object pool.
[2019.06.28-18.36.53:113][  0]LogUObjectArray: CloseDisregardForGC: 0/0 objects in disregard for GC pool
[2019.06.28-18.36.53:898][  0]LogTcpMessaging: Initializing TcpMessaging bridge
[2019.06.28-18.36.53:911][  0]LogUdpMessaging: Initializing bridge on interface 0.0.0.0:0 to multicast group 230.0.0.1:6666.
[2019.06.28-18.36.54:041][  0]SourceControl: Source control is disabled
[2019.06.28-18.36.54:041][  0]SourceControl: Source control is disabled
[2019.06.28-18.36.54:042][  0]SourceControl: Source control is disabled
[2019.06.28-18.36.54:043][  0]SourceControl: Source control is disabled
[2019.06.28-18.36.54:198][  0]LogAndroidPermission: UAndroidPermissionCallbackProxy::GetInstance
[2019.06.28-18.36.54:230][  0]LogOcInput: OculusInput pre-init called
[2019.06.28-18.36.56:054][  0]LogEngine: Initializing Engine...
[2019.06.28-18.36.56:055][  0]LogHMD: Failed to initialize OpenVR with code 110
[2019.06.28-18.36.56:056][  0]LogStats: UGameplayTagsManager::ConstructGameplayTagTree: ImportINI prefixes -  0.000 s
[2019.06.28-18.36.56:056][  0]LogStats: UGameplayTagsManager::ConstructGameplayTagTree: Construct from data asset -  0.000 s
[2019.06.28-18.36.56:056][  0]LogStats: UGameplayTagsManager::ConstructGameplayTagTree: ImportINI -  0.000 s
[2019.06.28-18.36.56:056][  0]LogStats: UGameplayTagsManager::ConstructGameplayTagTree: GameplayTagTreeChangedEvent.Broadcast -  0.000 s
[2019.06.28-18.36.56:235][  0]LogInit: Initializing FReadOnlyCVARCache
[2019.06.28-18.36.56:246][  0]LogAIModule: Creating AISystem for world Untitled
[2019.06.28-18.36.56:257][  0]LogInit: XAudio2 using 'Speakers (Realtek High Definition Audio)' : 2 channels at 48 kHz using 32 bits per sample (channel mask 0x3)
[2019.06.28-18.36.56:295][  0]LogInit: FAudioDevice initialized.
[2019.06.28-18.36.56:295][  0]LogNetVersion: Set ProjectVersion to 1.0.0.0. Version Checksum will be recalculated on next use.
[2019.06.28-18.36.56:375][  0]LogDerivedDataCache: Saved boot cache 0.08s 72MB C:/Users/100653103/AppData/Local/UnrealEngine/4.20/DerivedDataCache/Boot.ddc.
[2019.06.28-18.36.56:380][  0]LogInit: Texture streaming: Enabled
[2019.06.28-18.36.56:396][  0]LogEngineSessionManager: EngineSessionManager initialized
[2019.06.28-18.36.56:396][  0]LogEngineSessionManager: EngineSessionManager sent abnormal shutdown report. Type=Crashed, SessionId={A61310F1-4E24-8A37-9C59-41BD05249866}
[2019.06.28-18.36.56:405][  0]LogInit: Transaction tracking system initialized
[2019.06.28-18.36.56:422][  0]BlueprintLog: New page: Editor Load
[2019.06.28-18.36.56:486][  0]LocalizationService: Localization service is disabled
[2019.06.28-18.36.56:728][  0]LogCook: Display: Max memory allowance for cook 16384mb min free memory 0mb
[2019.06.28-18.36.56:728][  0]LogCook: Display: Mobile HDR setting 1
[2019.06.28-18.36.56:728][  0]LogGameplayTags: Display: UGameplayTagsManager::DoneAddingNativeTags. DelegateIsBound: 0
[2019.06.28-18.36.56:729][  0]LogStats: UGameplayTagsManager::ConstructGameplayTagTree: ImportINI prefixes -  0.000 s
[2019.06.28-18.36.56:729][  0]LogStats: UGameplayTagsManager::ConstructGameplayTagTree: Construct from data asset -  0.000 s
[2019.06.28-18.36.56:729][  0]LogStats: UGameplayTagsManager::ConstructGameplayTagTree: ImportINI -  0.000 s
[2019.06.28-18.36.56:729][  0]LogStats: UGameplayTagsManager::ConstructGameplayTagTree: GameplayTagTreeChangedEvent.Broadcast -  0.000 s
[2019.06.28-18.36.56:825][  0]LogFileCache: Scanning file cache for directory 'E:/test/ue4/SummerShorts/Content/' took 0.02s
[2019.06.28-18.36.57:971][  0]SourceControl: Source control is disabled
[2019.06.28-18.36.57:971][  0]Cmd: MAP LOAD FILE="E:/test/ue4/SummerShorts/Content/RollingBP/Maps/RollingBPExampleMap.umap" TEMPLATE=0 SHOWPROGRESS=1 FEATURELEVEL=3
[2019.06.28-18.36.57:972][  0]LightingResults: New page: Lighting Build
[2019.06.28-18.36.57:974][  0]MapCheck: New page: Map Check
[2019.06.28-18.36.57:974][  0]LightingResults: New page: Lighting Build
[2019.06.28-18.36.58:233][  0]LogAIModule: Creating AISystem for world RollingBPExampleMap
[2019.06.28-18.36.58:253][  0]LogEditorServer: Finished looking for orphan Actors (0.000 secs)
[2019.06.28-18.36.58:277][  0]Cmd: MAP CHECKDEP NOCLEARLOG
[2019.06.28-18.36.58:338][  0]MapCheck: Map check complete: 0 Error(s), 0 Warning(s), took 61.017ms to complete.
[2019.06.28-18.36.58:338][  0]LogFileHelpers: Loading map 'RollingBPExampleMap' took 0.367
[2019.06.28-18.36.58:400][  0]LogWindowsTextInputMethodSystem: Display: IME system now deactivated.
[2019.06.28-18.36.58:465][  0]LogSlate: Updating window title bar state: overlay mode, drag disabled, window buttons hidden, title bar hidden
[2019.06.28-18.36.58:472][  0]LogSlate: Updating window title bar state: overlay mode, drag disabled, window buttons hidden, title bar hidden
[2019.06.28-18.36.58:479][  0]LogSlate: Updating window title bar state: overlay mode, drag disabled, window buttons hidden, title bar hidden
[2019.06.28-18.36.58:486][  0]LogSlate: Updating window title bar state: overlay mode, drag disabled, window buttons hidden, title bar hidden
[2019.06.28-18.36.58:491][  0]LogCollectionManager: Loaded 0 collections in 0.001159 seconds
[2019.06.28-18.36.58:531][  0]LogFileCache: Scanning file cache for directory 'E:/test/ue4/SummerShorts/Saved/Collections/' took 0.01s
[2019.06.28-18.36.58:531][  0]LogFileCache: Scanning file cache for directory 'E:/test/ue4/SummerShorts/Content/Developers/100653103/Collections/' took 0.01s
[2019.06.28-18.36.58:531][  0]LogFileCache: Scanning file cache for directory 'E:/test/ue4/SummerShorts/Content/Collections/' took 0.01s
[2019.06.28-18.36.58:531][  0]LogCollectionManager: Rebuilt the GUID cache for 0 collections in 0.000000 seconds
[2019.06.28-18.36.58:540][  0]LogContentBrowser: Native class hierarchy populated in 0.0085 seconds. Added 2621 classes and 629 folders.
[2019.06.28-18.36.58:545][  0]LogContentBrowser: Native class hierarchy updated for 'WidgetCarousel' in 0.0002 seconds. Added 0 classes and 0 folders.
[2019.06.28-18.36.58:585][  0]LogContentBrowser: Native class hierarchy updated for 'AddContentDialog' in 0.0002 seconds. Added 0 classes and 0 folders.
[2019.06.28-18.36.58:589][  0]LogContentBrowser: Native class hierarchy updated for 'SceneOutliner' in 0.0002 seconds. Added 1 classes and 2 folders.
[2019.06.28-18.36.58:602][  0]LogSlate: Took 0.000244 seconds to synchronously load lazily loaded font '../../../Engine/Content/Slate/Fonts/Roboto-Regular.ttf' (155K)
[2019.06.28-18.36.58:604][  0]LogSlate: Took 0.000171 seconds to synchronously load lazily loaded font '../../../Engine/Content/Slate/Fonts/Roboto-Bold.ttf' (160K)
[2019.06.28-18.36.58:609][  0]LogSlate: Took 0.000220 seconds to synchronously load lazily loaded font '../../../Engine/Content/Editor/Slate/Fonts/FontAwesome.ttf' (139K)
[2019.06.28-18.36.58:675][  0]LogRenderer: Reallocating scene render targets to support 1208x576 Format 10 NumSamples 1 (Frame:1).
[2019.06.28-18.36.58:779][  0]LogContentBrowser: Native class hierarchy updated for 'HierarchicalLODOutliner' in 0.0003 seconds. Added 0 classes and 0 folders.
[2019.06.28-18.36.58:779][  0]LogLoad: (Engine Initialization) Total time: 11.59 seconds
[2019.06.28-18.36.58:779][  0]LogLoad: (Engine Initialization) Total Blueprint compile time: 0.00 seconds
[2019.06.28-18.36.58:809][  0]LogContentStreaming: Texture pool size now 1000 MB
[2019.06.28-18.36.58:823][  0]LogSlate: Took 0.000197 seconds to synchronously load lazily loaded font '../../../Engine/Content/Slate/Fonts/Roboto-Light.ttf' (167K)
[2019.06.28-18.36.58:838][  1]LogAssetRegistry: Asset discovery search completed in 6.7326 seconds
[2019.06.28-18.36.58:840][  1]LogCollectionManager: Rebuilt the object cache for 0 collections in 0.000001 seconds (found 0 objects)
[2019.06.28-18.36.58:840][  1]LogCollectionManager: Fixed up redirectors for 0 collections in 0.000044 seconds (updated 0 objects)
[2019.06.28-18.37.32:585][ 47]LogSlate: FSceneViewport::OnFocusLost() reason 0
[2019.06.28-18.37.32:757][ 67]LogSlate: Took 0.000210 seconds to synchronously load lazily loaded font '../../../Engine/Content/Slate/Fonts/Roboto-Light.ttf' (167K)
[2019.06.28-18.37.32:769][ 67]LogLinker: Warning: Can't find file '/Game/SummerShorts_BuiltData'
[2019.06.28-18.37.32:769][ 67]LogLinker: Warning: Can't find file for asset '/Game/SummerShorts_BuiltData' while loading E:/test/ue4/SummerShorts/Content/SummerShorts.umap.
[2019.06.28-18.37.32:769][ 67]LoadErrors: Error: /Game/SummerShorts : Can't find file for asset. /Game/SummerShorts_BuiltData
[2019.06.28-18.37.32:770][ 67]LogLinker: Warning: Can't find file '/Game/SummerShorts_BuiltData'
[2019.06.28-18.37.32:770][ 67]LogLinker: Warning: Can't find file for asset '/Game/SummerShorts_BuiltData' while loading E:/test/ue4/SummerShorts/Content/SummerShorts.umap.
[2019.06.28-18.37.32:783][ 67]LogLinker: Warning: Can't find file '/Game/SummerShorts_BuiltData'
[2019.06.28-18.37.32:783][ 67]LoadErrors: Failed to load /Game/SummerShorts_BuiltData.SummerShorts_BuiltData Referenced by PersistentLevel
[2019.06.28-18.37.32:783][ 67]LogLinker: Warning: Can't find file for asset '/Game/SummerShorts_BuiltData' while loading NULL.
[2019.06.28-18.37.32:796][ 67]LogAIModule: Creating AISystem for world SummerShorts
[2019.06.28-18.37.32:803][ 67]LogAssetEditorManager: Opening Asset editor for World /Game/SummerShorts.SummerShorts
[2019.06.28-18.37.32:826][ 67]Cmd: MAP LOAD FILE="E:/test/ue4/SummerShorts/Content/SummerShorts.umap" TEMPLATE=0 SHOWPROGRESS=1 FEATURELEVEL=3
[2019.06.28-18.37.32:826][ 67]LightingResults: New page: Lighting Build
[2019.06.28-18.37.32:827][ 67]LoadErrors: New page: Loading map: SummerShorts.umap
[2019.06.28-18.37.32:828][ 67]MapCheck: New page: Map Check
[2019.06.28-18.37.32:828][ 67]LightingResults: New page: Lighting Build
[2019.06.28-18.37.32:861][ 67]LogEditorServer: Finished looking for orphan Actors (0.000 secs)
[2019.06.28-18.37.32:904][ 67]Cmd: MAP CHECKDEP NOCLEARLOG
[2019.06.28-18.37.32:964][ 67]MapCheck: Map check complete: 0 Error(s), 0 Warning(s), took 60.512ms to complete.
[2019.06.28-18.37.32:964][ 67]LogFileHelpers: Loading map 'SummerShorts' took 0.139
[2019.06.28-18.37.37:269][577]LogEditorViewport: Clicking on Actor (context menu): Landscape (Landscape)
[2019.06.28-18.37.37:307][577]LogSlate: FSceneViewport::OnFocusLost() reason 2
[2019.06.28-18.37.38:338][696]LogPlayLevel: PlayLevel: No blueprints needed recompiling
[2019.06.28-18.37.38:350][696]PIE: New page: PIE session: SummerShorts (Jun 28, 2019, 10:37:38 AM)
[2019.06.28-18.37.38:351][696]LogPlayLevel: Creating play world package: /Game/UEDPIE_0_SummerShorts
[2019.06.28-18.37.38:361][696]LogPlayLevel: PIE: StaticDuplicateObject took: (0.010413s)
[2019.06.28-18.37.38:362][696]LogAIModule: Creating AISystem for world SummerShorts
[2019.06.28-18.37.38:362][696]LogPlayLevel: PIE: World Init took: (0.000819s)
[2019.06.28-18.37.38:362][696]LogPlayLevel: PIE: Created PIE world by copying editor world from /Game/SummerShorts.SummerShorts to /Game/UEDPIE_0_SummerShorts.SummerShorts (0.011362s)
[2019.06.28-18.37.38:385][696]LogInit: XAudio2 using 'Speakers (Realtek High Definition Audio)' : 2 channels at 48 kHz using 32 bits per sample (channel mask 0x3)
[2019.06.28-18.37.38:398][696]LogInit: FAudioDevice initialized.
[2019.06.28-18.37.38:398][696]LogSlate: FSceneViewport::OnFocusLost() reason 2
[2019.06.28-18.37.38:441][696]LogLoad: Game class is 'RollingGameMode_C'
[2019.06.28-18.37.38:443][696]LogWorld: Bringing World /Game/UEDPIE_0_SummerShorts.SummerShorts up for play (max tick rate 0) at 2019.06.28-14.37.38
[2019.06.28-18.37.38:443][696]LogWorld: Bringing up level for play took: 0.001260
[2019.06.28-18.37.38:458][696]LogContentBrowser: Native class hierarchy updated for 'MovieSceneCapture' in 0.0003 seconds. Added 10 classes and 0 folders.
[2019.06.28-18.37.38:459][696]PIE: Play in editor start time for /Game/UEDPIE_0_SummerShorts -0.439
[2019.06.28-18.37.51:625][272]LogSlate: Updating window title bar state: overlay mode, drag disabled, window buttons hidden, title bar hidden
[2019.06.28-18.37.51:660][272]LogPlayLevel: Display: Shutting down PIE online subsystems
[2019.06.28-18.37.51:683][272]LogSlate: Updating window title bar state: overlay mode, drag disabled, window buttons hidden, title bar hidden
[2019.06.28-18.37.51:725][276]LogPlayLevel: Display: Destroying online subsystem :Context_1
[2019.06.28-18.38.07:858][209]LogSlate: FSceneViewport::OnFocusLost() reason 0
[2019.06.28-18.38.54:667][891]LogDirectoryWatcher: A directory notification failed for 'E:/test/ue4/SummerShorts/Content/Collections/' because it could not be accessed. Aborting watch request...
[2019.06.28-18.38.54:667][891]LogDirectoryWatcher: A directory notification failed for 'E:/test/ue4/SummerShorts/Content/Developers/100653103/Collections/' because it could not be accessed. Aborting watch request...
[2019.06.28-18.38.54:668][891]LogDirectoryWatcher: A directory notification failed for 'E:/test/ue4/SummerShorts/Saved/Collections/' because it could not be accessed. Aborting watch request...
[2019.06.28-19.10.14:304][613]Cmd: OBJ SAVEPACKAGE PACKAGE="/Game/SummerShortsProps/SM_RiverRocksBIG7" FILE="E:/test/ue4/SummerShorts/Content/SummerShortsProps/SM_RiverRocksBIG7.uasset" SILENT=true
[2019.06.28-19.10.14:416][613]LogSavePackage: Moving 'E:/test/ue4/SummerShorts/Saved/SM_RiverRocksBIG728C34FC24E3F7AF85F7EED8612273A86.tmp' to 'E:/test/ue4/SummerShorts/Content/SummerShortsProps/SM_RiverRocksBIG7.uasset'
[2019.06.28-19.10.14:434][613]Cmd: OBJ SAVEPACKAGE PACKAGE="/Game/SummerShortsProps/SM_tree2" FILE="E:/test/ue4/SummerShorts/Content/SummerShortsProps/SM_tree2.uasset" SILENT=true
[2019.06.28-19.10.14:468][613]LogSavePackage: Moving 'E:/test/ue4/SummerShorts/Saved/SM_tree2B851585C46F7193F1B4904BB6B4B6DA1.tmp' to 'E:/test/ue4/SummerShorts/Content/SummerShortsProps/SM_tree2.uasset'
[2019.06.28-19.10.14:486][613]Cmd: OBJ SAVEPACKAGE PACKAGE="/Game/SummerShortsProps/SM_LV_Soul_TreeCluster" FILE="E:/test/ue4/SummerShorts/Content/SummerShortsProps/SM_LV_Soul_TreeCluster.uasset" SILENT=true
[2019.06.28-19.10.14:514][613]LogSavePackage: Moving 'E:/test/ue4/SummerShorts/Saved/SM_LV_Soul_TreeCluster8BF3217A4047A4CEF2F1438C95B50615.tmp' to 'E:/test/ue4/SummerShorts/Content/SummerShortsProps/SM_LV_Soul_TreeCluster.uasset'
[2019.06.28-19.10.30:104][480]LogMaterial: Display: Missing cached shader map for material M_Rock, compiling. 
[2019.06.28-19.10.30:174][480]LogShaderCompilers: Display: Shaders left to compile 31
[2019.06.28-19.10.30:174][480]LogShaderCompilers: Display: Shaders left to compile 21
[2019.06.28-19.10.30:174][480]LogShaderCompilers: Display: Shaders left to compile 11
[2019.06.28-19.10.30:174][480]LogShaderCompilers: Display: Shaders left to compile 1
[2019.06.28-19.11.07:312][896]LogTexture: Display: Building textures: T_SmallWaves_N (BC5, 512X512)
[2019.06.28-19.11.07:312][896]LogStaticMesh: Building static mesh SM_OceanWater...
[2019.06.28-19.11.07:374][896]LogTexture: Display: Building textures: T_LargeWaves_H (G8, 1024X1024)
[2019.06.28-19.11.07:374][896]LogTexture: Display: Building textures: T_LargeWaves_N (BC5, 1024X1024)
[2019.06.28-19.11.07:374][896]LogStaticMesh: Built static mesh [0.06s] /Game/WaterPlane/Meshes/SM_OceanWater.SM_OceanWater
[2019.06.28-19.11.09:699][896]LogTexture: Display: Building textures: T_MediumWaves_N (BC5, 1024X1024)
[2019.06.28-19.11.09:699][896]LogTexture: Display: Building textures: T_MediumWaves_H (G8, 1024X1024)
[2019.06.28-19.11.09:699][896]LogTexture: Display: Building textures: T_Seafoam_01 (AutoDXT, 2048X2048)
[2019.06.28-19.11.09:699][896]LogMaterial: Display: Missing cached shader map for material M_OceanWater_1, compiling. 
[2019.06.28-19.11.09:824][896]LogShaderCompilers: Display: Shaders left to compile 93
[2019.06.28-19.11.09:824][896]LogShaderCompilers: Display: Shaders left to compile 83
[2019.06.28-19.11.09:824][896]LogShaderCompilers: Display: Shaders left to compile 73
[2019.06.28-19.11.09:824][896]LogShaderCompilers: Display: Shaders left to compile 63
[2019.06.28-19.11.09:824][896]LogMaterial: Display: Missing cached shader map for material M_OceanWater_1, compiling. 
[2019.06.28-19.11.09:878][896]LogMaterial: Display: Missing cached shader map for material M_LakeWater_01, compiling. 
[2019.06.28-19.11.10:335][896]LogSlate: FSceneViewport::OnFocusLost() reason 0
[2019.06.28-19.11.11:743][ 29]Cmd: CAMERA ALIGN ACTIVEVIEWPORTONLY
[2019.06.28-19.11.12:306][ 79]LogShaderCompilers: Display: Shaders left to compile 177
[2019.06.28-19.11.12:489][ 99]LogShaderCompilers: Display: Shaders left to compile 167
[2019.06.28-19.11.12:632][115]LogShaderCompilers: Display: Shaders left to compile 157
[2019.06.28-19.11.12:845][138]LogShaderCompilers: Display: Shaders left to compile 147
[2019.06.28-19.11.14:385][306]LogShaderCompilers: Display: Shaders left to compile 137
[2019.06.28-19.11.15:283][405]LogShaderCompilers: Display: Shaders left to compile 127
[2019.06.28-19.11.16:544][542]LogShaderCompilers: Display: Shaders left to compile 117
[2019.06.28-19.11.16:894][579]LogShaderCompilers: Display: Shaders left to compile 107
[2019.06.28-19.11.18:119][713]LogShaderCompilers: Display: Shaders left to compile 97
[2019.06.28-19.11.18:401][744]LogShaderCompilers: Display: Shaders left to compile 87
[2019.06.28-19.11.18:868][793]LogShaderCompilers: Display: Shaders left to compile 77
[2019.06.28-19.11.19:174][827]LogShaderCompilers: Display: Shaders left to compile 67
[2019.06.28-19.11.20:420][965]LogShaderCompilers: Display: Shaders left to compile 57
[2019.06.28-19.11.20:612][986]LogShaderCompilers: Display: Shaders left to compile 47
[2019.06.28-19.11.21:157][ 46]LogShaderCompilers: Display: Shaders left to compile 37
[2019.06.28-19.11.23:433][291]LogShaderCompilers: Display: Shaders left to compile 27
[2019.06.28-19.11.24:636][422]LogShaderCompilers: Display: Shaders left to compile 17
[2019.06.28-19.11.24:696][429]LogShaderCompilers: Display: Shaders left to compile 7
[2019.06.28-19.11.25:278][491]LogSlate: FSceneViewport::OnFocusLost() reason 0
[2019.06.28-19.11.57:167][251]LogSlate: FSceneViewport::OnFocusLost() reason 0
[2019.06.28-19.12.38:936][209]Cmd: OBJ SAVEPACKAGE PACKAGE="/Game/SummerShorts" FILE="E:/test/ue4/SummerShorts/Saved/Autosaves/Game/SummerShorts_Auto1.umap" SILENT=true AUTOSAVING=true KEEPDIRTY=false
[2019.06.28-19.12.39:136][209]LogSavePackage: Moving 'E:/test/ue4/SummerShorts/Saved/SummerShorts_Auto15FD03D9B4458A5B20065CCB50FF7B7F4.tmp' to 'E:/test/ue4/SummerShorts/Saved/Autosaves/Game/SummerShorts_Auto1.umap'
[2019.06.28-19.12.39:140][209]LogFileHelpers: Editor autosave (incl. sublevels) for '/Game/SummerShorts' took 0.232
[2019.06.28-19.12.39:140][209]LogFileHelpers: Editor autosave (incl. sublevels) for all levels took 0.232
[2019.06.28-19.12.39:142][209]OBJ SavePackage: Generating thumbnails for [1] asset(s) in package [/Game/SummerShortsProps/SM_Rock_2] ([1] browsable assets)...
[2019.06.28-19.12.39:161][209]OBJ SavePackage:     Rendered thumbnail for [StaticMesh /Game/SummerShortsProps/SM_Rock_2.SM_Rock_2]
[2019.06.28-19.12.39:161][209]OBJ SavePackage: Finished generating thumbnails for package [/Game/SummerShortsProps/SM_Rock_2]
[2019.06.28-19.12.39:161][209]Cmd: OBJ SAVEPACKAGE PACKAGE="/Game/SummerShortsProps/SM_Rock_2" FILE="E:/test/ue4/SummerShorts/Saved/Autosaves/Game/SummerShortsProps/SM_Rock_2_Auto1.uasset" SILENT=false AUTOSAVING=true
[2019.06.28-19.12.39:196][209]LogSavePackage: Moving 'E:/test/ue4/SummerShorts/Saved/SM_Rock_2_Auto1A8BE1F574C2D08B3F224EE93F38918C0.tmp' to 'E:/test/ue4/SummerShorts/Saved/Autosaves/Game/SummerShortsProps/SM_Rock_2_Auto1.uasset'
[2019.06.28-19.12.39:196][209]LogFileHelpers: Auto-saving content packages took 0.055
[2019.06.28-20.32.29:223][864]LogEditorViewport: Clicking on Actor (LMB): BP_OceanWater_C (BP_OceanWater)
[2019.06.28-20.32.30:021][958]Cmd: DELETE
[2019.06.28-20.32.30:021][958]Cmd: ACTOR DELETE
[2019.06.28-20.32.30:025][958]LogEditorActor: Deleted Actor: BP_OceanWater_C
[2019.06.28-20.32.30:046][958]LogEditorActor: Deleted 1 Actors (0.025 secs)
[2019.06.28-20.32.31:827][172]LogEditorViewport: Clicking on Actor (LMB): BP_LakeWater_C (BP_LakeWater2)
[2019.06.28-20.32.32:659][268]Cmd: DELETE
[2019.06.28-20.32.32:659][268]Cmd: ACTOR DELETE
[2019.06.28-20.32.32:662][268]LogEditorActor: Deleted Actor: BP_LakeWater_C
[2019.06.28-20.32.32:683][268]LogEditorActor: Deleted 1 Actors (0.024 secs)
[2019.06.28-20.32.34:606][499]LogSlate: FSceneViewport::OnFocusLost() reason 0
[2019.06.28-20.32.58:781][385]Cmd: OBJ SAVEPACKAGE PACKAGE="/Game/SummerShorts" FILE="E:/test/ue4/SummerShorts/Saved/Autosaves/Game/SummerShorts_Auto2.umap" SILENT=true AUTOSAVING=true KEEPDIRTY=false
[2019.06.28-20.32.58:973][385]LogSavePackage: Moving 'E:/test/ue4/SummerShorts/Saved/SummerShorts_Auto2434775A749F3349AC6C13BAA4714B255.tmp' to 'E:/test/ue4/SummerShorts/Saved/Autosaves/Game/SummerShorts_Auto2.umap'
[2019.06.28-20.32.58:977][385]LogFileHelpers: Editor autosave (incl. sublevels) for '/Game/SummerShorts' took 0.216
[2019.06.28-20.32.58:977][385]LogFileHelpers: Editor autosave (incl. sublevels) for all levels took 0.216
[2019.06.28-21.12.45:465][  9]LogMaterial: Display: Missing cached shader map for material M_TranslucentWater, compiling. 
[2019.06.28-21.12.45:532][  9]LogShaderCompilers: Display: Shaders left to compile 43
[2019.06.28-21.12.45:532][  9]LogShaderCompilers: Display: Shaders left to compile 33
[2019.06.28-21.12.45:532][  9]LogShaderCompilers: Display: Shaders left to compile 23
[2019.06.28-21.12.45:532][  9]LogShaderCompilers: Display: Shaders left to compile 13
[2019.06.28-21.12.48:960][359]Cmd: CAMERA ALIGN ACTIVEVIEWPORTONLY
[2019.06.28-21.12.53:320][804]LogSlate: FSceneViewport::OnFocusLost() reason 0
[2019.06.28-21.12.54:855][963]LogShaderCompilers: Display: Shaders left to compile 3
[2019.06.28-21.13.26:426][611]LogSlate: FSceneViewport::OnFocusLost() reason 0
[2019.06.28-21.13.34:465][565]LogSlate: FSceneViewport::OnFocusLost() reason 0
[2019.06.28-21.13.59:500][567]Cmd: DELETE
[2019.06.28-21.13.59:500][567]Cmd: ACTOR DELETE
[2019.06.28-21.13.59:506][567]LogEditorActor: Deleted Actor: BP_TranslucentWater_C
[2019.06.28-21.13.59:529][567]LogEditorActor: Deleted 1 Actors (0.029 secs)
[2019.06.28-21.14.02:153][882]LogSlate: FSceneViewport::OnFocusLost() reason 0
[2019.06.28-21.14.10:202][843]Cmd: DELETE
[2019.06.28-21.14.10:202][843]Cmd: ACTOR DELETE
[2019.06.28-21.14.10:207][843]LogEditorActor: Deleted Actor: BP_OceanWater_C
[2019.06.28-21.14.10:229][843]LogEditorActor: Deleted 1 Actors (0.027 secs)
[2019.06.28-21.14.11:993][ 55]LogSlate: FSceneViewport::OnFocusLost() reason 0
[2019.06.28-21.15.17:336][829]Cmd: OBJ SAVEPACKAGE PACKAGE="/Game/SummerShorts" FILE="E:/test/ue4/SummerShorts/Saved/Autosaves/Game/SummerShorts_Auto3.umap" SILENT=true AUTOSAVING=true KEEPDIRTY=false
[2019.06.28-21.15.17:504][829]LogSavePackage: Moving 'E:/test/ue4/SummerShorts/Saved/SummerShorts_Auto38DD6B77E4AC86D284AED01A7B1E9B016.tmp' to 'E:/test/ue4/SummerShorts/Saved/Autosaves/Game/SummerShorts_Auto3.umap'
[2019.06.28-21.15.17:509][829]LogFileHelpers: Editor autosave (incl. sublevels) for '/Game/SummerShorts' took 0.202
[2019.06.28-21.15.17:509][829]LogFileHelpers: Editor autosave (incl. sublevels) for all levels took 0.202
[2019.06.28-22.23.18:357][765]LogSlate: FSceneViewport::OnFocusLost() reason 0
[2019.06.28-22.34.37:150][305]Cmd: OBJ SAVEPACKAGE PACKAGE="/Game/SummerShorts" FILE="E:/test/ue4/SummerShorts/Content/SummerShorts.umap" SILENT=true AUTOSAVING=false KEEPDIRTY=false
[2019.06.28-22.34.37:914][305]LogSavePackage: Moving 'E:/test/ue4/SummerShorts/Saved/SummerShortsC0EED55D47B49F355BDA2D973D3DC85E.tmp' to 'E:/test/ue4/SummerShorts/Content/SummerShorts.umap'
[2019.06.28-22.34.37:955][305]LogFileHelpers: Saving map 'SummerShorts' took 0.881
[2019.06.28-22.34.37:963][305]Cmd: OBJ SAVEPACKAGE PACKAGE="/Game/SummerShortsProps/SM_Rock_2" FILE="E:/test/ue4/SummerShorts/Content/SummerShortsProps/SM_Rock_2.uasset" SILENT=true
[2019.06.28-22.34.37:980][305]LogSavePackage: Moving 'E:/test/ue4/SummerShorts/Saved/SM_Rock_2A0933B70448B00A807888787337BBECC.tmp' to 'E:/test/ue4/SummerShorts/Content/SummerShortsProps/SM_Rock_2.uasset'
[2019.06.28-22.34.41:432][692]LogSlate: Window 'SummerShorts - Unreal Editor' being destroyed
[2019.06.28-22.34.41:595][693]Cmd: QUIT_EDITOR
[2019.06.28-22.34.42:428][693]LogWindowsTextInputMethodSystem: Display: IME system now deactivated.
[2019.06.28-22.34.42:436][693]LogExit: Preparing to exit.
[2019.06.28-22.34.43:192][693]LogExit: Editor shut down
[2019.06.28-22.34.43:192][693]LogExit: Transaction tracking system shut down
[2019.06.28-22.34.43:600][693]LogExit: Object subsystem successfully closed.
[2019.06.28-22.34.43:615][693]LogShaderCompilers: Display: Shaders left to compile 0
[2019.06.28-22.34.43:618][693]LogD3D11RHI: Shutdown
[2019.06.28-22.34.43:618][693]LogD3D11RHI: CleanupD3DDevice
[2019.06.28-22.34.43:620][693]LogD3D11RHI: ~FD3D11DynamicRHI
[2019.06.28-22.34.43:629][693]LogModuleManager: Shutting down and abandoning module MeshBuilder (634)
[2019.06.28-22.34.43:629][693]LogModuleManager: Shutting down and abandoning module MovieSceneCapture (632)
[2019.06.28-22.34.43:629][693]LogModuleManager: Shutting down and abandoning module Voice (630)
[2019.06.28-22.34.43:629][693]LogModuleManager: Shutting down and abandoning module HierarchicalLODOutliner (628)
[2019.06.28-22.34.43:629][693]LogModuleManager: Shutting down and abandoning module SceneOutliner (626)
[2019.06.28-22.34.43:629][693]LogModuleManager: Shutting down and abandoning module AddContentDialog (624)
[2019.06.28-22.34.43:630][693]LogModuleManager: Shutting down and abandoning module WidgetCarousel (623)
[2019.06.28-22.34.43:630][693]LogModuleManager: Shutting down and abandoning module EditorWidgets (620)
[2019.06.28-22.34.43:630][693]LogModuleManager: Shutting down and abandoning module CollectionManager (618)
[2019.06.28-22.34.43:630][693]LogModuleManager: Shutting down and abandoning module StatsViewer (616)
[2019.06.28-22.34.43:630][693]LogModuleManager: Shutting down and abandoning module FoliageEdit (614)
[2019.06.28-22.34.43:630][693]LogModuleManager: Shutting down and abandoning module LandscapeEditor (612)
[2019.06.28-22.34.43:630][693]LogModuleManager: Shutting down and abandoning module MeshPaintMode (610)
[2019.06.28-22.34.43:630][693]LogModuleManager: Shutting down and abandoning module SceneDepthPickerMode (608)
[2019.06.28-22.34.43:630][693]LogModuleManager: Shutting down and abandoning module ActorPickerMode (606)
[2019.06.28-22.34.43:630][693]LogModuleManager: Shutting down and abandoning module GeometryMode (604)
[2019.06.28-22.34.43:630][693]LogModuleManager: Shutting down and abandoning module TextureAlignMode (602)
[2019.06.28-22.34.43:630][693]LogModuleManager: Shutting down and abandoning module BspMode (600)
[2019.06.28-22.34.43:630][693]LogModuleManager: Shutting down and abandoning module PIEPreviewDeviceProfileSelector (598)
[2019.06.28-22.34.43:630][693]LogModuleManager: Shutting down and abandoning module SequenceRecorderSections (596)
[2019.06.28-22.34.43:630][693]LogModuleManager: Shutting down and abandoning module AutomationWorker (594)
[2019.06.28-22.34.43:630][693]LogModuleManager: Shutting down and abandoning module DatasmithFBXImporter (592)
[2019.06.28-22.34.43:630][693]LogModuleManager: Shutting down and abandoning module DatasmithDeltaGenImporter (590)
[2019.06.28-22.34.43:630][693]LogModuleManager: Shutting down and abandoning module DatasmithVREDImporter (588)
[2019.06.28-22.34.43:630][693]LogModuleManager: Shutting down and abandoning module AudioCaptureEditor (586)
[2019.06.28-22.34.43:630][693]LogModuleManager: Shutting down and abandoning module SequenceRecorder (585)
[2019.06.28-22.34.43:630][693]LogModuleManager: Shutting down and abandoning module MatineeToLevelSequence (582)
[2019.06.28-22.34.43:630][693]LogModuleManager: Shutting down and abandoning module LevelSequenceEditor (580)
[2019.06.28-22.34.43:630][693]LogModuleManager: Shutting down and abandoning module PlacementMode (579)
[2019.06.28-22.34.43:630][693]LogModuleManager: Shutting down and abandoning module MaterialEditor (578)
[2019.06.28-22.34.43:630][693]LogModuleManager: Shutting down and abandoning module WmfMediaFactory (574)
[2019.06.28-22.34.43:630][693]LogModuleManager: Shutting down and abandoning module WmfMediaEditor (572)
[2019.06.28-22.34.43:630][693]LogModuleManager: Shutting down and abandoning module MediaPlayerEditor (570)
[2019.06.28-22.34.43:631][693]LogModuleManager: Shutting down and abandoning module OpenExrWrapper (568)
[2019.06.28-22.34.43:631][693]LogModuleManager: Shutting down and abandoning module ImgMediaFactory (566)
[2019.06.28-22.34.43:631][693]LogModuleManager: Shutting down and abandoning module ImgMediaEditor (564)
[2019.06.28-22.34.43:631][693]LogModuleManager: Shutting down and abandoning module AvfMediaFactory (562)
[2019.06.28-22.34.43:631][693]LogModuleManager: Shutting down and abandoning module AvfMediaEditor (560)
[2019.06.28-22.34.43:631][693]LogModuleManager: Shutting down and abandoning module AndroidMediaFactory (558)
[2019.06.28-22.34.43:631][693]LogModuleManager: Shutting down and abandoning module AndroidMediaEditor (556)
[2019.06.28-22.34.43:631][693]LogModuleManager: Shutting down and abandoning module MagicLeapCameraPreviewFactory (554)
[2019.06.28-22.34.43:631][693]LogModuleManager: Shutting down and abandoning module MagicLeapMediaFactory (552)
[2019.06.28-22.34.43:631][693]LogModuleManager: Shutting down and abandoning module MagicLeapMediaEditor (550)
[2019.06.28-22.34.43:631][693]LogModuleManager: Shutting down and abandoning module CharacterAI (548)
[2019.06.28-22.34.43:631][693]LogModuleManager: Shutting down and abandoning module SmartSnapping (546)
[2019.06.28-22.34.43:631][693]LogModuleManager: Shutting down and abandoning module SessionServices (544)
[2019.06.28-22.34.43:631][693]LogModuleManager: Shutting down and abandoning module ViewportSnapping (542)
[2019.06.28-22.34.43:631][693]LogModuleManager: Shutting down and abandoning module ViewportInteraction (540)
[2019.06.28-22.34.43:631][693]LogModuleManager: Shutting down and abandoning module ClothPainter (538)
[2019.06.28-22.34.43:631][693]LogModuleManager: Shutting down and abandoning module SkeletalMeshEditor (537)
[2019.06.28-22.34.43:631][693]LogModuleManager: Shutting down and abandoning module LogVisualizer (534)
[2019.06.28-22.34.43:631][693]LogModuleManager: Shutting down and abandoning module IntroTutorials (532)
[2019.06.28-22.34.43:631][693]LogModuleManager: Shutting down and abandoning module GameProjectGeneration (531)
[2019.06.28-22.34.43:631][693]LogModuleManager: Shutting down and abandoning module LuminPlatformEditor (528)
[2019.06.28-22.34.43:631][693]LogModuleManager: Shutting down and abandoning module IOSPlatformEditor (526)
[2019.06.28-22.34.43:631][693]LogModuleManager: Shutting down and abandoning module HTML5PlatformEditor (524)
[2019.06.28-22.34.43:631][693]LogModuleManager: Shutting down and abandoning module AndroidPlatformEditor (522)
[2019.06.28-22.34.43:631][693]LogModuleManager: Shutting down and abandoning module AndroidDeviceDetection (521)
[2019.06.28-22.34.44:999][693]LogModuleManager: Shutting down and abandoning module WindowsPlatformEditor (518)
[2019.06.28-22.34.45:000][693]LogModuleManager: Shutting down and abandoning module LuminRuntimeSettings (516)
[2019.06.28-22.34.45:000][693]LogModuleManager: Shutting down and abandoning module IOSRuntimeSettings (514)
[2019.06.28-22.34.45:000][693]LogModuleManager: Shutting down and abandoning module AndroidRuntimeSettings (512)
[2019.06.28-22.34.45:000][693]LogModuleManager: Shutting down and abandoning module InputBindingEditor (510)
[2019.06.28-22.34.45:000][693]LogModuleManager: Shutting down and abandoning module MergeActors (508)
[2019.06.28-22.34.45:000][693]LogModuleManager: Shutting down and abandoning module LocalizationDashboard (506)
[2019.06.28-22.34.45:000][693]LogModuleManager: Shutting down and abandoning module LocalizationService (505)
[2019.06.28-22.34.45:000][693]LogModuleManager: Shutting down and abandoning module HardwareTargeting (502)
[2019.06.28-22.34.45:000][693]LogModuleManager: Shutting down and abandoning module DeviceProfileEditor (500)
[2019.06.28-22.34.45:000][693]LogModuleManager: Shutting down and abandoning module UndoHistory (498)
[2019.06.28-22.34.45:000][693]LogModuleManager: Shutting down and abandoning module XmlParser (496)
[2019.06.28-22.34.45:000][693]LogModuleManager: Shutting down and abandoning module Blutility (494)
[2019.06.28-22.34.45:000][693]LogModuleManager: Shutting down and abandoning module ProjectSettingsViewer (492)
[2019.06.28-22.34.45:000][693]LogModuleManager: Shutting down and abandoning module ProjectTargetPlatformEditor (491)
[2019.06.28-22.34.45:000][693]LogModuleManager: Shutting down and abandoning module EditorSettingsViewer (488)
[2019.06.28-22.34.45:000][693]LogModuleManager: Shutting down and abandoning module SettingsEditor (486)
[2019.06.28-22.34.45:000][693]LogModuleManager: Shutting down and abandoning module ProjectLauncher (484)
[2019.06.28-22.34.45:000][693]LogModuleManager: Shutting down and abandoning module SessionFrontend (482)
[2019.06.28-22.34.45:000][693]LogModuleManager: Shutting down and abandoning module ProfilerClient (480)
[2019.06.28-22.34.45:000][693]LogModuleManager: Shutting down and abandoning module DeviceManager (478)
[2019.06.28-22.34.45:000][693]LogModuleManager: Shutting down and abandoning module TargetDeviceServices (477)
[2019.06.28-22.34.45:065][693]LogModuleManager: Shutting down and abandoning module AutomationController (474)
[2019.06.28-22.34.45:065][693]LogModuleManager: Shutting down and abandoning module AutomationWindow (472)
[2019.06.28-22.34.45:065][693]LogModuleManager: Shutting down and abandoning module Layers (470)
[2019.06.28-22.34.45:065][693]LogModuleManager: Shutting down and abandoning module ComponentVisualizers (468)
[2019.06.28-22.34.45:065][693]LogModuleManager: Shutting down and abandoning module DetailCustomizations (466)
[2019.06.28-22.34.45:065][693]LogModuleManager: Shutting down and abandoning module PackagesDialog (464)
[2019.06.28-22.34.45:065][693]LogModuleManager: Shutting down and abandoning module Persona (462)
[2019.06.28-22.34.45:065][693]LogModuleManager: Shutting down and abandoning module AnimGraph (461)
[2019.06.28-22.34.45:065][693]LogModuleManager: Shutting down and abandoning module Kismet (458)
[2019.06.28-22.34.45:066][693]LogModuleManager: Shutting down and abandoning module GraphEditor (456)
[2019.06.28-22.34.45:066][693]LogModuleManager: Shutting down and abandoning module ClassViewer (454)
[2019.06.28-22.34.45:066][693]LogModuleManager: Shutting down and abandoning module Toolbox (452)
[2019.06.28-22.34.45:066][693]LogModuleManager: Shutting down and abandoning module ModuleUI (450)
[2019.06.28-22.34.45:066][693]LogModuleManager: Shutting down and abandoning module MovieSceneTools (448)
[2019.06.28-22.34.45:066][693]LogModuleManager: Shutting down and abandoning module OutputLog (446)
[2019.06.28-22.34.45:066][693]LogModuleManager: Shutting down and abandoning module GammaUI (444)
[2019.06.28-22.34.45:066][693]LogModuleManager: Shutting down and abandoning module Documentation (442)
[2019.06.28-22.34.45:066][693]LogModuleManager: Shutting down and abandoning module MovieSceneTracks (440)
[2019.06.28-22.34.45:066][693]LogModuleManager: Shutting down and abandoning module MovieScene (438)
[2019.06.28-22.34.45:066][693]LogModuleManager: Shutting down and abandoning module StreamingPauseRendering (436)
[2019.06.28-22.34.45:066][693]LogModuleManager: Shutting down and abandoning module LauncherPlatform (434)
[2019.06.28-22.34.45:066][693]LogModuleManager: Shutting down and abandoning module AnalyticsET (432)
[2019.06.28-22.34.45:066][693]LogModuleManager: Shutting down and abandoning module PortalServices (430)
[2019.06.28-22.34.45:066][693]LogModuleManager: Shutting down and abandoning module PortalRpc (428)
[2019.06.28-22.34.45:066][693]LogModuleManager: Shutting down and abandoning module MessagingRpc (426)
[2019.06.28-22.34.45:066][693]LogModuleManager: Shutting down and abandoning module AIModule (424)
[2019.06.28-22.34.45:066][693]LogModuleManager: Shutting down and abandoning module GameplayDebugger (423)
[2019.06.28-22.34.45:066][693]LogModuleManager: Shutting down and abandoning module AITestSuite (421)
[2019.06.28-22.34.45:066][693]LogModuleManager: Shutting down and abandoning module NavigationSystem (419)
[2019.06.28-22.34.45:066][693]LogModuleManager: Shutting down and abandoning module DesktopPlatform (416)
[2019.06.28-22.34.45:066][693]LogModuleManager: Shutting down and abandoning module ProfilerService (414)
[2019.06.28-22.34.45:197][693]LogModuleManager: Shutting down and abandoning module TaskGraph (412)
[2019.06.28-22.34.45:197][693]LogModuleManager: Shutting down and abandoning module DatasmithCADImporter (410)
[2019.06.28-22.34.45:198][693]LogModuleManager: Shutting down and abandoning module StaticMeshEditorExtension (408)
[2019.06.28-22.34.45:198][693]LogModuleManager: Shutting down and abandoning module StaticMeshEditor (407)
[2019.06.28-22.34.45:198][693]LogModuleManager: Shutting down and abandoning module AdvancedPreviewScene (406)
[2019.06.28-22.34.45:198][693]LogModuleManager: Shutting down and abandoning module DatasmithMDLImporter (402)
[2019.06.28-22.34.45:198][693]LogModuleManager: Shutting down and abandoning module DatasmithImporter (400)
[2019.06.28-22.34.45:199][693]LogModuleManager: Shutting down and abandoning module SteamVRController (398)
[2019.06.28-22.34.45:199][693]LogModuleManager: Shutting down and abandoning module ProceduralMeshComponentEditor (396)
[2019.06.28-22.34.45:199][693]LogModuleManager: Shutting down and abandoning module ProceduralMeshComponent (394)
[2019.06.28-22.34.45:199][693]LogModuleManager: Shutting down and abandoning module OculusInput (392)
[2019.06.28-22.34.45:199][693]LogModuleManager: Shutting down and abandoning module MobilePatchingUtils (390)
[2019.06.28-22.34.45:199][693]LogModuleManager: Shutting down and abandoning module EditableMesh (388)
[2019.06.28-22.34.45:199][693]LogModuleManager: Shutting down and abandoning module CustomMeshComponent (386)
[2019.06.28-22.34.45:199][693]LogModuleManager: Shutting down and abandoning module CableComponent (384)
[2019.06.28-22.34.45:199][693]LogModuleManager: Shutting down and abandoning module AudioCapture (382)
[2019.06.28-22.34.45:199][693]LogModuleManager: Shutting down and abandoning module ArchVisCharacter (380)
[2019.06.28-22.34.45:199][693]LogModuleManager: Shutting down and abandoning module AndroidPermission (378)
[2019.06.28-22.34.45:199][693]LogModuleManager: Shutting down and abandoning module NUTUnrealEngine4 (376)
[2019.06.28-22.34.45:199][693]LogModuleManager: Shutting down and abandoning module NetcodeUnitTest (374)
[2019.06.28-22.34.45:199][693]LogModuleManager: Shutting down and abandoning module MediaCompositingEditor (372)
[2019.06.28-22.34.45:199][693]LogModuleManager: Shutting down and abandoning module MediaCompositing (370)
[2019.06.28-22.34.45:199][693]LogModuleManager: Shutting down and abandoning module LinearTimecode (368)
[2019.06.28-22.34.45:199][693]LogModuleManager: Shutting down and abandoning module ImgMedia (366)
[2019.06.28-22.34.45:202][693]LogModuleManager: Shutting down and abandoning module HTML5Networking (364)
[2019.06.28-22.34.45:202][693]LogModuleManager: Shutting down and abandoning module GeometryCacheTracks (362)
[2019.06.28-22.34.45:202][693]LogModuleManager: Shutting down and abandoning module GeometryCacheSequencer (360)
[2019.06.28-22.34.45:202][693]LogModuleManager: Shutting down and abandoning module BackChannel (358)
[2019.06.28-22.34.45:202][693]LogModuleManager: Shutting down and abandoning module AppleVision (356)
[2019.06.28-22.34.45:202][693]LogModuleManager: Shutting down and abandoning module AppleImageUtils (354)
[2019.06.28-22.34.45:202][693]LogModuleManager: Shutting down and abandoning module AlembicImporter (352)
[2019.06.28-22.34.45:202][693]LogModuleManager: Shutting down and abandoning module AlembicLibrary (351)
[2019.06.28-22.34.45:202][693]LogModuleManager: Shutting down and abandoning module GeometryCache (350)
[2019.06.28-22.34.45:202][693]LogModuleManager: Shutting down and abandoning module GeometryCacheEd (349)
[2019.06.28-22.34.45:202][693]LogModuleManager: Shutting down and abandoning module DatasmithContentEditor (344)
[2019.06.28-22.34.45:202][693]LogModuleManager: Shutting down and abandoning module DatasmithContent (342)
[2019.06.28-22.34.45:203][693]LogModuleManager: Shutting down and abandoning module SpeedTreeImporter (340)
[2019.06.28-22.34.45:203][693]LogModuleManager: Shutting down and abandoning module PluginBrowser (338)
[2019.06.28-22.34.45:203][693]LogModuleManager: Shutting down and abandoning module MobileLauncherProfileWizard (336)
[2019.06.28-22.34.45:203][693]LogModuleManager: Shutting down and abandoning module PolygonModeling (334)
[2019.06.28-22.34.45:203][693]LogModuleManager: Shutting down and abandoning module MeshEditor (332)
[2019.06.28-22.34.45:203][693]LogModuleManager: Shutting down and abandoning module EditorScriptingUtilities (330)
[2019.06.28-22.34.45:203][693]LogModuleManager: Shutting down and abandoning module CryptoKeysOpenSSL (328)
[2019.06.28-22.34.45:203][693]LogModuleManager: Shutting down and abandoning module CryptoKeys (326)
[2019.06.28-22.34.45:203][693]LogModuleManager: Shutting down and abandoning module VisualStudioSourceCodeAccess (324)
[2019.06.28-22.34.45:203][693]LogModuleManager: Shutting down and abandoning module VisualStudioCodeSourceCodeAccess (322)
[2019.06.28-22.34.45:203][693]LogModuleManager: Shutting down and abandoning module UObjectPlugin (320)
[2019.06.28-22.34.45:203][693]LogModuleManager: Shutting down and abandoning module SubversionSourceControl (318)
[2019.06.28-22.34.45:203][693]LogModuleManager: Shutting down and abandoning module PerforceSourceControl (316)
[2019.06.28-22.34.45:203][693]LogModuleManager: Shutting down and abandoning module GitSourceControl (314)
[2019.06.28-22.34.45:203][693]LogModuleManager: Shutting down and abandoning module SourceControl (313)
[2019.06.28-22.34.45:203][693]LogModuleManager: Shutting down and abandoning module CLionSourceCodeAccess (310)
[2019.06.28-22.34.45:203][693]LogModuleManager: Shutting down and abandoning module LightPropagationVolumeEditor (308)
[2019.06.28-22.34.45:203][693]LogModuleManager: Shutting down and abandoning module PaperTiledImporter (306)
[2019.06.28-22.34.45:203][693]LogModuleManager: Shutting down and abandoning module PaperSpriteSheetImporter (304)
[2019.06.28-22.34.45:203][693]LogModuleManager: Shutting down and abandoning module Paper2DEditor (302)
[2019.06.28-22.34.45:203][693]LogModuleManager: Shutting down and abandoning module MeshPaint (301)
[2019.06.28-22.34.45:203][693]LogModuleManager: Shutting down and abandoning module RuntimePhysXCooking (298)
[2019.06.28-22.34.45:203][693]LogModuleManager: Shutting down and abandoning module PhysXVehiclesEditor (296)
[2019.06.28-22.34.45:203][693]LogModuleManager: Shutting down and abandoning module PhysXVehicles (294)
[2019.06.28-22.34.45:203][693]LogModuleManager: Shutting down and abandoning module OculusEditor (292)
[2019.06.28-22.34.45:203][693]LogModuleManager: Shutting down and abandoning module LocationServicesBPLibrary (290)
[2019.06.28-22.34.45:203][693]LogModuleManager: Shutting down and abandoning module ImmediatePhysicsEditor (288)
[2019.06.28-22.34.45:203][693]LogModuleManager: Shutting down and abandoning module ImmediatePhysics (286)
[2019.06.28-22.34.45:203][693]LogModuleManager: Shutting down and abandoning module ActorSequence (284)
[2019.06.28-22.34.45:203][693]LogModuleManager: Shutting down and abandoning module UdpMessaging (282)
[2019.06.28-22.34.45:304][693]LogModuleManager: Shutting down and abandoning module TcpMessaging (280)
[2019.06.28-22.34.45:404][693]LogModuleManager: Shutting down and abandoning module MagicLeapAudio (278)
[2019.06.28-22.34.45:404][693]LogModuleManager: Shutting down and abandoning module GameplayTagsEditor (276)
[2019.06.28-22.34.45:404][693]LogModuleManager: Shutting down and abandoning module FacialAnimationEditor (274)
[2019.06.28-22.34.45:404][693]LogModuleManager: Shutting down and abandoning module FacialAnimation (272)
[2019.06.28-22.34.45:404][693]LogModuleManager: Shutting down and abandoning module DataValidation (270)
[2019.06.28-22.34.45:404][693]LogModuleManager: Shutting down and abandoning module AssetManagerEditor (268)
[2019.06.28-22.34.45:404][693]LogModuleManager: Shutting down and abandoning module LevelEditor (267)
[2019.06.28-22.34.45:405][693]LogModuleManager: Shutting down and abandoning module PixelInspectorModule (266)
[2019.06.28-22.34.45:405][693]LogModuleManager: Shutting down and abandoning module CommonMenuExtensions (264)
[2019.06.28-22.34.45:405][693]LogModuleManager: Shutting down and abandoning module MainFrame (262)
[2019.06.28-22.34.45:405][693]LogModuleManager: Shutting down and abandoning module HotReload (261)
[2019.06.28-22.34.45:406][693]LogModuleManager: Shutting down and abandoning module ContentBrowser (257)
[2019.06.28-22.34.45:407][693]LogModuleManager: Shutting down and abandoning module TreeMap (255)
[2019.06.28-22.34.45:407][693]LogModuleManager: Shutting down and abandoning module LightPropagationVolumeRuntime (252)
[2019.06.28-22.34.45:407][693]LogModuleManager: Shutting down and abandoning module AISupportModule (250)
[2019.06.28-22.34.45:407][693]LogModuleManager: Shutting down and abandoning module Paper2D (248)
[2019.06.28-22.34.45:407][693]LogModuleManager: Shutting down and abandoning module WindowsMoviePlayer (246)
[2019.06.28-22.34.45:407][693]LogModuleManager: Shutting down and abandoning module WmfMedia (244)
[2019.06.28-22.34.45:407][693]LogModuleManager: Shutting down and abandoning module Media (243)
[2019.06.28-22.34.45:414][693]LogModuleManager: Shutting down and abandoning module PacketHandler (240)
[2019.06.28-22.34.45:414][693]LogModuleManager: Shutting down and abandoning module ClothingSystemEditor (238)
[2019.06.28-22.34.45:414][693]LogModuleManager: Shutting down and abandoning module ClothingSystemRuntime (236)
[2019.06.28-22.34.45:414][693]LogModuleManager: Shutting down and abandoning module MediaAssets (234)
[2019.06.28-22.34.45:414][693]LogModuleManager: Shutting down and abandoning module Overlay (232)
[2019.06.28-22.34.45:414][693]LogModuleManager: Shutting down and abandoning module OverlayEditor (231)
[2019.06.28-22.34.45:414][693]LogModuleManager: Shutting down and abandoning module VREditor (228)
[2019.06.28-22.34.45:414][693]LogModuleManager: Shutting down and abandoning module StringTableEditor (226)
[2019.06.28-22.34.45:414][693]LogModuleManager: Shutting down and abandoning module GameplayTasksEditor (224)
[2019.06.28-22.34.45:414][693]LogModuleManager: Shutting down and abandoning module BehaviorTreeEditor (222)
[2019.06.28-22.34.45:414][693]LogModuleManager: Shutting down and abandoning module FunctionalTesting (220)
[2019.06.28-22.34.45:414][693]LogModuleManager: Shutting down and abandoning module CollisionAnalyzer (218)
[2019.06.28-22.34.45:414][693]LogModuleManager: Shutting down and abandoning module WorkspaceMenuStructure (217)
[2019.06.28-22.34.45:414][693]LogModuleManager: Shutting down and abandoning module UMG (214)
[2019.06.28-22.34.45:414][693]LogModuleManager: Shutting down and abandoning module UMGEditor (213)
[2019.06.28-22.34.45:414][693]LogModuleManager: Shutting down and abandoning module Sequencer (212)
[2019.06.28-22.34.45:414][693]LogModuleManager: Shutting down and abandoning module MessageLog (209)
[2019.06.28-22.34.45:414][693]LogModuleManager: Shutting down and abandoning module SlateReflector (204)
[2019.06.28-22.34.45:414][693]LogModuleManager: Shutting down and abandoning module Slate (202)
[2019.06.28-22.34.45:414][693]LogModuleManager: Shutting down and abandoning module EditorStyle (200)
[2019.06.28-22.34.45:416][693]LogModuleManager: Shutting down and abandoning module MRMesh (198)
[2019.06.28-22.34.45:416][693]LogModuleManager: Shutting down and abandoning module SourceCodeAccess (196)
[2019.06.28-22.34.45:416][693]LogModuleManager: Shutting down and abandoning module HeadMountedDisplay (194)
[2019.06.28-22.34.45:416][693]LogModuleManager: Shutting down and abandoning module XAudio2 (192)
[2019.06.28-22.34.45:416][693]LogModuleManager: Shutting down and abandoning module Networking (190)
[2019.06.28-22.34.45:416][693]LogModuleManager: Shutting down and abandoning module Core (188)
[2019.06.28-22.34.45:416][693]LogModuleManager: Shutting down and abandoning module LevelSequence (186)
[2019.06.28-22.34.45:416][693]LogModuleManager: Shutting down and abandoning module KismetCompiler (184)
[2019.06.28-22.34.45:416][693]LogModuleManager: Shutting down and abandoning module MeshUtilities (182)
[2019.06.28-22.34.45:416][693]LogModuleManager: Shutting down and abandoning module MeshMergeUtilities (181)
[2019.06.28-22.34.45:416][693]LogModuleManager: Shutting down and abandoning module MeshReductionInterface (180)
[2019.06.28-22.34.45:416][693]LogModuleManager: Shutting down and abandoning module SimplygonSwarm (179)
[2019.06.28-22.34.45:416][693]LogModuleManager: Shutting down and abandoning module ProxyLODMeshReduction (177)
[2019.06.28-22.34.45:416][693]LogModuleManager: Shutting down and abandoning module SimplygonMeshReduction (175)
[2019.06.28-22.34.45:416][693]LogModuleManager: Shutting down and abandoning module QuadricMeshReduction (173)
[2019.06.28-22.34.45:416][693]LogModuleManager: Shutting down and abandoning module MaterialBaking (169)
[2019.06.28-22.34.45:416][693]LogModuleManager: Shutting down and abandoning module DirectoryWatcher (165)
[2019.06.28-22.34.45:416][693]LogModuleManager: Shutting down and abandoning module DerivedDataCache (162)
[2019.06.28-22.34.45:505][693]LogDerivedDataCache: Shutdown
[2019.06.28-22.34.45:505][693]LogModuleManager: Shutting down and abandoning module XGEController (160)
[2019.06.28-22.34.45:505][693]LogXGEController: Cleaning working directory: C:/Users/100653103/AppData/Local/Temp/UnrealXGEWorkingDir/
[2019.06.28-22.34.45:505][693]LogModuleManager: Shutting down and abandoning module TargetPlatform (158)
[2019.06.28-22.34.45:505][693]LogModuleManager: Shutting down and abandoning module VulkanShaderFormat (157)
[2019.06.28-22.34.45:505][693]LogModuleManager: Shutting down and abandoning module ShaderFormatVectorVM (155)
[2019.06.28-22.34.45:505][693]LogModuleManager: Shutting down and abandoning module ShaderFormatOpenGL (153)
[2019.06.28-22.34.45:505][693]LogModuleManager: Shutting down and abandoning module ShaderFormatD3D (151)
[2019.06.28-22.34.45:505][693]LogModuleManager: Shutting down and abandoning module MetalShaderFormat (149)
[2019.06.28-22.34.45:505][693]LogModuleManager: Shutting down and abandoning module TextureFormatUncompressed (147)
[2019.06.28-22.34.45:505][693]LogModuleManager: Shutting down and abandoning module TextureFormatPVR (145)
[2019.06.28-22.34.45:505][693]LogModuleManager: Shutting down and abandoning module TextureFormatDXT (143)
[2019.06.28-22.34.45:505][693]LogModuleManager: Shutting down and abandoning module TextureFormatIntelISPCTexComp (141)
[2019.06.28-22.34.45:505][693]LogModuleManager: Shutting down and abandoning module TextureFormatASTC (139)
[2019.06.28-22.34.45:505][693]LogModuleManager: Shutting down and abandoning module ImageWrapper (138)
[2019.06.28-22.34.45:505][693]LogModuleManager: Shutting down and abandoning module TextureFormatAndroid (135)
[2019.06.28-22.34.45:505][693]LogModuleManager: Shutting down and abandoning module AudioFormatOpus (133)
[2019.06.28-22.34.45:505][693]LogModuleManager: Shutting down and abandoning module AudioFormatOgg (131)
[2019.06.28-22.34.45:505][693]LogModuleManager: Shutting down and abandoning module AudioFormatADPCM (129)
[2019.06.28-22.34.45:505][693]LogModuleManager: Shutting down and abandoning module LuminTargetPlatform (127)
[2019.06.28-22.34.45:505][693]LogModuleManager: Shutting down and abandoning module LinuxTargetPlatform (125)
[2019.06.28-22.34.45:505][693]LogModuleManager: Shutting down and abandoning module LinuxServerTargetPlatform (123)
[2019.06.28-22.34.45:505][693]LogModuleManager: Shutting down and abandoning module LinuxNoEditorTargetPlatform (121)
[2019.06.28-22.34.45:505][693]LogModuleManager: Shutting down and abandoning module LinuxClientTargetPlatform (119)
[2019.06.28-22.34.45:505][693]LogModuleManager: Shutting down and abandoning module TVOSTargetPlatform (117)
[2019.06.28-22.34.45:506][693]LogModuleManager: Shutting down and abandoning module Messaging (115)
[2019.06.28-22.34.45:506][693]LogModuleManager: Shutting down and abandoning module IOSTargetPlatform (113)
[2019.06.28-22.34.45:507][693]LogModuleManager: Shutting down and abandoning module HTML5TargetPlatform (111)
[2019.06.28-22.34.45:507][693]LogModuleManager: Shutting down and abandoning module AndroidTargetPlatform (109)
[2019.06.28-22.34.45:515][693]LogModuleManager: Shutting down and abandoning module WindowsTargetPlatform (107)
[2019.06.28-22.34.45:515][693]LogModuleManager: Shutting down and abandoning module WindowsServerTargetPlatform (105)
[2019.06.28-22.34.45:515][693]LogModuleManager: Shutting down and abandoning module WindowsNoEditorTargetPlatform (103)
[2019.06.28-22.34.45:515][693]LogModuleManager: Shutting down and abandoning module WindowsClientTargetPlatform (101)
[2019.06.28-22.34.45:515][693]LogModuleManager: Shutting down and abandoning module MacTargetPlatform (99)
[2019.06.28-22.34.45:515][693]LogModuleManager: Shutting down and abandoning module MacServerTargetPlatform (97)
[2019.06.28-22.34.45:515][693]LogModuleManager: Shutting down and abandoning module MacNoEditorTargetPlatform (95)
[2019.06.28-22.34.45:515][693]LogModuleManager: Shutting down and abandoning module MacClientTargetPlatform (93)
[2019.06.28-22.34.45:515][693]LogModuleManager: Shutting down and abandoning module AllDesktopTargetPlatform (91)
[2019.06.28-22.34.45:515][693]LogModuleManager: Shutting down and abandoning module InputCore (88)
[2019.06.28-22.34.45:515][693]LogModuleManager: Shutting down and abandoning module Settings (86)
[2019.06.28-22.34.45:515][693]LogModuleManager: Shutting down and abandoning module PhysXCooking (84)
[2019.06.28-22.34.45:515][693]LogModuleManager: Shutting down and abandoning module SteamVR (82)
[2019.06.28-22.34.45:515][693]LogModuleManager: Shutting down and abandoning module OculusHMD (80)
[2019.06.28-22.34.45:515][693]LogModuleManager: Shutting down and abandoning module ExampleDeviceProfileSelector (78)
[2019.06.28-22.34.45:515][693]LogModuleManager: Shutting down and abandoning module LauncherChunkInstaller (76)
[2019.06.28-22.34.45:515][693]LogModuleManager: Shutting down and abandoning module OnlineBlueprintSupport (74)
[2019.06.28-22.34.45:515][693]LogModuleManager: Shutting down and abandoning module OnlineSubsystem (70)
[2019.06.28-22.34.45:516][693]LogModuleManager: Shutting down and abandoning module XMPP (65)
[2019.06.28-22.34.45:516][693]LogModuleManager: Shutting down and abandoning module WebSockets (64)
[2019.06.28-22.34.45:552][693]LogModuleManager: Shutting down and abandoning module HTTP (61)
[2019.06.28-22.34.45:552][693]LogHttp: Display: Http module shutting down, but needs to wait on 1 outstanding Http requests:
[2019.06.28-22.34.45:552][693]LogHttp: Display: 	verb=[POST] url=[https://datarouter.ol.epicgames.com/datarouter/api/v1/public/data?SessionID=%7BF4773A6E-46F0-1AAB-16C8-B191FD9B0149%7D&AppID=UEEditor.Rocket.Release&AppVersion=4.20.2-4302132%2B%2B%2BUE4%2BRelease-4.20&UserID=e8569f9741883550258708877298ee17%7C4129bf30eb08410b8d039ebf646d993b%7C926231bf-1e45-44c2-bef1-60e952991e30&AppEnvironment=datacollector-binary&UploadType=eteventstream] status=Processing
[2019.06.28-22.34.45:572][693]LogModuleManager: Shutting down and abandoning module SSL (60)
[2019.06.28-22.34.45:574][693]LogModuleManager: Shutting down and abandoning module MagicLeapEmulator (56)
[2019.06.28-22.34.45:574][693]LogModuleManager: Shutting down and abandoning module MagicLeapPrivileges (54)
[2019.06.28-22.34.45:574][693]LogModuleManager: Shutting down and abandoning module MagicLeapIdentity (52)
[2019.06.28-22.34.45:574][693]LogModuleManager: Shutting down and abandoning module MagicLeapHelperVulkan (50)
[2019.06.28-22.34.45:574][693]LogModuleManager: Shutting down and abandoning module MagicLeapHelperOpenGL (48)
[2019.06.28-22.34.45:574][693]LogModuleManager: Shutting down and abandoning module MagicLeapSecureStorage (46)
[2019.06.28-22.34.45:574][693]LogModuleManager: Shutting down and abandoning module MagicLeapGestures (44)
[2019.06.28-22.34.45:574][693]LogModuleManager: Shutting down and abandoning module MagicLeapEyeTracker (42)
[2019.06.28-22.34.45:574][693]LogModuleManager: Shutting down and abandoning module MagicLeapController (40)
[2019.06.28-22.34.45:574][693]LogSlate: Slate User Destroyed.  User Index 0, Is Virtual User: 0
[2019.06.28-22.34.45:574][693]LogModuleManager: Shutting down and abandoning module MagicLeap (38)
[2019.06.28-22.34.45:574][693]LogModuleManager: Shutting down and abandoning module AnimationModifiers (36)
[2019.06.28-22.34.45:574][693]LogModuleManager: Shutting down and abandoning module PropertyEditor (35)
[2019.06.28-22.34.45:574][693]LogModuleManager: Shutting down and abandoning module AudioEditor (32)
[2019.06.28-22.34.45:574][693]LogModuleManager: Shutting down and abandoning module TextureCompressor (30)
[2019.06.28-22.34.45:574][693]LogModuleManager: Shutting down and abandoning module ShaderCore (28)
[2019.06.28-22.34.45:574][693]LogModuleManager: Shutting down and abandoning module Landscape (26)
[2019.06.28-22.34.45:574][693]LogModuleManager: Shutting down and abandoning module SlateRHIRenderer (24)
[2019.06.28-22.34.45:575][693]LogModuleManager: Shutting down and abandoning module OpenGLDrv (22)
[2019.06.28-22.34.45:575][693]LogModuleManager: Shutting down and abandoning module D3D11RHI (20)
[2019.06.28-22.34.45:575][693]LogModuleManager: Shutting down and abandoning module AnimGraphRuntime (18)
[2019.06.28-22.34.45:575][693]LogModuleManager: Shutting down and abandoning module Renderer (16)
[2019.06.28-22.34.45:575][693]LogModuleManager: Shutting down and abandoning module Engine (14)
[2019.06.28-22.34.45:575][693]LogModuleManager: Shutting down and abandoning module CoreUObject (12)
[2019.06.28-22.34.45:575][693]LogModuleManager: Shutting down and abandoning module NetworkFile (10)
[2019.06.28-22.34.45:575][693]LogModuleManager: Shutting down and abandoning module CookedIterativeFile (8)
[2019.06.28-22.34.45:575][693]LogModuleManager: Shutting down and abandoning module StreamingFile (6)
[2019.06.28-22.34.45:575][693]LogModuleManager: Shutting down and abandoning module SandboxFile (4)
[2019.06.28-22.34.45:575][693]LogModuleManager: Shutting down and abandoning module PakFile (2)
[2019.06.28-22.34.45:581][693]LogExit: Exiting.
[2019.06.28-22.34.45:597][693]Log file closed, 06/28/19 18:34:45
