Log file open, 07/02/19 09:51:08
LogWindows: Failed to load 'aqProf.dll' (GetLastError=126)
LogWindows: File 'aqProf.dll' does not exist
LogWindows: Failed to load 'VSPerf140.dll' (GetLastError=126)
LogWindows: File 'VSPerf140.dll' does not exist
LogWindows: Failed to load 'VtuneApi.dll' (GetLastError=126)
LogWindows: File 'VtuneApi.dll' does not exist
LogWindows: Failed to load 'VtuneApi32e.dll' (GetLastError=126)
LogWindows: File 'VtuneApi32e.dll' does not exist
LogInit: Display: Running engine for game: SummerShorts
LogPlatformFile: Not using cached read wrapper
LogTaskGraph: Started task graph with 5 named threads and 23 total threads with 3 sets of task threads.
LogStats: Stats thread started at 0.870387
LogD3D11RHI: Loaded GFSDK_Aftermath_Lib.x64.dll
LogICUInternationalization: Display: ICU TimeZone Detection - Raw Offset: -5:00, Platform Override: ''
LogPluginManager: Mounting plugin Paper2D
LogPluginManager: Mounting plugin AISupport
LogPluginManager: Mounting plugin LightPropagationVolume
LogPluginManager: Mounting plugin CLionSourceCodeAccess
LogPluginManager: Mounting plugin CodeLiteSourceCodeAccess
LogPluginManager: Mounting plugin GitSourceControl
LogPluginManager: Mounting plugin KDevelopSourceCodeAccess
LogPluginManager: Mounting plugin NullSourceCodeAccess
LogPluginManager: Mounting plugin PerforceSourceControl
LogPluginManager: Mounting plugin SubversionSourceControl
LogPluginManager: Mounting plugin UObjectPlugin
LogPluginManager: Mounting plugin VisualStudioCodeSourceCodeAccess
LogPluginManager: Mounting plugin VisualStudioSourceCodeAccess
LogPluginManager: Mounting plugin XCodeSourceCodeAccess
LogPluginManager: Mounting plugin AssetManagerEditor
LogPluginManager: Mounting plugin CryptoKeys
LogPluginManager: Mounting plugin DataValidation
LogPluginManager: Mounting plugin EditorScriptingUtilities
LogPluginManager: Mounting plugin FacialAnimation
LogPluginManager: Mounting plugin GameplayTagsEditor
LogPluginManager: Mounting plugin MacGraphicsSwitching
LogPluginManager: Mounting plugin MeshEditor
LogPluginManager: Mounting plugin MobileLauncherProfileWizard
LogPluginManager: Mounting plugin PluginBrowser
LogPluginManager: Mounting plugin SpeedTreeImporter
LogPluginManager: Mounting plugin DatasmithContent
LogPluginManager: Mounting plugin AlembicImporter
LogPluginManager: Mounting plugin AppleImageUtils
LogPluginManager: Mounting plugin AppleVision
LogPluginManager: Mounting plugin BackChannel
LogPluginManager: Mounting plugin CharacterAI
LogPluginManager: Mounting plugin GeometryCache
LogPluginManager: Mounting plugin HTML5Networking
LogPluginManager: Mounting plugin ProxyLODPlugin
LogPluginManager: Mounting plugin MagicLeap
LogPluginManager: Mounting plugin MagicLeapEmulator
LogPluginManager: Mounting plugin MagicLeapMedia
LogPluginManager: Mounting plugin AndroidMedia
LogPluginManager: Mounting plugin AvfMedia
LogPluginManager: Mounting plugin ImgMedia
LogPluginManager: Mounting plugin LinearTimecode
LogPluginManager: Mounting plugin MediaCompositing
LogPluginManager: Mounting plugin MediaPlayerEditor
LogPluginManager: Mounting plugin WmfMedia
LogPluginManager: Mounting plugin TcpMessaging
LogPluginManager: Mounting plugin UdpMessaging
LogPluginManager: Mounting plugin ActorSequence
LogPluginManager: Mounting plugin LevelSequenceEditor
LogPluginManager: Mounting plugin MatineeToLevelSequence
LogPluginManager: Mounting plugin NetcodeUnitTest
LogPluginManager: Mounting plugin NUTUnrealEngine4
LogPluginManager: Mounting plugin OnlineSubsystemGooglePlay
LogPluginManager: Mounting plugin OnlineSubsystemIOS
LogPluginManager: Mounting plugin OnlineSubsystem
LogPluginManager: Mounting plugin OnlineSubsystemNull
LogPluginManager: Mounting plugin OnlineSubsystemUtils
LogPluginManager: Mounting plugin LauncherChunkInstaller
LogPluginManager: Mounting plugin AndroidDeviceProfileSelector
LogPluginManager: Mounting plugin AndroidMoviePlayer
LogPluginManager: Mounting plugin AndroidPermission
LogPluginManager: Mounting plugin AppleMoviePlayer
LogPluginManager: Mounting plugin ArchVisCharacter
LogPluginManager: Mounting plugin AudioCapture
LogPluginManager: Mounting plugin CableComponent
LogPluginManager: Mounting plugin CustomMeshComponent
LogPluginManager: Mounting plugin EditableMesh
LogPluginManager: Mounting plugin ExampleDeviceProfileSelector
LogPluginManager: Mounting plugin GoogleCloudMessaging
LogPluginManager: Mounting plugin ImmediatePhysics
LogPluginManager: Mounting plugin IOSDeviceProfileSelector
LogPluginManager: Mounting plugin LinuxDeviceProfileSelector
LogPluginManager: Mounting plugin LocationServicesBPLibrary
LogPluginManager: Mounting plugin MobilePatchingUtils
LogPluginManager: Mounting plugin OculusVR
LogPluginManager: Plugin shader directory ../../../Engine/Plugins/Runtime/Oculus/OculusVR/Shaders found
LogPluginManager: Mapping shader source directory ../../../Engine/Plugins/Runtime/Oculus/OculusVR/Shaders to virtual directory /Plugin/OculusVR
LogPluginManager: Mounting plugin PhysXVehicles
LogPluginManager: Mounting plugin ProceduralMeshComponent
LogPluginManager: Mounting plugin RuntimePhysXCooking
LogPluginManager: Mounting plugin SteamVR
LogPluginManager: Mounting plugin WindowsMoviePlayer
LogPluginManager: Mounting plugin DatasmithCADImporter
LogPluginManager: Mounting plugin DatasmithFBXImporter
LogPluginManager: Mounting plugin DatasmithImporter
LogPluginManager: Mounting plugin DatasmithMDLImporter
LogPluginManager: Mounting plugin StaticMeshEditorExtension
LogStreaming: Display: Took  0.366s to configure plugins.
LogInit: Using libcurl 7.55.1-DEV
LogInit:  - built for x86_64-pc-win32
LogInit:  - supports SSL with OpenSSL/1.0.2h
LogInit:  - supports HTTP deflate (compression) using libz 1.2.8
LogInit:  - other features:
LogInit:      CURL_VERSION_SSL
LogInit:      CURL_VERSION_LIBZ
LogInit:      CURL_VERSION_IPV6
LogInit:      CURL_VERSION_ASYNCHDNS
LogInit:      CURL_VERSION_LARGEFILE
LogInit:      CURL_VERSION_IDN
LogInit:  CurlRequestOptions (configurable via config and command line):
LogInit:  - bVerifyPeer = false  - Libcurl will NOT verify peer certificate
LogInit:  - bUseHttpProxy = false  - Libcurl will NOT use HTTP proxy
LogInit:  - bDontReuseConnections = false  - Libcurl will reuse connections
LogInit:  - CertBundlePath = nullptr  - Libcurl will use whatever was configured at build time.
LogInit:  - MaxHostConnections = 16  - Libcurl will limit the number of connections to a host
LogInit:  - LocalHostAddr = Default
LogInit:  - BufferSize = 65536
LogInit: WinSock: version 1.1 (2.2), MaxSocks=32767, MaxUdp=65467
LogInit: Build: ++UE4+Release-4.20-CL-4302132
LogInit: Engine Version: 4.20.2-4302132+++UE4+Release-4.20
LogInit: Compatible Engine Version: 4.20.0-4212847+++UE4+Release-4.20
LogInit: Net CL: 4212847
LogInit: OS: Windows 10 (), CPU: Intel(R) Xeon(R) CPU E5-1630 v3 @ 3.70GHz, GPU: NVIDIA GeForce GTX 1080
LogInit: Compiled (64-bit): Aug 21 2018 02:06:06
LogInit: Compiled with Visual C++: 19.13.26129.00
LogInit: Build Configuration: Development
LogInit: Branch Name: ++UE4+Release-4.20
LogInit: Command Line:  
LogInit: Base Directory: C:/Program Files/Epic Games/UE_4.20/Engine/Binaries/Win64/
LogInit: Installed Engine Build: 1
LogDevObjectVersion: Number of dev versions registered: 20
LogDevObjectVersion:   Dev-Blueprints (B0D832E4-1F89-4F0D-ACCF-7EB736FD4AA2): 10
LogDevObjectVersion:   Dev-Build (E1C64328-A22C-4D53-A36C-8E866417BD8C): 0
LogDevObjectVersion:   Dev-Core (375EC13C-06E4-48FB-B500-84F0262A717E): 2
LogDevObjectVersion:   Dev-Editor (E4B068ED-F494-42E9-A231-DA0B2E46BB41): 24
LogDevObjectVersion:   Dev-Framework (CFFC743F-43B0-4480-9391-14DF171D2073): 34
LogDevObjectVersion:   Dev-Mobile (B02B49B5-BB20-44E9-A304-32B752E40360): 2
LogDevObjectVersion:   Dev-Networking (A4E4105C-59A1-49B5-A7C5-40C4547EDFEE): 0
LogDevObjectVersion:   Dev-Online (39C831C9-5AE6-47DC-9A44-9C173E1C8E7C): 0
LogDevObjectVersion:   Dev-Physics (78F01B33-EBEA-4F98-B9B4-84EACCB95AA2): 0
LogDevObjectVersion:   Dev-Platform (6631380F-2D4D-43E0-8009-CF276956A95A): 0
LogDevObjectVersion:   Dev-Rendering (12F88B9F-8875-4AFC-A67C-D90C383ABD29): 26
LogDevObjectVersion:   Dev-Sequencer (7B5AE74C-D270-4C10-A958-57980B212A5A): 9
LogDevObjectVersion:   Dev-VR (D7296918-1DD6-4BDD-9DE2-64A83CC13884): 2
LogDevObjectVersion:   Dev-LoadTimes (C2A15278-BFE7-4AFE-6C17-90FF531DF755): 1
LogDevObjectVersion:   Private-Geometry (6EACA3D4-40EC-4CC1-B786-8BED09428FC5): 3
LogDevObjectVersion:   Dev-AnimPhys (29E575DD-E0A3-4627-9D10-D276232CDCEA): 17
LogDevObjectVersion:   Dev-ReflectionCapture (6B266CEC-1EC7-4B8F-A30B-E4D90942FC07): 1
LogDevObjectVersion:   Dev-Automation (0DF73D61-A23F-47EA-B727-89E90C41499A): 1
LogDevObjectVersion:   FortniteMain (601D1886-AC64-4F84-AA16-D3DE0DEAC7D6): 12
LogDevObjectVersion:   Dev-Enterprise (9DFFBCD6-494F-0158-E221-12823C92A888): 1
LogStreaming: Display: Took  0.108s to delete old logs.
LogInit: Presizing for max 8388607 objects, including 0 objects not considered by GC, pre-allocating 0 bytes for permanent pool.
LogInit: Object subsystem initialized
[2019.07.02-13.51.09:473][  0]LogInit: Selected Device Profile: [Windows]
[2019.07.02-13.51.09:474][  0]LogInit: Applying CVar settings loaded from the selected device profile: [Windows]
[2019.07.02-13.51.09:490][  0]LogHAL: Display: Platform has ~ 32 GB [34258219008 / 34359738368 / 32], which maps to Largest [LargestMinGB=32, LargerMinGB=12, DefaultMinGB=8, SmallerMinGB=6, SmallestMinGB=0)
[2019.07.02-13.51.09:490][  0]LogInit: Setting Device Profile CVar: [[r.Vulkan.UseRealUBs:1]]
[2019.07.02-13.51.09:491][  0]LogInit: Going up to parent DeviceProfile []
[2019.07.02-13.51.09:495][  0]LogInit: Computer: B112-01
[2019.07.02-13.51.09:495][  0]LogInit: User: 100653103
[2019.07.02-13.51.09:495][  0]LogInit: CPU Page size=4096, Cores=4
[2019.07.02-13.51.09:495][  0]LogInit: High frequency timer resolution =3.604929 MHz
[2019.07.02-13.51.09:495][  0]LogMemory: Memory total: Physical=31.9GB (32GB approx)
[2019.07.02-13.51.09:495][  0]LogMemory: Platform Memory Stats for Windows
[2019.07.02-13.51.09:495][  0]LogMemory: Process Physical Memory: 100.14 MB used, 100.14 MB peak
[2019.07.02-13.51.09:495][  0]LogMemory: Process Virtual Memory: 91.07 MB used, 91.07 MB peak
[2019.07.02-13.51.09:495][  0]LogMemory: Physical Memory: 3091.51 MB used,  29579.68 MB free, 32671.18 MB total
[2019.07.02-13.51.09:496][  0]LogMemory: Virtual Memory: 510.15 MB used,  29579.68 MB free, 134217728.00 MB total
[2019.07.02-13.51.10:289][  0]LogInit: Using OS detected language (en-US).
[2019.07.02-13.51.10:289][  0]LogInit: Using OS detected locale (en-US).
[2019.07.02-13.51.10:292][  0]LogTextLocalizationManager: No specific localization for 'en-US' exists, so the 'en' localization will be used.
[2019.07.02-13.51.10:701][  0]LogStreaming: Display: Took  0.413s to InitEngineTextLocalization.
[2019.07.02-13.51.10:703][  0]LogInit: Setting process to per monitor DPI aware
[2019.07.02-13.51.10:775][  0]LogSlate: New Slate User Created.  User Index 0, Is Virtual User: 0
[2019.07.02-13.51.10:775][  0]LogSlate: Slate User Registered.  User Index 0, Is Virtual User: 0
[2019.07.02-13.51.12:229][  0]LogHMD: Failed to initialize OpenVR with code 110
[2019.07.02-13.51.12:230][  0]LogD3D11RHI: D3D11 adapters:
[2019.07.02-13.51.12:289][  0]LogD3D11RHI:    0. 'NVIDIA GeForce GTX 1080' (Feature Level 11_0)
[2019.07.02-13.51.12:289][  0]LogD3D11RHI:       8084/0/16335 MB DedicatedVideo/DedicatedSystem/SharedSystem, Outputs:2, VendorId:0x10de
[2019.07.02-13.51.12:297][  0]LogD3D11RHI:    1. 'Microsoft Basic Render Driver' (Feature Level 11_0)
[2019.07.02-13.51.12:297][  0]LogD3D11RHI:       0/0/16335 MB DedicatedVideo/DedicatedSystem/SharedSystem, Outputs:0, VendorId:0x1414
[2019.07.02-13.51.12:297][  0]LogD3D11RHI: Chosen D3D11 Adapter: 0
[2019.07.02-13.51.12:302][  0]LogD3D11RHI: Creating new Direct3DDevice
[2019.07.02-13.51.12:302][  0]LogD3D11RHI:     GPU DeviceId: 0x1b80 (for the marketing name, search the web for "GPU Device Id")
[2019.07.02-13.51.12:302][  0]LogWindows: EnumDisplayDevices:
[2019.07.02-13.51.12:303][  0]LogWindows:    0. 'NVIDIA GeForce GTX 1080' (P:1 D:1)
[2019.07.02-13.51.12:303][  0]LogWindows:    1. 'NVIDIA GeForce GTX 1080' (P:0 D:1)
[2019.07.02-13.51.12:303][  0]LogWindows:    2. 'NVIDIA GeForce GTX 1080' (P:0 D:0)
[2019.07.02-13.51.12:303][  0]LogWindows:    3. 'NVIDIA GeForce GTX 1080' (P:0 D:0)
[2019.07.02-13.51.12:303][  0]LogWindows:    4. 'Freedom Scientific Accessibility Display Driver' (P:0 D:0)
[2019.07.02-13.51.12:303][  0]LogWindows:    5. 'LANDesk Remote Control Mirror Driver' (P:0 D:0)
[2019.07.02-13.51.12:303][  0]LogWindows: DebugString: GetVideoDriverDetailsInvalid PrimaryIsNotTheChoosenAdapter GetVideoDriverDetailsInvalid PrimaryIsNotTheChoosenAdapter FoundDriverCount:4 
[2019.07.02-13.51.12:303][  0]LogD3D11RHI:     Adapter Name: NVIDIA GeForce GTX 1080
[2019.07.02-13.51.12:304][  0]LogD3D11RHI:   Driver Version: 417.71 (internal:25.21.14.1771, unified:417.71)
[2019.07.02-13.51.12:304][  0]LogD3D11RHI:      Driver Date: 1-11-2019
[2019.07.02-13.51.12:304][  0]LogRHI: Texture pool is 5659 MB (70% of 8084 MB)
[2019.07.02-13.51.12:346][  0]LogD3D11RHI: Async texture creation enabled
[2019.07.02-13.51.12:378][  0]LogD3D11RHI: GPU Timing Frequency: 1000.000000 (Debug: 2 2)
[2019.07.02-13.51.12:425][  0]LogShaderCompilers: Guid format shader working directory is 20 characters bigger than the processId version (E:/test/ue4/SummerShortsWeek3/Intermediate/Shaders/WorkingDirectory/10848/).
[2019.07.02-13.51.12:426][  0]LogShaderCompilers: Cleaned the shader compiler working directory 'C:/Users/100653103/AppData/Local/Temp/UnrealShaderWorkingDir/89FD9316408AAA04EFB1758F70923FDD/'.
[2019.07.02-13.51.13:379][  0]LogTemp: Display: Loaded TP AllDesktopTargetPlatform
[2019.07.02-13.51.13:392][  0]LogTemp: Display: Loaded TP MacClientTargetPlatform
[2019.07.02-13.51.13:405][  0]LogTemp: Display: Loaded TP MacNoEditorTargetPlatform
[2019.07.02-13.51.13:418][  0]LogTemp: Display: Loaded TP MacServerTargetPlatform
[2019.07.02-13.51.13:435][  0]LogTemp: Display: Loaded TP MacTargetPlatform
[2019.07.02-13.51.13:449][  0]LogTemp: Display: Loaded TP WindowsClientTargetPlatform
[2019.07.02-13.51.13:463][  0]LogTemp: Display: Loaded TP WindowsNoEditorTargetPlatform
[2019.07.02-13.51.13:476][  0]LogTemp: Display: Loaded TP WindowsServerTargetPlatform
[2019.07.02-13.51.13:483][  0]LogTemp: Display: Loaded TP WindowsTargetPlatform
[2019.07.02-13.51.13:561][  0]LogTemp: Display: Loaded TP AndroidTargetPlatform
[2019.07.02-13.51.13:561][  0]LogTemp: Display: Loaded TP AndroidTargetPlatform
[2019.07.02-13.51.13:561][  0]LogTemp: Display: Loaded TP AndroidTargetPlatform
[2019.07.02-13.51.13:561][  0]LogTemp: Display: Loaded TP AndroidTargetPlatform
[2019.07.02-13.51.13:561][  0]LogTemp: Display: Loaded TP AndroidTargetPlatform
[2019.07.02-13.51.13:561][  0]LogTemp: Display: Loaded TP AndroidTargetPlatform
[2019.07.02-13.51.13:561][  0]LogTemp: Display: Loaded TP AndroidTargetPlatform
[2019.07.02-13.51.13:561][  0]LogTemp: Display: Loaded TP AndroidTargetPlatform
[2019.07.02-13.51.13:561][  0]LogTemp: Display: Loaded TP AndroidTargetPlatform
[2019.07.02-13.51.13:561][  0]LogTemp: Display: Loaded TP AndroidTargetPlatform
[2019.07.02-13.51.13:561][  0]LogTemp: Display: Loaded TP AndroidTargetPlatform
[2019.07.02-13.51.13:561][  0]LogTemp: Display: Loaded TP AndroidTargetPlatform
[2019.07.02-13.51.13:561][  0]LogTemp: Display: Loaded TP AndroidTargetPlatform
[2019.07.02-13.51.13:561][  0]LogTemp: Display: Loaded TP AndroidTargetPlatform
[2019.07.02-13.51.13:561][  0]LogTemp: Display: Loaded TP AndroidTargetPlatform
[2019.07.02-13.51.13:561][  0]LogTemp: Display: Loaded TP AndroidTargetPlatform
[2019.07.02-13.51.13:561][  0]LogTemp: Display: Loaded TP AndroidTargetPlatform
[2019.07.02-13.51.13:561][  0]LogTemp: Display: Loaded TP AndroidTargetPlatform
[2019.07.02-13.51.13:564][  0]LogTemp: Display: Loaded TP HTML5TargetPlatform
[2019.07.02-13.51.13:634][  0]LogTemp: Display: Loaded TP IOSTargetPlatform
[2019.07.02-13.51.13:634][  0]LogTemp: Display: Loaded TP IOSTargetPlatform
[2019.07.02-13.51.13:656][  0]LogTemp: Display: Loaded TP TVOSTargetPlatform
[2019.07.02-13.51.13:656][  0]LogTemp: Display: Loaded TP TVOSTargetPlatform
[2019.07.02-13.51.13:669][  0]LogTemp: Display: Loaded TP LinuxClientTargetPlatform
[2019.07.02-13.51.13:682][  0]LogTemp: Display: Loaded TP LinuxNoEditorTargetPlatform
[2019.07.02-13.51.13:695][  0]LogTemp: Display: Loaded TP LinuxServerTargetPlatform
[2019.07.02-13.51.13:714][  0]LogTemp: Display: Loaded TP LinuxTargetPlatform
[2019.07.02-13.51.13:723][  0]LogTemp: Display: Loaded TP LuminTargetPlatform
[2019.07.02-13.51.13:723][  0]LogTargetPlatformManager: Display: Building Assets For Windows
[2019.07.02-13.51.13:852][  0]LogXGEController: Cleaning working directory: C:/Users/100653103/AppData/Local/Temp/UnrealXGEWorkingDir/
[2019.07.02-13.51.13:852][  0]LogXGEController: Cannot use XGE Controller as Incredibuild is not installed on this machine.
[2019.07.02-13.51.13:852][  0]LogShaderCompilers: Cannot use XGE Shader Compiler as Incredibuild is not installed on this machine.
[2019.07.02-13.51.13:852][  0]LogShaderCompilers: Display: Using Local Shader Compiler.
[2019.07.02-13.51.15:520][  0]LogDerivedDataCache: Display: Max Cache Size: 512 MB
[2019.07.02-13.51.15:837][  0]LogDerivedDataCache: Loaded boot cache 0.32s 72MB C:/Users/100653103/AppData/Local/UnrealEngine/4.20/DerivedDataCache/Boot.ddc.
[2019.07.02-13.51.15:837][  0]LogDerivedDataCache: Display: Loaded Boot cache: C:/Users/100653103/AppData/Local/UnrealEngine/4.20/DerivedDataCache/Boot.ddc
[2019.07.02-13.51.15:837][  0]LogDerivedDataCache: FDerivedDataBackendGraph:  Pak pak cache file E:/test/ue4/SummerShortsWeek3/DerivedDataCache/DDC.ddp not found, will not use a pak cache.
[2019.07.02-13.51.15:837][  0]LogDerivedDataCache: Unable to find inner node Pak for hierarchical cache Hierarchy.
[2019.07.02-13.51.15:837][  0]LogDerivedDataCache: FDerivedDataBackendGraph:  CompressedPak pak cache file E:/test/ue4/SummerShortsWeek3/DerivedDataCache/Compressed.ddp not found, will not use a pak cache.
[2019.07.02-13.51.15:837][  0]LogDerivedDataCache: Unable to find inner node CompressedPak for hierarchical cache Hierarchy.
[2019.07.02-13.51.15:865][  0]LogDerivedDataCache: Display: Pak cache opened for reading ../../../Engine/DerivedDataCache/Compressed.ddp.
[2019.07.02-13.51.15:877][  0]LogDerivedDataCache: Using Local data cache path C:/Users/100653103/AppData/Local/UnrealEngine/Common/DerivedDataCache: Writable
[2019.07.02-13.51.15:877][  0]LogDerivedDataCache: Shared data cache path not found in *engine.ini, will not use an Shared cache.
[2019.07.02-13.51.15:877][  0]LogDerivedDataCache: Unable to find inner node Shared for hierarchical cache Hierarchy.
[2019.07.02-13.51.15:896][  0]LogMaterial: Verifying Global Shaders for PCD3D_SM5
[2019.07.02-13.51.15:902][  0]LogSlate: Using FreeType 2.6.0
[2019.07.02-13.51.15:915][  0]LogSlate: SlateFontServices - WITH_FREETYPE: 1, WITH_HARFBUZZ: 1
[2019.07.02-13.51.16:185][  0]LogAssetRegistry: FAssetRegistry took 0.0291 seconds to start up
[2019.07.02-13.51.16:529][  0]LogInit: Selected Device Profile: [Windows]
[2019.07.02-13.51.16:838][  0]LogSimplygon: Simplygon DLL not present - disabling.
[2019.07.02-13.51.16:857][  0]LogMeshReduction: Using SimplygonSwarm for distributed automatic mesh merging
[2019.07.02-13.51.16:857][  0]LogMeshReduction: Using ProxyLODMeshReduction for automatic mesh merging
[2019.07.02-13.51.16:858][  0]LogMeshReduction: Using QuadricMeshReduction for automatic static mesh reduction
[2019.07.02-13.51.16:858][  0]LogMeshReduction: No automatic skeletal mesh reduction module available
[2019.07.02-13.51.16:915][  0]LogNetVersion: SummerShorts 1.0.0, NetCL: 4212847, EngineNetVer: 5, GameNetVer: 0 (Checksum: 178876072)
[2019.07.02-13.51.18:290][  0]LogPackageLocalizationCache: Processed 13 localized package path(s) for 2 prioritized culture(s) in 0.331376 seconds
[2019.07.02-13.51.18:297][  0]LogUObjectArray: 38425 objects as part of root set at end of initial load.
[2019.07.02-13.51.18:297][  0]LogUObjectAllocator: 6690872 out of 0 bytes used by permanent object pool.
[2019.07.02-13.51.18:297][  0]LogUObjectArray: CloseDisregardForGC: 0/0 objects in disregard for GC pool
[2019.07.02-13.51.21:352][  0]LogTcpMessaging: Initializing TcpMessaging bridge
[2019.07.02-13.51.21:369][  0]LogUdpMessaging: Initializing bridge on interface 0.0.0.0:0 to multicast group 230.0.0.1:6666.
[2019.07.02-13.51.21:648][  0]SourceControl: Source control is disabled
[2019.07.02-13.51.21:648][  0]SourceControl: Source control is disabled
[2019.07.02-13.51.21:658][  0]SourceControl: Source control is disabled
[2019.07.02-13.51.21:663][  0]SourceControl: Source control is disabled
[2019.07.02-13.51.22:047][  0]LogAndroidPermission: UAndroidPermissionCallbackProxy::GetInstance
[2019.07.02-13.51.22:103][  0]LogOcInput: OculusInput pre-init called
[2019.07.02-13.51.24:347][  0]LogEngine: Initializing Engine...
[2019.07.02-13.51.24:349][  0]LogHMD: Failed to initialize OpenVR with code 110
[2019.07.02-13.51.24:352][  0]LogStats: UGameplayTagsManager::ConstructGameplayTagTree: ImportINI prefixes -  0.000 s
[2019.07.02-13.51.24:352][  0]LogStats: UGameplayTagsManager::ConstructGameplayTagTree: Construct from data asset -  0.000 s
[2019.07.02-13.51.24:352][  0]LogStats: UGameplayTagsManager::ConstructGameplayTagTree: ImportINI -  0.000 s
[2019.07.02-13.51.24:352][  0]LogStats: UGameplayTagsManager::ConstructGameplayTagTree: GameplayTagTreeChangedEvent.Broadcast -  0.000 s
[2019.07.02-13.51.24:540][  0]LogInit: Initializing FReadOnlyCVARCache
[2019.07.02-13.51.24:580][  0]LogAIModule: Creating AISystem for world Untitled
[2019.07.02-13.51.24:598][  0]LogInit: XAudio2 using 'Speakers (Realtek High Definition Audio)' : 2 channels at 48 kHz using 32 bits per sample (channel mask 0x3)
[2019.07.02-13.51.24:711][  0]LogInit: FAudioDevice initialized.
[2019.07.02-13.51.24:712][  0]LogNetVersion: Set ProjectVersion to 1.0.0.0. Version Checksum will be recalculated on next use.
[2019.07.02-13.51.24:801][  0]LogDerivedDataCache: Saved boot cache 0.09s 72MB C:/Users/100653103/AppData/Local/UnrealEngine/4.20/DerivedDataCache/Boot.ddc.
[2019.07.02-13.51.24:807][  0]LogInit: Texture streaming: Enabled
[2019.07.02-13.51.24:834][  0]LogEngineSessionManager: EngineSessionManager initialized
[2019.07.02-13.51.24:855][  0]LogInit: Transaction tracking system initialized
[2019.07.02-13.51.24:908][  0]BlueprintLog: New page: Editor Load
[2019.07.02-13.51.25:102][  0]LocalizationService: Localization service is disabled
[2019.07.02-13.51.25:458][  0]LogCook: Display: Max memory allowance for cook 16384mb min free memory 0mb
[2019.07.02-13.51.25:458][  0]LogCook: Display: Mobile HDR setting 1
[2019.07.02-13.51.25:459][  0]LogGameplayTags: Display: UGameplayTagsManager::DoneAddingNativeTags. DelegateIsBound: 0
[2019.07.02-13.51.25:459][  0]LogStats: UGameplayTagsManager::ConstructGameplayTagTree: ImportINI prefixes -  0.000 s
[2019.07.02-13.51.25:459][  0]LogStats: UGameplayTagsManager::ConstructGameplayTagTree: Construct from data asset -  0.000 s
[2019.07.02-13.51.25:459][  0]LogStats: UGameplayTagsManager::ConstructGameplayTagTree: ImportINI -  0.000 s
[2019.07.02-13.51.25:459][  0]LogStats: UGameplayTagsManager::ConstructGameplayTagTree: GameplayTagTreeChangedEvent.Broadcast -  0.000 s
[2019.07.02-13.51.25:692][  0]LogFileCache: Scanning file cache for directory 'E:/test/ue4/SummerShortsWeek3/Content/' took 0.02s
[2019.07.02-13.51.27:006][  0]SourceControl: Source control is disabled
[2019.07.02-13.51.27:007][  0]Cmd: MAP LOAD FILE="E:/test/ue4/SummerShortsWeek3/Content/SummerShorts.umap" TEMPLATE=0 SHOWPROGRESS=1 FEATURELEVEL=3
[2019.07.02-13.51.27:233][  0]LightingResults: New page: Lighting Build
[2019.07.02-13.51.27:242][  0]MapCheck: New page: Map Check
[2019.07.02-13.51.27:242][  0]LightingResults: New page: Lighting Build
[2019.07.02-13.51.36:066][  0]LogTexture: Display: Building textures: Texture2D_1 (BGRA8, 64X64)
[2019.07.02-13.51.36:066][  0]LogTexture: Display: Building textures: Texture2D_0 (BGRA8, 64X64)
[2019.07.02-13.51.36:066][  0]LogTexture: Display: Building textures: Texture2D_11 (BGRA8, 64X64)
[2019.07.02-13.51.36:066][  0]LogTexture: Display: Building textures: Texture2D_12 (BGRA8, 64X64)
[2019.07.02-13.51.36:066][  0]LogTexture: Display: Building textures: Texture2D_10 (BGRA8, 64X64)
[2019.07.02-13.51.36:066][  0]LogTexture: Display: Building textures: Texture2D_15 (BGRA8, 64X64)
[2019.07.02-13.51.36:066][  0]LogTexture: Display: Building textures: Texture2D_17 (BGRA8, 64X64)
[2019.07.02-13.51.36:066][  0]LogTexture: Display: Building textures: Texture2D_14 (BGRA8, 64X64)
[2019.07.02-13.51.36:066][  0]LogTexture: Display: Building textures: Texture2D_18 (BGRA8, 64X64)
[2019.07.02-13.51.36:066][  0]LogTexture: Display: Building textures: Texture2D_16 (BGRA8, 64X64)
[2019.07.02-13.51.36:066][  0]LogTexture: Display: Building textures: Texture2D_13 (BGRA8, 64X64)
[2019.07.02-13.51.36:067][  0]LogTexture: Display: Building textures: Texture2D_3 (BGRA8, 64X64)
[2019.07.02-13.51.36:067][  0]LogTexture: Display: Building textures: Texture2D_5 (BGRA8, 64X64)
[2019.07.02-13.51.36:067][  0]LogTexture: Display: Building textures: Texture2D_2 (BGRA8, 64X64)
[2019.07.02-13.51.36:067][  0]LogTexture: Display: Building textures: Texture2D_7 (BGRA8, 64X64)
[2019.07.02-13.51.36:067][  0]LogTexture: Display: Building textures: Texture2D_4 (BGRA8, 64X64)
[2019.07.02-13.51.36:067][  0]LogTexture: Display: Building textures: Texture2D_6 (BGRA8, 64X64)
[2019.07.02-13.51.36:067][  0]LogTexture: Display: Building textures: Texture2D_9 (BGRA8, 64X64)
[2019.07.02-13.51.36:067][  0]LogTexture: Display: Building textures: Texture2D_8 (BGRA8, 64X64)
[2019.07.02-13.51.45:157][  0]LogTexture: Display: Building textures: grass_countryside_Base_Color (AutoDXT, 2048X2048)
[2019.07.02-13.51.45:157][  0]LogTexture: Display: Building textures: low_tide_rock_Base_Color (AutoDXT, 2048X2048)
[2019.07.02-13.51.45:157][  0]LogTexture: Display: Building textures: grass_countryside_Normal (BC5, 2048X2048)
[2019.07.02-13.51.45:157][  0]LogTexture: Display: Building textures: iceland_grassy_cliff_Base_Color (AutoDXT, 2048X2048)
[2019.07.02-13.51.45:157][  0]LogTexture: Display: Building textures: iceland_grassy_cliff_Normal (BC5, 2048X2048)
[2019.07.02-13.51.45:157][  0]LogTexture: Display: Building textures: low_tide_rock_Normal (BC5, 2048X2048)
[2019.07.02-13.51.45:157][  0]LogTexture: Display: Building textures: shell_sand_beach_Base_Color (AutoDXT, 2048X2048)
[2019.07.02-13.51.45:157][  0]LogTexture: Display: Building textures: shell_sand_beach_Normal (BC5, 2048X2048)
[2019.07.02-13.51.45:157][  0]LogMaterial: Display: Missing cached shader map for material M_Basic_Landscape, compiling. 
[2019.07.02-13.51.45:271][  0]LogShaderCompilers: Display: Shaders left to compile 58
[2019.07.02-13.51.45:271][  0]LogShaderCompilers: Display: Shaders left to compile 48
[2019.07.02-13.51.45:271][  0]LogShaderCompilers: Display: Shaders left to compile 38
[2019.07.02-13.51.45:272][  0]LogShaderCompilers: Display: Shaders left to compile 28
[2019.07.02-13.51.45:272][  0]LogShaderCompilers: Display: Shaders left to compile 18
[2019.07.02-13.51.45:272][  0]LogMaterial: Display: Missing cached shader map for material M_Basic_Landscape, compiling. 
[2019.07.02-13.51.45:327][  0]LogMaterial: Display: Missing cached shader map for material M_Basic_Landscape, compiling. 
[2019.07.02-13.51.45:378][  0]LogMaterial: Display: Missing cached shader map for material M_Basic_Landscape, compiling. 
[2019.07.02-13.51.45:501][  0]LogStaticMesh: Building static mesh SM_CliffIce_01...
[2019.07.02-13.51.46:876][  0]LogStaticMesh: Built static mesh [1.38s] /Game/SummerShortsProps/SM_CliffIce_01.SM_CliffIce_01
[2019.07.02-13.51.47:666][  0]LogShaderCompilers: Display: Shaders left to compile 350
[2019.07.02-13.51.47:666][  0]LogShaderCompilers: Display: Shaders left to compile 340
[2019.07.02-13.51.47:666][  0]LogStaticMesh: Building static mesh SM_OceanPlaneFar...
[2019.07.02-13.51.48:184][  0]LogShaderCompilers: Display: Shaders left to compile 330
[2019.07.02-13.51.48:184][  0]LogStaticMesh: Built static mesh [0.52s] /Game/Ocean/Meshes/SM_OceanPlaneFar.SM_OceanPlaneFar
[2019.07.02-13.51.48:563][  0]LogShaderCompilers: Display: Shaders left to compile 320
[2019.07.02-13.51.48:563][  0]LogMaterial: Display: Missing cached shader map for material M_Soul_TwistedTree, compiling. 
[2019.07.02-13.51.48:853][  0]LogMaterial: Display: Missing cached shader map for material M_Bush, compiling. 
[2019.07.02-13.51.48:954][  0]LogMaterial: Display: Missing cached shader map for material M_Soul_Tree001, compiling. 
[2019.07.02-13.51.49:020][  0]LogMaterial: Display: Missing cached shader map for material M_Soul_Pine, compiling. 
[2019.07.02-13.51.49:232][  0]LogShaderCompilers: Display: Shaders left to compile 601
[2019.07.02-13.51.49:236][  0]LogAIModule: Creating AISystem for world SummerShorts
[2019.07.02-13.51.49:243][  0]LogMaterial: Warning: Material /Game/Elemental/Environment/Ice_Assets/Textures/tree_bark_1_Mat.tree_bark_1_Mat needed to have new flag set bUsedWithInstancedStaticMeshes !
[2019.07.02-13.51.49:246][  0]LogMaterial: Display: Missing cached shader map for material tree_bark_1_Mat, compiling. 
[2019.07.02-13.51.49:315][  0]MapCheck: Warning: tree_bark_1_Mat Material /Game/Elemental/Environment/Ice_Assets/Textures/tree_bark_1_Mat.tree_bark_1_Mat was missing the usage flag bUsedWithInstancedStaticMeshes. If the material asset is not re-saved, it may not render correctly when run outside the editor. Fix
[2019.07.02-13.51.49:316][  0]LogMaterial: Warning: Material /Game/Elemental/Environment/Ice_Assets/Materials/M_Pinebranch_1.M_Pinebranch_1 needed to have new flag set bUsedWithInstancedStaticMeshes !
[2019.07.02-13.51.49:319][  0]LogMaterial: Display: Missing cached shader map for material M_Pinebranch_1, compiling. 
[2019.07.02-13.51.49:379][  0]LogShaderCompilers: Display: Shaders left to compile 805
[2019.07.02-13.51.49:379][  0]MapCheck: Warning: M_Pinebranch_1 Material /Game/Elemental/Environment/Ice_Assets/Materials/M_Pinebranch_1.M_Pinebranch_1 was missing the usage flag bUsedWithInstancedStaticMeshes. If the material asset is not re-saved, it may not render correctly when run outside the editor. Fix
[2019.07.02-13.51.49:655][  0]LogEditorServer: Finished looking for orphan Actors (0.000 secs)
[2019.07.02-13.51.49:701][  0]Cmd: MAP CHECKDEP NOCLEARLOG
[2019.07.02-13.51.49:836][  0]MapCheck: Map check complete: 0 Error(s), 2 Warning(s), took 134.691ms to complete.
[2019.07.02-13.51.49:858][  0]LogFileHelpers: Loading map 'SummerShorts' took 22.851
[2019.07.02-13.51.50:079][  0]LogShaderCompilers: Display: Shaders left to compile 910
[2019.07.02-13.51.50:080][  0]LogShaderCompilers: Display: Shaders left to compile 900
[2019.07.02-13.51.50:080][  0]LogSlate: Updating window title bar state: overlay mode, drag disabled, window buttons hidden, title bar hidden
[2019.07.02-13.51.50:091][  0]LogSlate: Updating window title bar state: overlay mode, drag disabled, window buttons hidden, title bar hidden
[2019.07.02-13.51.50:102][  0]LogSlate: Updating window title bar state: overlay mode, drag disabled, window buttons hidden, title bar hidden
[2019.07.02-13.51.50:112][  0]LogSlate: Updating window title bar state: overlay mode, drag disabled, window buttons hidden, title bar hidden
[2019.07.02-13.51.50:133][  0]LogCollectionManager: Loaded 0 collections in 0.002355 seconds
[2019.07.02-13.51.50:214][  0]LogFileCache: Scanning file cache for directory 'E:/test/ue4/SummerShortsWeek3/Saved/Collections/' took 0.01s
[2019.07.02-13.51.50:215][  0]LogFileCache: Scanning file cache for directory 'E:/test/ue4/SummerShortsWeek3/Content/Developers/100653103/Collections/' took 0.01s
[2019.07.02-13.51.50:215][  0]LogFileCache: Scanning file cache for directory 'E:/test/ue4/SummerShortsWeek3/Content/Collections/' took 0.01s
[2019.07.02-13.51.50:215][  0]LogCollectionManager: Rebuilt the GUID cache for 0 collections in 0.000001 seconds
[2019.07.02-13.51.50:233][  0]LogContentBrowser: Native class hierarchy populated in 0.0164 seconds. Added 2621 classes and 629 folders.
[2019.07.02-13.51.50:248][  0]LogContentBrowser: Native class hierarchy updated for 'WidgetCarousel' in 0.0004 seconds. Added 0 classes and 0 folders.
[2019.07.02-13.51.50:735][  0]LogShaderCompilers: Display: Shaders left to compile 890
[2019.07.02-13.51.50:735][  0]LogContentBrowser: Native class hierarchy updated for 'AddContentDialog' in 0.0004 seconds. Added 0 classes and 0 folders.
[2019.07.02-13.51.50:750][  0]LogContentBrowser: Native class hierarchy updated for 'SceneOutliner' in 0.0004 seconds. Added 1 classes and 2 folders.
[2019.07.02-13.51.50:920][  0]LogSlate: Took 0.007451 seconds to synchronously load lazily loaded font '../../../Engine/Content/Slate/Fonts/Roboto-Regular.ttf' (155K)
[2019.07.02-13.51.50:930][  0]LogSlate: Took 0.007129 seconds to synchronously load lazily loaded font '../../../Engine/Content/Slate/Fonts/Roboto-Bold.ttf' (160K)
[2019.07.02-13.51.50:945][  0]LogSlate: Took 0.006770 seconds to synchronously load lazily loaded font '../../../Engine/Content/Editor/Slate/Fonts/FontAwesome.ttf' (139K)
[2019.07.02-13.51.51:102][  0]LogRenderer: Reallocating scene render targets to support 1208x576 Format 10 NumSamples 1 (Frame:1).
[2019.07.02-13.51.51:218][  0]LogSlate: Took 0.007112 seconds to synchronously load lazily loaded font '../../../Engine/Content/Slate/Fonts/Roboto-Light.ttf' (167K)
[2019.07.02-13.51.51:310][  0]LogContentBrowser: Native class hierarchy updated for 'HierarchicalLODOutliner' in 0.0004 seconds. Added 0 classes and 0 folders.
[2019.07.02-13.51.51:310][  0]LogLoad: (Engine Initialization) Total time: 47.27 seconds
[2019.07.02-13.51.51:310][  0]LogLoad: (Engine Initialization) Total Blueprint compile time: 0.00 seconds
[2019.07.02-13.51.51:344][  0]LogContentStreaming: Texture pool size now 1000 MB
[2019.07.02-13.51.51:623][  2]LogAssetRegistry: Asset discovery search completed in 35.4620 seconds
[2019.07.02-13.51.51:626][  2]LogCollectionManager: Rebuilt the object cache for 0 collections in 0.000000 seconds (found 0 objects)
[2019.07.02-13.51.51:626][  2]LogCollectionManager: Fixed up redirectors for 0 collections in 0.000088 seconds (updated 0 objects)
[2019.07.02-13.51.52:421][ 85]LogShaderCompilers: Display: Shaders left to compile 880
[2019.07.02-13.51.53:066][147]LogShaderCompilers: Display: Shaders left to compile 870
[2019.07.02-13.51.53:350][180]LogShaderCompilers: Display: Shaders left to compile 860
[2019.07.02-13.51.54:025][260]LogShaderCompilers: Display: Shaders left to compile 850
[2019.07.02-13.51.54:997][376]LogShaderCompilers: Display: Shaders left to compile 840
[2019.07.02-13.51.56:144][434]LogShaderCompilers: Display: Shaders left to compile 830
[2019.07.02-13.51.56:644][452]LogShaderCompilers: Display: Shaders left to compile 820
[2019.07.02-13.51.56:882][479]LogShaderCompilers: Display: Shaders left to compile 810
[2019.07.02-13.51.57:173][512]LogShaderCompilers: Display: Shaders left to compile 800
[2019.07.02-13.51.58:240][631]LogShaderCompilers: Display: Shaders left to compile 790
[2019.07.02-13.51.59:696][799]LogShaderCompilers: Display: Shaders left to compile 780
[2019.07.02-13.52.00:169][854]LogShaderCompilers: Display: Shaders left to compile 770
[2019.07.02-13.52.00:659][911]LogShaderCompilers: Display: Shaders left to compile 760
[2019.07.02-13.52.00:890][937]LogShaderCompilers: Display: Shaders left to compile 750
[2019.07.02-13.52.01:954][ 55]LogShaderCompilers: Display: Shaders left to compile 740
[2019.07.02-13.52.02:006][ 61]LogShaderCompilers: Display: Shaders left to compile 730
[2019.07.02-13.52.04:661][356]LogShaderCompilers: Display: Shaders left to compile 720
[2019.07.02-13.52.04:726][363]LogShaderCompilers: Display: Shaders left to compile 710
[2019.07.02-13.52.05:309][422]LogShaderCompilers: Display: Shaders left to compile 700
[2019.07.02-13.52.05:626][455]LogShaderCompilers: Display: Shaders left to compile 690
[2019.07.02-13.52.07:108][601]LogShaderCompilers: Display: Shaders left to compile 680
[2019.07.02-13.52.07:356][625]LogShaderCompilers: Display: Shaders left to compile 670
[2019.07.02-13.52.08:568][739]LogSlate: FSceneViewport::OnFocusLost() reason 0
[2019.07.02-13.52.08:750][756]LogRenderer: Reallocating scene render targets to support 1208x924 Format 10 NumSamples 1 (Frame:1742).
[2019.07.02-13.52.09:548][840]LogShaderCompilers: Display: Shaders left to compile 660
[2019.07.02-13.52.09:777][865]LogShaderCompilers: Display: Shaders left to compile 650
[2019.07.02-13.52.09:796][867]LogShaderCompilers: Display: Shaders left to compile 640
[2019.07.02-13.52.09:930][883]LogShaderCompilers: Display: Shaders left to compile 630
[2019.07.02-13.52.12:388][134]LogShaderCompilers: Display: Shaders left to compile 620
[2019.07.02-13.52.13:719][172]LogShaderCompilers: Display: Shaders left to compile 610
[2019.07.02-13.52.14:012][199]LogShaderCompilers: Display: Shaders left to compile 600
[2019.07.02-13.52.14:060][203]LogShaderCompilers: Display: Shaders left to compile 590
[2019.07.02-13.52.14:502][239]LogShaderCompilers: Display: Shaders left to compile 580
[2019.07.02-13.52.16:496][434]LogShaderCompilers: Display: Shaders left to compile 570
[2019.07.02-13.52.16:522][437]LogShaderCompilers: Display: Shaders left to compile 560
[2019.07.02-13.52.17:455][540]LogShaderCompilers: Display: Shaders left to compile 550
[2019.07.02-13.52.18:318][637]LogShaderCompilers: Display: Shaders left to compile 540
[2019.07.02-13.52.18:405][647]LogShaderCompilers: Display: Shaders left to compile 530
[2019.07.02-13.52.19:479][767]LogShaderCompilers: Display: Shaders left to compile 520
[2019.07.02-13.52.20:057][831]LogShaderCompilers: Display: Shaders left to compile 510
[2019.07.02-13.52.20:172][844]LogShaderCompilers: Display: Shaders left to compile 500
[2019.07.02-13.52.21:115][945]LogShaderCompilers: Display: Shaders left to compile 490
[2019.07.02-13.52.22:298][ 78]LogShaderCompilers: Display: Shaders left to compile 480
[2019.07.02-13.52.23:001][155]LogShaderCompilers: Display: Shaders left to compile 470
[2019.07.02-13.52.23:195][177]LogShaderCompilers: Display: Shaders left to compile 460
[2019.07.02-13.52.23:469][208]LogShaderCompilers: Display: Shaders left to compile 450
[2019.07.02-13.52.24:271][297]LogShaderCompilers: Display: Shaders left to compile 440
[2019.07.02-13.52.26:237][507]LogShaderCompilers: Display: Shaders left to compile 430
[2019.07.02-13.52.26:330][517]LogShaderCompilers: Display: Shaders left to compile 420
[2019.07.02-13.52.26:704][559]LogShaderCompilers: Display: Shaders left to compile 410
[2019.07.02-13.52.27:278][622]LogShaderCompilers: Display: Shaders left to compile 400
[2019.07.02-13.52.28:245][726]LogShaderCompilers: Display: Shaders left to compile 390
[2019.07.02-13.52.28:317][734]LogShaderCompilers: Display: Shaders left to compile 380
[2019.07.02-13.52.30:277][941]LogShaderCompilers: Display: Shaders left to compile 370
[2019.07.02-13.52.30:529][962]LogShaderCompilers: Display: Shaders left to compile 360
[2019.07.02-13.52.30:699][976]LogShaderCompilers: Display: Shaders left to compile 350
[2019.07.02-13.52.30:802][983]LogShaderCompilers: Display: Shaders left to compile 340
[2019.07.02-13.52.30:803][983]LogSlate: FSceneViewport::OnFocusLost() reason 2
[2019.07.02-13.52.31:777][ 90]LogSlate: FSceneViewport::OnFocusLost() reason 2
[2019.07.02-13.52.32:544][170]LogShaderCompilers: Display: Shaders left to compile 330
[2019.07.02-13.52.33:152][236]LogShaderCompilers: Display: Shaders left to compile 320
[2019.07.02-13.52.34:388][372]LogShaderCompilers: Display: Shaders left to compile 310
[2019.07.02-13.52.34:397][373]LogShaderCompilers: Display: Shaders left to compile 300
[2019.07.02-13.52.34:495][384]LogShaderCompilers: Display: Shaders left to compile 290
[2019.07.02-13.52.35:294][464]LogShaderCompilers: Display: Shaders left to compile 280
[2019.07.02-13.52.36:278][572]LogShaderCompilers: Display: Shaders left to compile 270
[2019.07.02-13.52.37:201][671]LogShaderCompilers: Display: Shaders left to compile 260
[2019.07.02-13.52.38:233][786]LogShaderCompilers: Display: Shaders left to compile 250
[2019.07.02-13.52.38:422][807]LogShaderCompilers: Display: Shaders left to compile 240
[2019.07.02-13.52.38:510][817]LogShaderCompilers: Display: Shaders left to compile 230
[2019.07.02-13.52.39:604][936]LogShaderCompilers: Display: Shaders left to compile 220
[2019.07.02-13.52.40:239][  6]LogShaderCompilers: Display: Shaders left to compile 210
[2019.07.02-13.52.42:097][208]LogShaderCompilers: Display: Shaders left to compile 200
[2019.07.02-13.52.42:479][247]LogShaderCompilers: Display: Shaders left to compile 190
[2019.07.02-13.52.42:661][267]LogShaderCompilers: Display: Shaders left to compile 180
[2019.07.02-13.52.43:023][304]LogShaderCompilers: Display: Shaders left to compile 170
[2019.07.02-13.52.45:642][592]LogShaderCompilers: Display: Shaders left to compile 160
[2019.07.02-13.52.45:731][602]LogShaderCompilers: Display: Shaders left to compile 150
[2019.07.02-13.52.45:739][603]LogShaderCompilers: Display: Shaders left to compile 140
[2019.07.02-13.52.46:845][724]LogShaderCompilers: Display: Shaders left to compile 130
[2019.07.02-13.52.48:611][917]LogShaderCompilers: Display: Shaders left to compile 120
[2019.07.02-13.52.48:859][944]LogShaderCompilers: Display: Shaders left to compile 110
[2019.07.02-13.52.49:003][960]LogShaderCompilers: Display: Shaders left to compile 100
[2019.07.02-13.52.50:283][101]LogShaderCompilers: Display: Shaders left to compile 90
[2019.07.02-13.52.50:732][151]LogShaderCompilers: Display: Shaders left to compile 80
[2019.07.02-13.52.50:915][171]LogShaderCompilers: Display: Shaders left to compile 70
[2019.07.02-13.52.51:063][184]LogShaderCompilers: Display: Shaders left to compile 60
[2019.07.02-13.52.52:550][333]LogShaderCompilers: Display: Shaders left to compile 50
[2019.07.02-13.52.53:413][428]LogShaderCompilers: Display: Shaders left to compile 40
[2019.07.02-13.52.54:188][514]LogShaderCompilers: Display: Shaders left to compile 30
[2019.07.02-13.52.54:697][571]LogShaderCompilers: Display: Shaders left to compile 20
[2019.07.02-13.52.55:029][608]LogShaderCompilers: Display: Shaders left to compile 10
[2019.07.02-13.54.10:059][925]LogSlate: FSceneViewport::OnFocusLost() reason 0
[2019.07.02-13.54.24:860][405]LogSlate: Window 'Choose Location for Foliage Type Asset' being destroyed
[2019.07.02-13.54.25:699][497]LogSlate: FSceneViewport::OnFocusLost() reason 0
[2019.07.02-13.54.41:674][191]LogSlate: FSceneViewport::OnFocusLost() reason 0
[2019.07.02-13.54.55:644][717]Cmd: TRANSACTION UNDO
[2019.07.02-13.54.55:644][717]LogEditorTransaction: Undo Foliage Editing
[2019.07.02-13.54.55:670][717]LogSlate: Took 0.000255 seconds to synchronously load lazily loaded font '../../../Engine/Content/Slate/Fonts/Roboto-Light.ttf' (167K)
[2019.07.02-13.55.13:643][789]Cmd: TRANSACTION UNDO
[2019.07.02-13.55.13:643][789]LogEditorTransaction: Undo Foliage Editing
[2019.07.02-13.55.13:837][797]Cmd: TRANSACTION UNDO
[2019.07.02-13.55.13:837][797]LogEditorTransaction: Undo Edit Align to Normal
[2019.07.02-13.55.13:912][799]Cmd: TRANSACTION UNDO
[2019.07.02-13.55.13:912][799]LogEditorTransaction: Undo Foliage Editing
[2019.07.02-13.55.27:229][376]LogSlate: FSceneViewport::OnFocusLost() reason 0
[2019.07.02-13.55.27:556][386]LogActorComponent: UnregisterComponent: (/Engine/Transient.SphereBrushComponent) Not registered. Aborting.
[2019.07.02-13.55.27:563][386]LogMaterial: Display: Missing cached shader map for material M_Basic_Landscape, compiling. 
[2019.07.02-13.55.27:574][386]LogMaterial: Display: Missing cached shader map for material M_Basic_Landscape, compiling. 
[2019.07.02-13.55.27:583][386]LogShaderCompilers: Display: Shaders left to compile 18
[2019.07.02-13.55.27:583][386]LogShaderCompilers: Display: Shaders left to compile 8
[2019.07.02-13.55.27:593][386]LogMaterial: Display: Missing cached shader map for material M_Basic_Landscape, compiling. 
[2019.07.02-13.55.27:606][386]LogShaderCompilers: Display: Shaders left to compile 36
[2019.07.02-13.55.27:606][386]LogShaderCompilers: Display: Shaders left to compile 26
[2019.07.02-13.55.27:613][386]LogMaterial: Display: Missing cached shader map for material M_Basic_Landscape, compiling. 
[2019.07.02-13.55.27:638][386]LogMaterial: Display: Missing cached shader map for material M_Basic_Landscape, compiling. 
[2019.07.02-13.55.27:661][386]LogMaterial: Display: Missing cached shader map for material M_Basic_Landscape, compiling. 
[2019.07.02-13.55.27:682][386]LogTexture: Display: Building textures: Texture2D_2 (G8, 128X128)
[2019.07.02-13.55.29:614][552]LogShaderCompilers: Display: Shaders left to compile 70
[2019.07.02-13.55.29:713][561]LogShaderCompilers: Display: Shaders left to compile 60
[2019.07.02-13.55.30:656][643]LogShaderCompilers: Display: Shaders left to compile 50
[2019.07.02-13.55.31:110][680]LogShaderCompilers: Display: Shaders left to compile 40
[2019.07.02-13.55.31:982][755]LogShaderCompilers: Display: Shaders left to compile 30
[2019.07.02-13.55.32:491][805]LogShaderCompilers: Display: Shaders left to compile 20
[2019.07.02-13.55.33:274][877]LogShaderCompilers: Display: Shaders left to compile 10
[2019.07.02-13.55.50:605][878]LogSlate: FSceneViewport::OnFocusLost() reason 0
[2019.07.02-13.57.27:233][ 99]LogSlate: FSceneViewport::OnFocusLost() reason 0
[2019.07.02-13.57.30:045][111]LogSlate: Window 'Save Content' being destroyed
[2019.07.02-13.57.30:059][111]LogSlate: FSceneViewport::OnFocusLost() reason 2
[2019.07.02-13.57.30:178][111]Cmd: OBJ SAVEPACKAGE PACKAGE="/Game/SummerShorts" FILE="E:/test/ue4/SummerShortsWeek3/Content/SummerShorts.umap" SILENT=true AUTOSAVING=false KEEPDIRTY=false
[2019.07.02-13.57.30:881][111]LogSavePackage: Moving 'E:/test/ue4/SummerShortsWeek3/Saved/SummerShorts156A14914B0D19DC287511B7E69E4F41.tmp' to 'E:/test/ue4/SummerShortsWeek3/Content/SummerShorts.umap'
[2019.07.02-13.57.30:909][111]LogFileHelpers: Saving map 'SummerShorts' took 0.843
[2019.07.02-13.57.30:984][111]LogSlate: Window 'Content Browser' being destroyed
[2019.07.02-13.57.30:995][111]LogSlate: Window 'SummerShorts - Unreal Editor' being destroyed
[2019.07.02-13.57.30:996][111]LogWindowsTextInputMethodSystem: Display: IME system now deactivated.
[2019.07.02-13.57.31:170][112]Cmd: QUIT_EDITOR
[2019.07.02-13.57.31:202][112]LogExit: Preparing to exit.
[2019.07.02-13.57.31:483][112]LogExit: Editor shut down
[2019.07.02-13.57.31:483][112]LogExit: Transaction tracking system shut down
[2019.07.02-13.57.31:835][112]LogExit: Object subsystem successfully closed.
[2019.07.02-13.57.31:857][112]LogShaderCompilers: Display: Shaders left to compile 0
[2019.07.02-13.57.31:862][112]LogD3D11RHI: Shutdown
[2019.07.02-13.57.31:862][112]LogD3D11RHI: CleanupD3DDevice
[2019.07.02-13.57.31:864][112]LogD3D11RHI: ~FD3D11DynamicRHI
[2019.07.02-13.57.31:885][112]LogModuleManager: Shutting down and abandoning module HierarchicalLODOutliner (630)
[2019.07.02-13.57.31:885][112]LogModuleManager: Shutting down and abandoning module SceneOutliner (628)
[2019.07.02-13.57.31:885][112]LogModuleManager: Shutting down and abandoning module AddContentDialog (626)
[2019.07.02-13.57.31:885][112]LogModuleManager: Shutting down and abandoning module WidgetCarousel (625)
[2019.07.02-13.57.31:886][112]LogModuleManager: Shutting down and abandoning module EditorWidgets (622)
[2019.07.02-13.57.31:886][112]LogModuleManager: Shutting down and abandoning module CollectionManager (620)
[2019.07.02-13.57.31:886][112]LogModuleManager: Shutting down and abandoning module MeshBuilder (618)
[2019.07.02-13.57.31:886][112]LogModuleManager: Shutting down and abandoning module StatsViewer (616)
[2019.07.02-13.57.31:886][112]LogModuleManager: Shutting down and abandoning module FoliageEdit (614)
[2019.07.02-13.57.31:886][112]LogModuleManager: Shutting down and abandoning module LandscapeEditor (612)
[2019.07.02-13.57.31:886][112]LogModuleManager: Shutting down and abandoning module MeshPaintMode (610)
[2019.07.02-13.57.31:886][112]LogModuleManager: Shutting down and abandoning module SceneDepthPickerMode (608)
[2019.07.02-13.57.31:886][112]LogModuleManager: Shutting down and abandoning module ActorPickerMode (606)
[2019.07.02-13.57.31:886][112]LogModuleManager: Shutting down and abandoning module GeometryMode (604)
[2019.07.02-13.57.31:886][112]LogModuleManager: Shutting down and abandoning module TextureAlignMode (602)
[2019.07.02-13.57.31:886][112]LogModuleManager: Shutting down and abandoning module BspMode (600)
[2019.07.02-13.57.31:886][112]LogModuleManager: Shutting down and abandoning module PIEPreviewDeviceProfileSelector (598)
[2019.07.02-13.57.31:886][112]LogModuleManager: Shutting down and abandoning module SequenceRecorderSections (596)
[2019.07.02-13.57.31:886][112]LogModuleManager: Shutting down and abandoning module AutomationWorker (594)
[2019.07.02-13.57.31:886][112]LogModuleManager: Shutting down and abandoning module DatasmithFBXImporter (592)
[2019.07.02-13.57.31:887][112]LogModuleManager: Shutting down and abandoning module DatasmithDeltaGenImporter (590)
[2019.07.02-13.57.31:887][112]LogModuleManager: Shutting down and abandoning module DatasmithVREDImporter (588)
[2019.07.02-13.57.31:887][112]LogModuleManager: Shutting down and abandoning module AudioCaptureEditor (586)
[2019.07.02-13.57.31:887][112]LogModuleManager: Shutting down and abandoning module SequenceRecorder (585)
[2019.07.02-13.57.31:887][112]LogModuleManager: Shutting down and abandoning module MatineeToLevelSequence (582)
[2019.07.02-13.57.31:887][112]LogModuleManager: Shutting down and abandoning module LevelSequenceEditor (580)
[2019.07.02-13.57.31:887][112]LogModuleManager: Shutting down and abandoning module PlacementMode (579)
[2019.07.02-13.57.31:887][112]LogModuleManager: Shutting down and abandoning module MaterialEditor (578)
[2019.07.02-13.57.31:889][112]LogModuleManager: Shutting down and abandoning module WmfMediaFactory (574)
[2019.07.02-13.57.31:889][112]LogModuleManager: Shutting down and abandoning module WmfMediaEditor (572)
[2019.07.02-13.57.31:889][112]LogModuleManager: Shutting down and abandoning module MediaPlayerEditor (570)
[2019.07.02-13.57.31:889][112]LogModuleManager: Shutting down and abandoning module OpenExrWrapper (568)
[2019.07.02-13.57.31:889][112]LogModuleManager: Shutting down and abandoning module ImgMediaFactory (566)
[2019.07.02-13.57.31:889][112]LogModuleManager: Shutting down and abandoning module ImgMediaEditor (564)
[2019.07.02-13.57.31:889][112]LogModuleManager: Shutting down and abandoning module AvfMediaFactory (562)
[2019.07.02-13.57.31:889][112]LogModuleManager: Shutting down and abandoning module AvfMediaEditor (560)
[2019.07.02-13.57.31:889][112]LogModuleManager: Shutting down and abandoning module AndroidMediaFactory (558)
[2019.07.02-13.57.31:889][112]LogModuleManager: Shutting down and abandoning module AndroidMediaEditor (556)
[2019.07.02-13.57.31:889][112]LogModuleManager: Shutting down and abandoning module MagicLeapCameraPreviewFactory (554)
[2019.07.02-13.57.31:889][112]LogModuleManager: Shutting down and abandoning module MagicLeapMediaFactory (552)
[2019.07.02-13.57.31:889][112]LogModuleManager: Shutting down and abandoning module MagicLeapMediaEditor (550)
[2019.07.02-13.57.31:889][112]LogModuleManager: Shutting down and abandoning module CharacterAI (548)
[2019.07.02-13.57.31:889][112]LogModuleManager: Shutting down and abandoning module SmartSnapping (546)
[2019.07.02-13.57.31:889][112]LogModuleManager: Shutting down and abandoning module SessionServices (544)
[2019.07.02-13.57.31:889][112]LogModuleManager: Shutting down and abandoning module ViewportSnapping (542)
[2019.07.02-13.57.31:889][112]LogModuleManager: Shutting down and abandoning module ViewportInteraction (540)
[2019.07.02-13.57.31:890][112]LogModuleManager: Shutting down and abandoning module ClothPainter (538)
[2019.07.02-13.57.31:890][112]LogModuleManager: Shutting down and abandoning module SkeletalMeshEditor (537)
[2019.07.02-13.57.31:891][112]LogModuleManager: Shutting down and abandoning module LogVisualizer (534)
[2019.07.02-13.57.31:891][112]LogModuleManager: Shutting down and abandoning module IntroTutorials (532)
[2019.07.02-13.57.31:891][112]LogModuleManager: Shutting down and abandoning module GameProjectGeneration (531)
[2019.07.02-13.57.31:892][112]LogModuleManager: Shutting down and abandoning module LuminPlatformEditor (528)
[2019.07.02-13.57.31:892][112]LogModuleManager: Shutting down and abandoning module IOSPlatformEditor (526)
[2019.07.02-13.57.31:892][112]LogModuleManager: Shutting down and abandoning module HTML5PlatformEditor (524)
[2019.07.02-13.57.31:892][112]LogModuleManager: Shutting down and abandoning module AndroidPlatformEditor (522)
[2019.07.02-13.57.31:892][112]LogModuleManager: Shutting down and abandoning module AndroidDeviceDetection (521)
[2019.07.02-13.57.32:802][112]LogModuleManager: Shutting down and abandoning module WindowsPlatformEditor (518)
[2019.07.02-13.57.32:802][112]LogModuleManager: Shutting down and abandoning module LuminRuntimeSettings (516)
[2019.07.02-13.57.32:802][112]LogModuleManager: Shutting down and abandoning module IOSRuntimeSettings (514)
[2019.07.02-13.57.32:802][112]LogModuleManager: Shutting down and abandoning module AndroidRuntimeSettings (512)
[2019.07.02-13.57.32:802][112]LogModuleManager: Shutting down and abandoning module InputBindingEditor (510)
[2019.07.02-13.57.32:803][112]LogModuleManager: Shutting down and abandoning module MergeActors (508)
[2019.07.02-13.57.32:803][112]LogModuleManager: Shutting down and abandoning module LocalizationDashboard (506)
[2019.07.02-13.57.32:803][112]LogModuleManager: Shutting down and abandoning module LocalizationService (505)
[2019.07.02-13.57.32:803][112]LogModuleManager: Shutting down and abandoning module HardwareTargeting (502)
[2019.07.02-13.57.32:803][112]LogModuleManager: Shutting down and abandoning module DeviceProfileEditor (500)
[2019.07.02-13.57.32:803][112]LogModuleManager: Shutting down and abandoning module UndoHistory (498)
[2019.07.02-13.57.32:803][112]LogModuleManager: Shutting down and abandoning module XmlParser (496)
[2019.07.02-13.57.32:803][112]LogModuleManager: Shutting down and abandoning module Blutility (494)
[2019.07.02-13.57.32:803][112]LogModuleManager: Shutting down and abandoning module ProjectSettingsViewer (492)
[2019.07.02-13.57.32:803][112]LogModuleManager: Shutting down and abandoning module ProjectTargetPlatformEditor (491)
[2019.07.02-13.57.32:803][112]LogModuleManager: Shutting down and abandoning module EditorSettingsViewer (488)
[2019.07.02-13.57.32:803][112]LogModuleManager: Shutting down and abandoning module SettingsEditor (486)
[2019.07.02-13.57.32:803][112]LogModuleManager: Shutting down and abandoning module ProjectLauncher (484)
[2019.07.02-13.57.32:804][112]LogModuleManager: Shutting down and abandoning module SessionFrontend (482)
[2019.07.02-13.57.32:804][112]LogModuleManager: Shutting down and abandoning module ProfilerClient (480)
[2019.07.02-13.57.32:804][112]LogModuleManager: Shutting down and abandoning module DeviceManager (478)
[2019.07.02-13.57.32:804][112]LogModuleManager: Shutting down and abandoning module TargetDeviceServices (477)
[2019.07.02-13.57.32:868][112]LogModuleManager: Shutting down and abandoning module AutomationController (474)
[2019.07.02-13.57.32:868][112]LogModuleManager: Shutting down and abandoning module AutomationWindow (472)
[2019.07.02-13.57.32:869][112]LogModuleManager: Shutting down and abandoning module Layers (470)
[2019.07.02-13.57.32:871][112]LogModuleManager: Shutting down and abandoning module ComponentVisualizers (468)
[2019.07.02-13.57.32:871][112]LogModuleManager: Shutting down and abandoning module DetailCustomizations (466)
[2019.07.02-13.57.32:871][112]LogModuleManager: Shutting down and abandoning module PackagesDialog (464)
[2019.07.02-13.57.32:871][112]LogModuleManager: Shutting down and abandoning module Persona (462)
[2019.07.02-13.57.32:872][112]LogModuleManager: Shutting down and abandoning module AnimGraph (461)
[2019.07.02-13.57.32:872][112]LogModuleManager: Shutting down and abandoning module Kismet (458)
[2019.07.02-13.57.32:872][112]LogModuleManager: Shutting down and abandoning module GraphEditor (456)
[2019.07.02-13.57.32:874][112]LogModuleManager: Shutting down and abandoning module ClassViewer (454)
[2019.07.02-13.57.32:874][112]LogModuleManager: Shutting down and abandoning module Toolbox (452)
[2019.07.02-13.57.32:874][112]LogModuleManager: Shutting down and abandoning module ModuleUI (450)
[2019.07.02-13.57.32:874][112]LogModuleManager: Shutting down and abandoning module MovieSceneTools (448)
[2019.07.02-13.57.32:874][112]LogModuleManager: Shutting down and abandoning module OutputLog (446)
[2019.07.02-13.57.32:874][112]LogModuleManager: Shutting down and abandoning module GammaUI (444)
[2019.07.02-13.57.32:875][112]LogModuleManager: Shutting down and abandoning module Documentation (442)
[2019.07.02-13.57.32:875][112]LogModuleManager: Shutting down and abandoning module MovieSceneTracks (440)
[2019.07.02-13.57.32:875][112]LogModuleManager: Shutting down and abandoning module MovieScene (438)
[2019.07.02-13.57.32:875][112]LogModuleManager: Shutting down and abandoning module StreamingPauseRendering (436)
[2019.07.02-13.57.32:875][112]LogModuleManager: Shutting down and abandoning module LauncherPlatform (434)
[2019.07.02-13.57.32:875][112]LogModuleManager: Shutting down and abandoning module AnalyticsET (432)
[2019.07.02-13.57.32:875][112]LogModuleManager: Shutting down and abandoning module PortalServices (430)
[2019.07.02-13.57.32:875][112]LogModuleManager: Shutting down and abandoning module PortalRpc (428)
[2019.07.02-13.57.32:875][112]LogModuleManager: Shutting down and abandoning module MessagingRpc (426)
[2019.07.02-13.57.32:875][112]LogModuleManager: Shutting down and abandoning module AIModule (424)
[2019.07.02-13.57.32:875][112]LogModuleManager: Shutting down and abandoning module GameplayDebugger (423)
[2019.07.02-13.57.32:875][112]LogModuleManager: Shutting down and abandoning module AITestSuite (421)
[2019.07.02-13.57.32:875][112]LogModuleManager: Shutting down and abandoning module NavigationSystem (419)
[2019.07.02-13.57.32:875][112]LogModuleManager: Shutting down and abandoning module DesktopPlatform (416)
[2019.07.02-13.57.32:875][112]LogModuleManager: Shutting down and abandoning module ProfilerService (414)
[2019.07.02-13.57.32:897][112]LogModuleManager: Shutting down and abandoning module TaskGraph (412)
[2019.07.02-13.57.32:897][112]LogModuleManager: Shutting down and abandoning module DatasmithCADImporter (410)
[2019.07.02-13.57.32:898][112]LogModuleManager: Shutting down and abandoning module StaticMeshEditorExtension (408)
[2019.07.02-13.57.32:898][112]LogModuleManager: Shutting down and abandoning module StaticMeshEditor (407)
[2019.07.02-13.57.32:898][112]LogModuleManager: Shutting down and abandoning module AdvancedPreviewScene (406)
[2019.07.02-13.57.32:898][112]LogModuleManager: Shutting down and abandoning module DatasmithMDLImporter (402)
[2019.07.02-13.57.32:900][112]LogModuleManager: Shutting down and abandoning module DatasmithImporter (400)
[2019.07.02-13.57.32:900][112]LogModuleManager: Shutting down and abandoning module SteamVRController (398)
[2019.07.02-13.57.32:900][112]LogModuleManager: Shutting down and abandoning module ProceduralMeshComponentEditor (396)
[2019.07.02-13.57.32:900][112]LogModuleManager: Shutting down and abandoning module ProceduralMeshComponent (394)
[2019.07.02-13.57.32:900][112]LogModuleManager: Shutting down and abandoning module OculusInput (392)
[2019.07.02-13.57.32:900][112]LogModuleManager: Shutting down and abandoning module MobilePatchingUtils (390)
[2019.07.02-13.57.32:900][112]LogModuleManager: Shutting down and abandoning module EditableMesh (388)
[2019.07.02-13.57.32:900][112]LogModuleManager: Shutting down and abandoning module CustomMeshComponent (386)
[2019.07.02-13.57.32:900][112]LogModuleManager: Shutting down and abandoning module CableComponent (384)
[2019.07.02-13.57.32:900][112]LogModuleManager: Shutting down and abandoning module AudioCapture (382)
[2019.07.02-13.57.32:900][112]LogModuleManager: Shutting down and abandoning module ArchVisCharacter (380)
[2019.07.02-13.57.32:900][112]LogModuleManager: Shutting down and abandoning module AndroidPermission (378)
[2019.07.02-13.57.32:900][112]LogModuleManager: Shutting down and abandoning module NUTUnrealEngine4 (376)
[2019.07.02-13.57.32:900][112]LogModuleManager: Shutting down and abandoning module NetcodeUnitTest (374)
[2019.07.02-13.57.32:902][112]LogModuleManager: Shutting down and abandoning module MediaCompositingEditor (372)
[2019.07.02-13.57.32:902][112]LogModuleManager: Shutting down and abandoning module MediaCompositing (370)
[2019.07.02-13.57.32:902][112]LogModuleManager: Shutting down and abandoning module LinearTimecode (368)
[2019.07.02-13.57.32:902][112]LogModuleManager: Shutting down and abandoning module ImgMedia (366)
[2019.07.02-13.57.32:905][112]LogModuleManager: Shutting down and abandoning module HTML5Networking (364)
[2019.07.02-13.57.32:905][112]LogModuleManager: Shutting down and abandoning module GeometryCacheTracks (362)
[2019.07.02-13.57.32:905][112]LogModuleManager: Shutting down and abandoning module GeometryCacheSequencer (360)
[2019.07.02-13.57.32:905][112]LogModuleManager: Shutting down and abandoning module BackChannel (358)
[2019.07.02-13.57.32:905][112]LogModuleManager: Shutting down and abandoning module AppleVision (356)
[2019.07.02-13.57.32:905][112]LogModuleManager: Shutting down and abandoning module AppleImageUtils (354)
[2019.07.02-13.57.32:906][112]LogModuleManager: Shutting down and abandoning module AlembicImporter (352)
[2019.07.02-13.57.32:906][112]LogModuleManager: Shutting down and abandoning module AlembicLibrary (351)
[2019.07.02-13.57.32:906][112]LogModuleManager: Shutting down and abandoning module GeometryCache (350)
[2019.07.02-13.57.32:906][112]LogModuleManager: Shutting down and abandoning module GeometryCacheEd (349)
[2019.07.02-13.57.32:906][112]LogModuleManager: Shutting down and abandoning module DatasmithContentEditor (344)
[2019.07.02-13.57.32:906][112]LogModuleManager: Shutting down and abandoning module DatasmithContent (342)
[2019.07.02-13.57.32:906][112]LogModuleManager: Shutting down and abandoning module SpeedTreeImporter (340)
[2019.07.02-13.57.32:906][112]LogModuleManager: Shutting down and abandoning module PluginBrowser (338)
[2019.07.02-13.57.32:907][112]LogModuleManager: Shutting down and abandoning module MobileLauncherProfileWizard (336)
[2019.07.02-13.57.32:907][112]LogModuleManager: Shutting down and abandoning module PolygonModeling (334)
[2019.07.02-13.57.32:907][112]LogModuleManager: Shutting down and abandoning module MeshEditor (332)
[2019.07.02-13.57.32:907][112]LogModuleManager: Shutting down and abandoning module EditorScriptingUtilities (330)
[2019.07.02-13.57.32:907][112]LogModuleManager: Shutting down and abandoning module CryptoKeysOpenSSL (328)
[2019.07.02-13.57.32:907][112]LogModuleManager: Shutting down and abandoning module CryptoKeys (326)
[2019.07.02-13.57.32:907][112]LogModuleManager: Shutting down and abandoning module VisualStudioSourceCodeAccess (324)
[2019.07.02-13.57.32:907][112]LogModuleManager: Shutting down and abandoning module VisualStudioCodeSourceCodeAccess (322)
[2019.07.02-13.57.32:907][112]LogModuleManager: Shutting down and abandoning module UObjectPlugin (320)
[2019.07.02-13.57.32:907][112]LogModuleManager: Shutting down and abandoning module SubversionSourceControl (318)
[2019.07.02-13.57.32:907][112]LogModuleManager: Shutting down and abandoning module PerforceSourceControl (316)
[2019.07.02-13.57.32:908][112]LogModuleManager: Shutting down and abandoning module GitSourceControl (314)
[2019.07.02-13.57.32:908][112]LogModuleManager: Shutting down and abandoning module SourceControl (313)
[2019.07.02-13.57.32:908][112]LogModuleManager: Shutting down and abandoning module CLionSourceCodeAccess (310)
[2019.07.02-13.57.32:908][112]LogModuleManager: Shutting down and abandoning module LightPropagationVolumeEditor (308)
[2019.07.02-13.57.32:908][112]LogModuleManager: Shutting down and abandoning module PaperTiledImporter (306)
[2019.07.02-13.57.32:908][112]LogModuleManager: Shutting down and abandoning module PaperSpriteSheetImporter (304)
[2019.07.02-13.57.32:908][112]LogModuleManager: Shutting down and abandoning module Paper2DEditor (302)
[2019.07.02-13.57.32:908][112]LogModuleManager: Shutting down and abandoning module MeshPaint (301)
[2019.07.02-13.57.32:908][112]LogModuleManager: Shutting down and abandoning module RuntimePhysXCooking (298)
[2019.07.02-13.57.32:908][112]LogModuleManager: Shutting down and abandoning module PhysXVehiclesEditor (296)
[2019.07.02-13.57.32:908][112]LogModuleManager: Shutting down and abandoning module PhysXVehicles (294)
[2019.07.02-13.57.32:908][112]LogModuleManager: Shutting down and abandoning module OculusEditor (292)
[2019.07.02-13.57.32:908][112]LogModuleManager: Shutting down and abandoning module LocationServicesBPLibrary (290)
[2019.07.02-13.57.32:908][112]LogModuleManager: Shutting down and abandoning module ImmediatePhysicsEditor (288)
[2019.07.02-13.57.32:908][112]LogModuleManager: Shutting down and abandoning module ImmediatePhysics (286)
[2019.07.02-13.57.32:908][112]LogModuleManager: Shutting down and abandoning module ActorSequence (284)
[2019.07.02-13.57.32:908][112]LogModuleManager: Shutting down and abandoning module UdpMessaging (282)
[2019.07.02-13.57.33:009][112]LogModuleManager: Shutting down and abandoning module TcpMessaging (280)
[2019.07.02-13.57.33:109][112]LogModuleManager: Shutting down and abandoning module MagicLeapAudio (278)
[2019.07.02-13.57.33:109][112]LogModuleManager: Shutting down and abandoning module GameplayTagsEditor (276)
[2019.07.02-13.57.33:109][112]LogModuleManager: Shutting down and abandoning module FacialAnimationEditor (274)
[2019.07.02-13.57.33:109][112]LogModuleManager: Shutting down and abandoning module FacialAnimation (272)
[2019.07.02-13.57.33:109][112]LogModuleManager: Shutting down and abandoning module DataValidation (270)
[2019.07.02-13.57.33:109][112]LogModuleManager: Shutting down and abandoning module AssetManagerEditor (268)
[2019.07.02-13.57.33:110][112]LogModuleManager: Shutting down and abandoning module LevelEditor (267)
[2019.07.02-13.57.33:111][112]LogModuleManager: Shutting down and abandoning module PixelInspectorModule (266)
[2019.07.02-13.57.33:111][112]LogModuleManager: Shutting down and abandoning module CommonMenuExtensions (264)
[2019.07.02-13.57.33:111][112]LogModuleManager: Shutting down and abandoning module MainFrame (262)
[2019.07.02-13.57.33:111][112]LogModuleManager: Shutting down and abandoning module HotReload (261)
[2019.07.02-13.57.33:112][112]LogModuleManager: Shutting down and abandoning module ContentBrowser (257)
[2019.07.02-13.57.33:113][112]LogModuleManager: Shutting down and abandoning module TreeMap (255)
[2019.07.02-13.57.33:113][112]LogModuleManager: Shutting down and abandoning module LightPropagationVolumeRuntime (252)
[2019.07.02-13.57.33:113][112]LogModuleManager: Shutting down and abandoning module AISupportModule (250)
[2019.07.02-13.57.33:113][112]LogModuleManager: Shutting down and abandoning module Paper2D (248)
[2019.07.02-13.57.33:113][112]LogModuleManager: Shutting down and abandoning module WindowsMoviePlayer (246)
[2019.07.02-13.57.33:113][112]LogModuleManager: Shutting down and abandoning module WmfMedia (244)
[2019.07.02-13.57.33:114][112]LogModuleManager: Shutting down and abandoning module Media (243)
[2019.07.02-13.57.33:121][112]LogModuleManager: Shutting down and abandoning module PacketHandler (240)
[2019.07.02-13.57.33:121][112]LogModuleManager: Shutting down and abandoning module ClothingSystemEditor (238)
[2019.07.02-13.57.33:121][112]LogModuleManager: Shutting down and abandoning module ClothingSystemRuntime (236)
[2019.07.02-13.57.33:122][112]LogModuleManager: Shutting down and abandoning module MediaAssets (234)
[2019.07.02-13.57.33:122][112]LogModuleManager: Shutting down and abandoning module Overlay (232)
[2019.07.02-13.57.33:122][112]LogModuleManager: Shutting down and abandoning module OverlayEditor (231)
[2019.07.02-13.57.33:122][112]LogModuleManager: Shutting down and abandoning module VREditor (228)
[2019.07.02-13.57.33:122][112]LogModuleManager: Shutting down and abandoning module StringTableEditor (226)
[2019.07.02-13.57.33:123][112]LogModuleManager: Shutting down and abandoning module GameplayTasksEditor (224)
[2019.07.02-13.57.33:123][112]LogModuleManager: Shutting down and abandoning module BehaviorTreeEditor (222)
[2019.07.02-13.57.33:123][112]LogModuleManager: Shutting down and abandoning module FunctionalTesting (220)
[2019.07.02-13.57.33:123][112]LogModuleManager: Shutting down and abandoning module CollisionAnalyzer (218)
[2019.07.02-13.57.33:123][112]LogModuleManager: Shutting down and abandoning module WorkspaceMenuStructure (217)
[2019.07.02-13.57.33:123][112]LogModuleManager: Shutting down and abandoning module UMG (214)
[2019.07.02-13.57.33:123][112]LogModuleManager: Shutting down and abandoning module UMGEditor (213)
[2019.07.02-13.57.33:124][112]LogModuleManager: Shutting down and abandoning module Sequencer (212)
[2019.07.02-13.57.33:125][112]LogModuleManager: Shutting down and abandoning module MessageLog (209)
[2019.07.02-13.57.33:125][112]LogModuleManager: Shutting down and abandoning module SlateReflector (204)
[2019.07.02-13.57.33:126][112]LogModuleManager: Shutting down and abandoning module Slate (202)
[2019.07.02-13.57.33:126][112]LogModuleManager: Shutting down and abandoning module EditorStyle (200)
[2019.07.02-13.57.33:127][112]LogModuleManager: Shutting down and abandoning module MRMesh (198)
[2019.07.02-13.57.33:127][112]LogModuleManager: Shutting down and abandoning module SourceCodeAccess (196)
[2019.07.02-13.57.33:127][112]LogModuleManager: Shutting down and abandoning module HeadMountedDisplay (194)
[2019.07.02-13.57.33:127][112]LogModuleManager: Shutting down and abandoning module XAudio2 (192)
[2019.07.02-13.57.33:127][112]LogModuleManager: Shutting down and abandoning module Networking (190)
[2019.07.02-13.57.33:127][112]LogModuleManager: Shutting down and abandoning module Core (188)
[2019.07.02-13.57.33:127][112]LogModuleManager: Shutting down and abandoning module LevelSequence (186)
[2019.07.02-13.57.33:127][112]LogModuleManager: Shutting down and abandoning module KismetCompiler (184)
[2019.07.02-13.57.33:127][112]LogModuleManager: Shutting down and abandoning module MeshUtilities (182)
[2019.07.02-13.57.33:128][112]LogModuleManager: Shutting down and abandoning module MeshMergeUtilities (181)
[2019.07.02-13.57.33:128][112]LogModuleManager: Shutting down and abandoning module MeshReductionInterface (180)
[2019.07.02-13.57.33:128][112]LogModuleManager: Shutting down and abandoning module SimplygonSwarm (179)
[2019.07.02-13.57.33:128][112]LogModuleManager: Shutting down and abandoning module ProxyLODMeshReduction (177)
[2019.07.02-13.57.33:129][112]LogModuleManager: Shutting down and abandoning module SimplygonMeshReduction (175)
[2019.07.02-13.57.33:129][112]LogModuleManager: Shutting down and abandoning module QuadricMeshReduction (173)
[2019.07.02-13.57.33:129][112]LogModuleManager: Shutting down and abandoning module MaterialBaking (169)
[2019.07.02-13.57.33:130][112]LogModuleManager: Shutting down and abandoning module DirectoryWatcher (165)
[2019.07.02-13.57.33:130][112]LogModuleManager: Shutting down and abandoning module DerivedDataCache (162)
[2019.07.02-13.57.33:175][112]LogDerivedDataCache: Shutdown
[2019.07.02-13.57.33:175][112]LogModuleManager: Shutting down and abandoning module XGEController (160)
[2019.07.02-13.57.33:175][112]LogXGEController: Cleaning working directory: C:/Users/100653103/AppData/Local/Temp/UnrealXGEWorkingDir/
[2019.07.02-13.57.33:175][112]LogModuleManager: Shutting down and abandoning module TargetPlatform (158)
[2019.07.02-13.57.33:176][112]LogModuleManager: Shutting down and abandoning module VulkanShaderFormat (157)
[2019.07.02-13.57.33:176][112]LogModuleManager: Shutting down and abandoning module ShaderFormatVectorVM (155)
[2019.07.02-13.57.33:176][112]LogModuleManager: Shutting down and abandoning module ShaderFormatOpenGL (153)
[2019.07.02-13.57.33:176][112]LogModuleManager: Shutting down and abandoning module ShaderFormatD3D (151)
[2019.07.02-13.57.33:176][112]LogModuleManager: Shutting down and abandoning module MetalShaderFormat (149)
[2019.07.02-13.57.33:176][112]LogModuleManager: Shutting down and abandoning module TextureFormatUncompressed (147)
[2019.07.02-13.57.33:176][112]LogModuleManager: Shutting down and abandoning module TextureFormatPVR (145)
[2019.07.02-13.57.33:176][112]LogModuleManager: Shutting down and abandoning module TextureFormatDXT (143)
[2019.07.02-13.57.33:176][112]LogModuleManager: Shutting down and abandoning module TextureFormatIntelISPCTexComp (141)
[2019.07.02-13.57.33:177][112]LogModuleManager: Shutting down and abandoning module TextureFormatASTC (139)
[2019.07.02-13.57.33:177][112]LogModuleManager: Shutting down and abandoning module ImageWrapper (138)
[2019.07.02-13.57.33:177][112]LogModuleManager: Shutting down and abandoning module TextureFormatAndroid (135)
[2019.07.02-13.57.33:177][112]LogModuleManager: Shutting down and abandoning module AudioFormatOpus (133)
[2019.07.02-13.57.33:177][112]LogModuleManager: Shutting down and abandoning module AudioFormatOgg (131)
[2019.07.02-13.57.33:177][112]LogModuleManager: Shutting down and abandoning module AudioFormatADPCM (129)
[2019.07.02-13.57.33:177][112]LogModuleManager: Shutting down and abandoning module LuminTargetPlatform (127)
[2019.07.02-13.57.33:177][112]LogModuleManager: Shutting down and abandoning module LinuxTargetPlatform (125)
[2019.07.02-13.57.33:177][112]LogModuleManager: Shutting down and abandoning module LinuxServerTargetPlatform (123)
[2019.07.02-13.57.33:177][112]LogModuleManager: Shutting down and abandoning module LinuxNoEditorTargetPlatform (121)
[2019.07.02-13.57.33:177][112]LogModuleManager: Shutting down and abandoning module LinuxClientTargetPlatform (119)
[2019.07.02-13.57.33:177][112]LogModuleManager: Shutting down and abandoning module TVOSTargetPlatform (117)
[2019.07.02-13.57.33:178][112]LogModuleManager: Shutting down and abandoning module Messaging (115)
[2019.07.02-13.57.33:178][112]LogModuleManager: Shutting down and abandoning module IOSTargetPlatform (113)
[2019.07.02-13.57.33:179][112]LogModuleManager: Shutting down and abandoning module HTML5TargetPlatform (111)
[2019.07.02-13.57.33:179][112]LogModuleManager: Shutting down and abandoning module AndroidTargetPlatform (109)
[2019.07.02-13.57.33:186][112]LogModuleManager: Shutting down and abandoning module WindowsTargetPlatform (107)
[2019.07.02-13.57.33:186][112]LogModuleManager: Shutting down and abandoning module WindowsServerTargetPlatform (105)
[2019.07.02-13.57.33:186][112]LogModuleManager: Shutting down and abandoning module WindowsNoEditorTargetPlatform (103)
[2019.07.02-13.57.33:186][112]LogModuleManager: Shutting down and abandoning module WindowsClientTargetPlatform (101)
[2019.07.02-13.57.33:186][112]LogModuleManager: Shutting down and abandoning module MacTargetPlatform (99)
[2019.07.02-13.57.33:186][112]LogModuleManager: Shutting down and abandoning module MacServerTargetPlatform (97)
[2019.07.02-13.57.33:186][112]LogModuleManager: Shutting down and abandoning module MacNoEditorTargetPlatform (95)
[2019.07.02-13.57.33:186][112]LogModuleManager: Shutting down and abandoning module MacClientTargetPlatform (93)
[2019.07.02-13.57.33:186][112]LogModuleManager: Shutting down and abandoning module AllDesktopTargetPlatform (91)
[2019.07.02-13.57.33:186][112]LogModuleManager: Shutting down and abandoning module InputCore (88)
[2019.07.02-13.57.33:186][112]LogModuleManager: Shutting down and abandoning module Settings (86)
[2019.07.02-13.57.33:186][112]LogModuleManager: Shutting down and abandoning module PhysXCooking (84)
[2019.07.02-13.57.33:187][112]LogModuleManager: Shutting down and abandoning module SteamVR (82)
[2019.07.02-13.57.33:187][112]LogModuleManager: Shutting down and abandoning module OculusHMD (80)
[2019.07.02-13.57.33:187][112]LogModuleManager: Shutting down and abandoning module ExampleDeviceProfileSelector (78)
[2019.07.02-13.57.33:187][112]LogModuleManager: Shutting down and abandoning module LauncherChunkInstaller (76)
[2019.07.02-13.57.33:187][112]LogModuleManager: Shutting down and abandoning module OnlineBlueprintSupport (74)
[2019.07.02-13.57.33:187][112]LogModuleManager: Shutting down and abandoning module OnlineSubsystem (70)
[2019.07.02-13.57.33:188][112]LogModuleManager: Shutting down and abandoning module XMPP (65)
[2019.07.02-13.57.33:189][112]LogModuleManager: Shutting down and abandoning module WebSockets (64)
[2019.07.02-13.57.33:210][112]LogModuleManager: Shutting down and abandoning module HTTP (61)
[2019.07.02-13.57.33:210][112]LogHttp: Display: Http module shutting down, but needs to wait on 1 outstanding Http requests:
[2019.07.02-13.57.33:210][112]LogHttp: Display: 	verb=[POST] url=[https://datarouter.ol.epicgames.com/datarouter/api/v1/public/data?SessionID=%7BC8A8BDCA-4420-E594-6E56-9AB02E9599CD%7D&AppID=UEEditor.Rocket.Release&AppVersion=4.20.2-4302132%2B%2B%2BUE4%2BRelease-4.20&UserID=e8569f9741883550258708877298ee17%7C4129bf30eb08410b8d039ebf646d993b%7C926231bf-1e45-44c2-bef1-60e952991e30&AppEnvironment=datacollector-binary&UploadType=eteventstream] status=Processing
[2019.07.02-13.57.33:217][112]LogModuleManager: Shutting down and abandoning module SSL (60)
[2019.07.02-13.57.33:218][112]LogModuleManager: Shutting down and abandoning module MagicLeapEmulator (56)
[2019.07.02-13.57.33:218][112]LogModuleManager: Shutting down and abandoning module MagicLeapPrivileges (54)
[2019.07.02-13.57.33:218][112]LogModuleManager: Shutting down and abandoning module MagicLeapIdentity (52)
[2019.07.02-13.57.33:218][112]LogModuleManager: Shutting down and abandoning module MagicLeapHelperVulkan (50)
[2019.07.02-13.57.33:218][112]LogModuleManager: Shutting down and abandoning module MagicLeapHelperOpenGL (48)
[2019.07.02-13.57.33:218][112]LogModuleManager: Shutting down and abandoning module MagicLeapSecureStorage (46)
[2019.07.02-13.57.33:218][112]LogModuleManager: Shutting down and abandoning module MagicLeapGestures (44)
[2019.07.02-13.57.33:218][112]LogModuleManager: Shutting down and abandoning module MagicLeapEyeTracker (42)
[2019.07.02-13.57.33:218][112]LogModuleManager: Shutting down and abandoning module MagicLeapController (40)
[2019.07.02-13.57.33:218][112]LogSlate: Slate User Destroyed.  User Index 0, Is Virtual User: 0
[2019.07.02-13.57.33:218][112]LogModuleManager: Shutting down and abandoning module MagicLeap (38)
[2019.07.02-13.57.33:218][112]LogModuleManager: Shutting down and abandoning module AnimationModifiers (36)
[2019.07.02-13.57.33:218][112]LogModuleManager: Shutting down and abandoning module PropertyEditor (35)
[2019.07.02-13.57.33:219][112]LogModuleManager: Shutting down and abandoning module AudioEditor (32)
[2019.07.02-13.57.33:219][112]LogModuleManager: Shutting down and abandoning module TextureCompressor (30)
[2019.07.02-13.57.33:219][112]LogModuleManager: Shutting down and abandoning module ShaderCore (28)
[2019.07.02-13.57.33:219][112]LogModuleManager: Shutting down and abandoning module Landscape (26)
[2019.07.02-13.57.33:219][112]LogModuleManager: Shutting down and abandoning module SlateRHIRenderer (24)
[2019.07.02-13.57.33:220][112]LogModuleManager: Shutting down and abandoning module OpenGLDrv (22)
[2019.07.02-13.57.33:220][112]LogModuleManager: Shutting down and abandoning module D3D11RHI (20)
[2019.07.02-13.57.33:220][112]LogModuleManager: Shutting down and abandoning module AnimGraphRuntime (18)
[2019.07.02-13.57.33:220][112]LogModuleManager: Shutting down and abandoning module Renderer (16)
[2019.07.02-13.57.33:220][112]LogModuleManager: Shutting down and abandoning module Engine (14)
[2019.07.02-13.57.33:220][112]LogModuleManager: Shutting down and abandoning module CoreUObject (12)
[2019.07.02-13.57.33:220][112]LogModuleManager: Shutting down and abandoning module NetworkFile (10)
[2019.07.02-13.57.33:221][112]LogModuleManager: Shutting down and abandoning module CookedIterativeFile (8)
[2019.07.02-13.57.33:221][112]LogModuleManager: Shutting down and abandoning module StreamingFile (6)
[2019.07.02-13.57.33:221][112]LogModuleManager: Shutting down and abandoning module SandboxFile (4)
[2019.07.02-13.57.33:221][112]LogModuleManager: Shutting down and abandoning module PakFile (2)
[2019.07.02-13.57.33:226][112]LogExit: Exiting.
[2019.07.02-13.57.33:235][112]Log file closed, 07/02/19 09:57:33
