Log file open, 06/29/19 20:23:33
LogWindows: Failed to load 'aqProf.dll' (GetLastError=126)
LogWindows: File 'aqProf.dll' does not exist
LogWindows: Failed to load 'VSPerf140.dll' (GetLastError=126)
LogWindows: File 'VSPerf140.dll' does not exist
LogWindows: Failed to load 'VtuneApi.dll' (GetLastError=126)
LogWindows: File 'VtuneApi.dll' does not exist
LogWindows: Failed to load 'VtuneApi32e.dll' (GetLastError=126)
LogWindows: File 'VtuneApi32e.dll' does not exist
LogInit: Display: Running engine for game: SummerShorts
LogPlatformFile: Not using cached read wrapper
LogTaskGraph: Started task graph with 5 named threads and 23 total threads with 3 sets of task threads.
LogStats: Stats thread started at 2.255327
LogD3D11RHI: Loaded GFSDK_Aftermath_Lib.x64.dll
LogICUInternationalization: Display: ICU TimeZone Detection - Raw Offset: -5:00, Platform Override: ''
LogPluginManager: Mounting plugin Paper2D
LogPluginManager: Mounting plugin AISupport
LogPluginManager: Mounting plugin LightPropagationVolume
LogPluginManager: Mounting plugin CLionSourceCodeAccess
LogPluginManager: Mounting plugin CodeLiteSourceCodeAccess
LogPluginManager: Mounting plugin GitSourceControl
LogPluginManager: Mounting plugin KDevelopSourceCodeAccess
LogPluginManager: Mounting plugin NullSourceCodeAccess
LogPluginManager: Mounting plugin PerforceSourceControl
LogPluginManager: Mounting plugin SubversionSourceControl
LogPluginManager: Mounting plugin UObjectPlugin
LogPluginManager: Mounting plugin VisualStudioCodeSourceCodeAccess
LogPluginManager: Mounting plugin VisualStudioSourceCodeAccess
LogPluginManager: Mounting plugin XCodeSourceCodeAccess
LogPluginManager: Mounting plugin AssetManagerEditor
LogPluginManager: Mounting plugin CryptoKeys
LogPluginManager: Mounting plugin DataValidation
LogPluginManager: Mounting plugin FacialAnimation
LogPluginManager: Mounting plugin GameplayTagsEditor
LogPluginManager: Mounting plugin MacGraphicsSwitching
LogPluginManager: Mounting plugin MeshEditor
LogPluginManager: Mounting plugin MobileLauncherProfileWizard
LogPluginManager: Mounting plugin PluginBrowser
LogPluginManager: Mounting plugin SpeedTreeImporter
LogPluginManager: Mounting plugin DatasmithContent
LogPluginManager: Mounting plugin AlembicImporter
LogPluginManager: Mounting plugin AppleImageUtils
LogPluginManager: Mounting plugin AppleVision
LogPluginManager: Mounting plugin BackChannel
LogPluginManager: Mounting plugin CharacterAI
LogPluginManager: Mounting plugin GeometryCache
LogPluginManager: Mounting plugin HTML5Networking
LogPluginManager: Mounting plugin ProxyLODPlugin
LogPluginManager: Mounting plugin MagicLeap
LogPluginManager: Mounting plugin MagicLeapEmulator
LogPluginManager: Mounting plugin MagicLeapMedia
LogPluginManager: Mounting plugin AndroidMedia
LogPluginManager: Mounting plugin AvfMedia
LogPluginManager: Mounting plugin ImgMedia
LogPluginManager: Mounting plugin LinearTimecode
LogPluginManager: Mounting plugin MediaCompositing
LogPluginManager: Mounting plugin MediaPlayerEditor
LogPluginManager: Mounting plugin WmfMedia
LogPluginManager: Mounting plugin TcpMessaging
LogPluginManager: Mounting plugin UdpMessaging
LogPluginManager: Mounting plugin ActorSequence
LogPluginManager: Mounting plugin LevelSequenceEditor
LogPluginManager: Mounting plugin MatineeToLevelSequence
LogPluginManager: Mounting plugin NetcodeUnitTest
LogPluginManager: Mounting plugin NUTUnrealEngine4
LogPluginManager: Mounting plugin OnlineSubsystemGooglePlay
LogPluginManager: Mounting plugin OnlineSubsystemIOS
LogPluginManager: Mounting plugin OnlineSubsystem
LogPluginManager: Mounting plugin OnlineSubsystemNull
LogPluginManager: Mounting plugin OnlineSubsystemUtils
LogPluginManager: Mounting plugin LauncherChunkInstaller
LogPluginManager: Mounting plugin AndroidDeviceProfileSelector
LogPluginManager: Mounting plugin AndroidMoviePlayer
LogPluginManager: Mounting plugin AndroidPermission
LogPluginManager: Mounting plugin AppleMoviePlayer
LogPluginManager: Mounting plugin ArchVisCharacter
LogPluginManager: Mounting plugin AudioCapture
LogPluginManager: Mounting plugin CableComponent
LogPluginManager: Mounting plugin CustomMeshComponent
LogPluginManager: Mounting plugin EditableMesh
LogPluginManager: Mounting plugin ExampleDeviceProfileSelector
LogPluginManager: Mounting plugin GoogleCloudMessaging
LogPluginManager: Mounting plugin ImmediatePhysics
LogPluginManager: Mounting plugin IOSDeviceProfileSelector
LogPluginManager: Mounting plugin LinuxDeviceProfileSelector
LogPluginManager: Mounting plugin LocationServicesBPLibrary
LogPluginManager: Mounting plugin MobilePatchingUtils
LogPluginManager: Mounting plugin OculusVR
LogPluginManager: Plugin shader directory ../../../Engine/Plugins/Runtime/Oculus/OculusVR/Shaders found
LogPluginManager: Mapping shader source directory ../../../Engine/Plugins/Runtime/Oculus/OculusVR/Shaders to virtual directory /Plugin/OculusVR
LogPluginManager: Mounting plugin PhysXVehicles
LogPluginManager: Mounting plugin ProceduralMeshComponent
LogPluginManager: Mounting plugin RuntimePhysXCooking
LogPluginManager: Mounting plugin SteamVR
LogPluginManager: Mounting plugin WindowsMoviePlayer
LogStreaming: Display: Took  0.699s to configure plugins.
LogInit: Using libcurl 7.55.1-DEV
LogInit:  - built for x86_64-pc-win32
LogInit:  - supports SSL with OpenSSL/1.0.2h
LogInit:  - supports HTTP deflate (compression) using libz 1.2.8
LogInit:  - other features:
LogInit:      CURL_VERSION_SSL
LogInit:      CURL_VERSION_LIBZ
LogInit:      CURL_VERSION_IPV6
LogInit:      CURL_VERSION_ASYNCHDNS
LogInit:      CURL_VERSION_LARGEFILE
LogInit:      CURL_VERSION_IDN
LogInit:  CurlRequestOptions (configurable via config and command line):
LogInit:  - bVerifyPeer = false  - Libcurl will NOT verify peer certificate
LogInit:  - bUseHttpProxy = false  - Libcurl will NOT use HTTP proxy
LogInit:  - bDontReuseConnections = false  - Libcurl will reuse connections
LogInit:  - CertBundlePath = nullptr  - Libcurl will use whatever was configured at build time.
LogInit:  - MaxHostConnections = 16  - Libcurl will limit the number of connections to a host
LogInit:  - LocalHostAddr = Default
LogInit:  - BufferSize = 65536
LogInit: WinSock: version 1.1 (2.2), MaxSocks=32767, MaxUdp=65467
LogInit: Build: ++UE4+Release-4.20-CL-4369336
LogInit: Engine Version: 4.20.3-4369336+++UE4+Release-4.20
LogInit: Compatible Engine Version: 4.20.0-4212847+++UE4+Release-4.20
LogInit: Net CL: 4212847
LogInit: OS: Windows 10 (), CPU: Intel(R) Core(TM) i7-7700K CPU @ 4.20GHz, GPU: NVIDIA GeForce GTX 1080
LogInit: Compiled (64-bit): Sep 17 2018 12:26:19
LogInit: Compiled with Visual C++: 19.13.26129.00
LogInit: Build Configuration: Development
LogInit: Branch Name: ++UE4+Release-4.20
LogInit: Command Line:  
LogInit: Base Directory: Z:/Epic Games/Epic Games/fortnitev2/UE_4.20/Engine/Binaries/Win64/
LogInit: Installed Engine Build: 1
LogDevObjectVersion: Number of dev versions registered: 20
LogDevObjectVersion:   Dev-Blueprints (B0D832E4-1F89-4F0D-ACCF-7EB736FD4AA2): 10
LogDevObjectVersion:   Dev-Build (E1C64328-A22C-4D53-A36C-8E866417BD8C): 0
LogDevObjectVersion:   Dev-Core (375EC13C-06E4-48FB-B500-84F0262A717E): 2
LogDevObjectVersion:   Dev-Editor (E4B068ED-F494-42E9-A231-DA0B2E46BB41): 24
LogDevObjectVersion:   Dev-Framework (CFFC743F-43B0-4480-9391-14DF171D2073): 34
LogDevObjectVersion:   Dev-Mobile (B02B49B5-BB20-44E9-A304-32B752E40360): 2
LogDevObjectVersion:   Dev-Networking (A4E4105C-59A1-49B5-A7C5-40C4547EDFEE): 0
LogDevObjectVersion:   Dev-Online (39C831C9-5AE6-47DC-9A44-9C173E1C8E7C): 0
LogDevObjectVersion:   Dev-Physics (78F01B33-EBEA-4F98-B9B4-84EACCB95AA2): 0
LogDevObjectVersion:   Dev-Platform (6631380F-2D4D-43E0-8009-CF276956A95A): 0
LogDevObjectVersion:   Dev-Rendering (12F88B9F-8875-4AFC-A67C-D90C383ABD29): 26
LogDevObjectVersion:   Dev-Sequencer (7B5AE74C-D270-4C10-A958-57980B212A5A): 9
LogDevObjectVersion:   Dev-VR (D7296918-1DD6-4BDD-9DE2-64A83CC13884): 2
LogDevObjectVersion:   Dev-LoadTimes (C2A15278-BFE7-4AFE-6C17-90FF531DF755): 1
LogDevObjectVersion:   Private-Geometry (6EACA3D4-40EC-4CC1-B786-8BED09428FC5): 3
LogDevObjectVersion:   Dev-AnimPhys (29E575DD-E0A3-4627-9D10-D276232CDCEA): 17
LogDevObjectVersion:   Dev-ReflectionCapture (6B266CEC-1EC7-4B8F-A30B-E4D90942FC07): 1
LogDevObjectVersion:   Dev-Automation (0DF73D61-A23F-47EA-B727-89E90C41499A): 1
LogDevObjectVersion:   FortniteMain (601D1886-AC64-4F84-AA16-D3DE0DEAC7D6): 12
LogDevObjectVersion:   Dev-Enterprise (9DFFBCD6-494F-0158-E221-12823C92A888): 1
LogStreaming: Display: Took  0.008s to delete old logs.
LogInit: Presizing for max 8388607 objects, including 0 objects not considered by GC, pre-allocating 0 bytes for permanent pool.
LogInit: Object subsystem initialized
[2019.06.30-00.23.36:081][  0]LogInit: Selected Device Profile: [Windows]
[2019.06.30-00.23.36:081][  0]LogInit: Applying CVar settings loaded from the selected device profile: [Windows]
[2019.06.30-00.23.36:226][  0]LogHAL: Display: Platform has ~ 32 GB [34289582080 / 34359738368 / 32], which maps to Largest [LargestMinGB=32, LargerMinGB=12, DefaultMinGB=8, SmallerMinGB=6, SmallestMinGB=0)
[2019.06.30-00.23.36:272][  0]LogInit: Setting Device Profile CVar: [[r.Vulkan.UseRealUBs:1]]
[2019.06.30-00.23.36:273][  0]LogInit: Going up to parent DeviceProfile []
[2019.06.30-00.23.36:291][  0]LogInit: Computer: DYLSPC
[2019.06.30-00.23.36:291][  0]LogInit: User: Dylan
[2019.06.30-00.23.36:291][  0]LogInit: CPU Page size=4096, Cores=4
[2019.06.30-00.23.36:291][  0]LogInit: High frequency timer resolution =10.000000 MHz
[2019.06.30-00.23.36:291][  0]LogMemory: Memory total: Physical=31.9GB (32GB approx)
[2019.06.30-00.23.36:291][  0]LogMemory: Platform Memory Stats for Windows
[2019.06.30-00.23.36:291][  0]LogMemory: Process Physical Memory: 100.36 MB used, 100.36 MB peak
[2019.06.30-00.23.36:291][  0]LogMemory: Process Virtual Memory: 90.90 MB used, 90.90 MB peak
[2019.06.30-00.23.36:291][  0]LogMemory: Physical Memory: 9641.42 MB used,  23059.67 MB free, 32701.09 MB total
[2019.06.30-00.23.36:291][  0]LogMemory: Virtual Memory: 4642.64 MB used,  23059.67 MB free, 134217728.00 MB total
[2019.06.30-00.23.36:854][  0]LogInit: Using OS detected language (en-US).
[2019.06.30-00.23.36:854][  0]LogInit: Using OS detected locale (en-CA).
[2019.06.30-00.23.36:914][  0]LogTextLocalizationManager: No specific localization for 'en-US' exists, so the 'en' localization will be used.
[2019.06.30-00.23.37:678][  0]LogStreaming: Display: Took  0.817s to InitEngineTextLocalization.
[2019.06.30-00.23.37:700][  0]LogInit: Setting process to per monitor DPI aware
[2019.06.30-00.23.39:142][  0]LogSlate: New Slate User Created.  User Index 0, Is Virtual User: 0
[2019.06.30-00.23.39:142][  0]LogSlate: Slate User Registered.  User Index 0, Is Virtual User: 0
[2019.06.30-00.23.41:596][  0]LogHMD: Failed to initialize OpenVR with code 110
[2019.06.30-00.23.41:596][  0]LogD3D11RHI: D3D11 adapters:
[2019.06.30-00.23.41:687][  0]LogD3D11RHI:    0. 'NVIDIA GeForce GTX 1080' (Feature Level 11_0)
[2019.06.30-00.23.41:687][  0]LogD3D11RHI:       8079/0/16350 MB DedicatedVideo/DedicatedSystem/SharedSystem, Outputs:2, VendorId:0x10de
[2019.06.30-00.23.41:691][  0]LogD3D11RHI:    1. 'Microsoft Basic Render Driver' (Feature Level 11_0)
[2019.06.30-00.23.41:691][  0]LogD3D11RHI:       0/0/16350 MB DedicatedVideo/DedicatedSystem/SharedSystem, Outputs:0, VendorId:0x1414
[2019.06.30-00.23.41:691][  0]LogD3D11RHI: Chosen D3D11 Adapter: 0
[2019.06.30-00.23.41:709][  0]LogD3D11RHI: Creating new Direct3DDevice
[2019.06.30-00.23.41:709][  0]LogD3D11RHI:     GPU DeviceId: 0x1b80 (for the marketing name, search the web for "GPU Device Id")
[2019.06.30-00.23.41:720][  0]LogWindows: EnumDisplayDevices:
[2019.06.30-00.23.41:721][  0]LogWindows:    0. 'NVIDIA GeForce GTX 1080' (P:1 D:1)
[2019.06.30-00.23.41:729][  0]LogWindows:    1. 'NVIDIA GeForce GTX 1080' (P:0 D:1)
[2019.06.30-00.23.41:729][  0]LogWindows:    2. 'NVIDIA GeForce GTX 1080' (P:0 D:0)
[2019.06.30-00.23.41:729][  0]LogWindows:    3. 'NVIDIA GeForce GTX 1080' (P:0 D:0)
[2019.06.30-00.23.41:730][  0]LogWindows: DebugString: FoundDriverCount:4 
[2019.06.30-00.23.41:730][  0]LogD3D11RHI:     Adapter Name: NVIDIA GeForce GTX 1080
[2019.06.30-00.23.41:730][  0]LogD3D11RHI:   Driver Version: 416.94 (internal:25.21.14.1694, unified:416.94)
[2019.06.30-00.23.41:730][  0]LogD3D11RHI:      Driver Date: 11-12-2018
[2019.06.30-00.23.41:730][  0]LogRHI: Texture pool is 5655 MB (70% of 8079 MB)
[2019.06.30-00.23.41:788][  0]LogD3D11RHI: Async texture creation enabled
[2019.06.30-00.23.42:073][  0]LogD3D11RHI: GPU Timing Frequency: 1000.000000 (Debug: 2 2)
[2019.06.30-00.23.42:188][  0]LogShaderCompilers: Guid format shader working directory is 15 characters bigger than the processId version (E:/test/ue4/SummerShortsWeek3/Intermediate/Shaders/WorkingDirectory/104924/).
[2019.06.30-00.23.42:192][  0]LogShaderCompilers: Cleaned the shader compiler working directory 'C:/Users/Dylan/AppData/Local/Temp/UnrealShaderWorkingDir/9E3EA0EA4396D02C44726B85305F09B4/'.
[2019.06.30-00.23.43:068][  0]LogTemp: Display: Loaded TP AllDesktopTargetPlatform
[2019.06.30-00.23.43:102][  0]LogTemp: Display: Loaded TP MacClientTargetPlatform
[2019.06.30-00.23.43:135][  0]LogTemp: Display: Loaded TP MacNoEditorTargetPlatform
[2019.06.30-00.23.43:163][  0]LogTemp: Display: Loaded TP MacServerTargetPlatform
[2019.06.30-00.23.43:216][  0]LogTemp: Display: Loaded TP MacTargetPlatform
[2019.06.30-00.23.43:252][  0]LogTemp: Display: Loaded TP WindowsClientTargetPlatform
[2019.06.30-00.23.43:296][  0]LogTemp: Display: Loaded TP WindowsNoEditorTargetPlatform
[2019.06.30-00.23.43:316][  0]LogTemp: Display: Loaded TP WindowsServerTargetPlatform
[2019.06.30-00.23.43:332][  0]LogTemp: Display: Loaded TP WindowsTargetPlatform
[2019.06.30-00.23.43:457][  0]LogTemp: Display: Loaded TP AndroidTargetPlatform
[2019.06.30-00.23.43:457][  0]LogTemp: Display: Loaded TP AndroidTargetPlatform
[2019.06.30-00.23.43:457][  0]LogTemp: Display: Loaded TP AndroidTargetPlatform
[2019.06.30-00.23.43:457][  0]LogTemp: Display: Loaded TP AndroidTargetPlatform
[2019.06.30-00.23.43:457][  0]LogTemp: Display: Loaded TP AndroidTargetPlatform
[2019.06.30-00.23.43:457][  0]LogTemp: Display: Loaded TP AndroidTargetPlatform
[2019.06.30-00.23.43:457][  0]LogTemp: Display: Loaded TP AndroidTargetPlatform
[2019.06.30-00.23.43:457][  0]LogTemp: Display: Loaded TP AndroidTargetPlatform
[2019.06.30-00.23.43:457][  0]LogTemp: Display: Loaded TP AndroidTargetPlatform
[2019.06.30-00.23.43:457][  0]LogTemp: Display: Loaded TP AndroidTargetPlatform
[2019.06.30-00.23.43:457][  0]LogTemp: Display: Loaded TP AndroidTargetPlatform
[2019.06.30-00.23.43:457][  0]LogTemp: Display: Loaded TP AndroidTargetPlatform
[2019.06.30-00.23.43:457][  0]LogTemp: Display: Loaded TP AndroidTargetPlatform
[2019.06.30-00.23.43:457][  0]LogTemp: Display: Loaded TP AndroidTargetPlatform
[2019.06.30-00.23.43:457][  0]LogTemp: Display: Loaded TP AndroidTargetPlatform
[2019.06.30-00.23.43:457][  0]LogTemp: Display: Loaded TP AndroidTargetPlatform
[2019.06.30-00.23.43:457][  0]LogTemp: Display: Loaded TP AndroidTargetPlatform
[2019.06.30-00.23.43:457][  0]LogTemp: Display: Loaded TP AndroidTargetPlatform
[2019.06.30-00.23.43:478][  0]LogTemp: Display: Loaded TP HTML5TargetPlatform
[2019.06.30-00.23.43:690][  0]LogTemp: Display: Loaded TP IOSTargetPlatform
[2019.06.30-00.23.43:690][  0]LogTemp: Display: Loaded TP IOSTargetPlatform
[2019.06.30-00.23.43:732][  0]LogTemp: Display: Loaded TP TVOSTargetPlatform
[2019.06.30-00.23.43:732][  0]LogTemp: Display: Loaded TP TVOSTargetPlatform
[2019.06.30-00.23.43:790][  0]LogTemp: Display: Loaded TP LinuxClientTargetPlatform
[2019.06.30-00.23.43:812][  0]LogTemp: Display: Loaded TP LinuxNoEditorTargetPlatform
[2019.06.30-00.23.43:835][  0]LogTemp: Display: Loaded TP LinuxServerTargetPlatform
[2019.06.30-00.23.43:879][  0]LogTemp: Display: Loaded TP LinuxTargetPlatform
[2019.06.30-00.23.43:899][  0]LogTemp: Display: Loaded TP LuminTargetPlatform
[2019.06.30-00.23.43:899][  0]LogTargetPlatformManager: Display: Building Assets For Windows
[2019.06.30-00.23.44:599][  0]LogXGEController: Cleaning working directory: C:/Users/Dylan/AppData/Local/Temp/UnrealXGEWorkingDir/
[2019.06.30-00.23.44:600][  0]LogXGEController: Cannot use XGE Controller as Incredibuild is not installed on this machine.
[2019.06.30-00.23.44:600][  0]LogShaderCompilers: Cannot use XGE Shader Compiler as Incredibuild is not installed on this machine.
[2019.06.30-00.23.44:600][  0]LogShaderCompilers: Display: Using Local Shader Compiler.
[2019.06.30-00.23.47:396][  0]LogDerivedDataCache: Display: Max Cache Size: 512 MB
[2019.06.30-00.23.47:888][  0]LogDerivedDataCache: Loaded boot cache 0.49s 87MB C:/Users/Dylan/AppData/Local/UnrealEngine/4.20/DerivedDataCache/Boot.ddc.
[2019.06.30-00.23.47:889][  0]LogDerivedDataCache: Display: Loaded Boot cache: C:/Users/Dylan/AppData/Local/UnrealEngine/4.20/DerivedDataCache/Boot.ddc
[2019.06.30-00.23.47:889][  0]LogDerivedDataCache: FDerivedDataBackendGraph:  Pak pak cache file E:/test/ue4/SummerShortsWeek3/DerivedDataCache/DDC.ddp not found, will not use a pak cache.
[2019.06.30-00.23.47:889][  0]LogDerivedDataCache: Unable to find inner node Pak for hierarchical cache Hierarchy.
[2019.06.30-00.23.47:889][  0]LogDerivedDataCache: FDerivedDataBackendGraph:  CompressedPak pak cache file E:/test/ue4/SummerShortsWeek3/DerivedDataCache/Compressed.ddp not found, will not use a pak cache.
[2019.06.30-00.23.47:889][  0]LogDerivedDataCache: Unable to find inner node CompressedPak for hierarchical cache Hierarchy.
[2019.06.30-00.23.47:942][  0]LogDerivedDataCache: Display: Pak cache opened for reading ../../../Engine/DerivedDataCache/Compressed.ddp.
[2019.06.30-00.23.47:957][  0]LogDerivedDataCache: Using Local data cache path C:/Users/Dylan/AppData/Local/UnrealEngine/Common/DerivedDataCache: Writable
[2019.06.30-00.23.47:957][  0]LogDerivedDataCache: Shared data cache path not found in *engine.ini, will not use an Shared cache.
[2019.06.30-00.23.47:957][  0]LogDerivedDataCache: Unable to find inner node Shared for hierarchical cache Hierarchy.
[2019.06.30-00.23.48:021][  0]LogMaterial: Verifying Global Shaders for PCD3D_SM5
[2019.06.30-00.23.48:077][  0]LogSlate: Using FreeType 2.6.0
[2019.06.30-00.23.48:266][  0]LogSlate: SlateFontServices - WITH_FREETYPE: 1, WITH_HARFBUZZ: 1
[2019.06.30-00.23.48:796][  0]LogAssetRegistry: FAssetRegistry took 0.0506 seconds to start up
[2019.06.30-00.23.51:971][  0]LogInit: Selected Device Profile: [Windows]
[2019.06.30-00.23.53:171][  0]LogSimplygon: Simplygon DLL not present - disabling.
[2019.06.30-00.23.53:306][  0]LogMeshReduction: Using SimplygonSwarm for distributed automatic mesh merging
[2019.06.30-00.23.53:306][  0]LogMeshReduction: Using ProxyLODMeshReduction for automatic mesh merging
[2019.06.30-00.23.53:312][  0]LogMeshReduction: Using QuadricMeshReduction for automatic static mesh reduction
[2019.06.30-00.23.53:313][  0]LogMeshReduction: No automatic skeletal mesh reduction module available
[2019.06.30-00.23.53:631][  0]LogNetVersion: SummerShorts 1.0.0, NetCL: 4212847, EngineNetVer: 5, GameNetVer: 0 (Checksum: 178876072)
[2019.06.30-00.23.57:318][  0]LogPackageLocalizationCache: Processed 11 localized package path(s) for 2 prioritized culture(s) in 0.383319 seconds
[2019.06.30-00.23.57:363][  0]LogUObjectArray: 38425 objects as part of root set at end of initial load.
[2019.06.30-00.23.57:363][  0]LogUObjectAllocator: 6690872 out of 0 bytes used by permanent object pool.
[2019.06.30-00.23.57:363][  0]LogUObjectArray: CloseDisregardForGC: 0/0 objects in disregard for GC pool
[2019.06.30-00.24.07:145][  0]LogTcpMessaging: Initializing TcpMessaging bridge
[2019.06.30-00.24.07:178][  0]LogUdpMessaging: Initializing bridge on interface 0.0.0.0:0 to multicast group 230.0.0.1:6666.
[2019.06.30-00.24.08:473][  0]SourceControl: Source control is disabled
[2019.06.30-00.24.08:478][  0]SourceControl: Source control is disabled
[2019.06.30-00.24.08:560][  0]SourceControl: Source control is disabled
[2019.06.30-00.24.08:587][  0]SourceControl: Source control is disabled
[2019.06.30-00.24.10:166][  0]LogAndroidPermission: UAndroidPermissionCallbackProxy::GetInstance
[2019.06.30-00.24.10:473][  0]LogOcInput: OculusInput pre-init called
[2019.06.30-00.24.11:126][  0]LogEngine: Initializing Engine...
[2019.06.30-00.24.11:179][  0]LogHMD: Failed to initialize OpenVR with code 110
[2019.06.30-00.24.11:209][  0]LogStats: UGameplayTagsManager::ConstructGameplayTagTree: ImportINI prefixes -  0.000 s
[2019.06.30-00.24.11:209][  0]LogStats: UGameplayTagsManager::ConstructGameplayTagTree: Construct from data asset -  0.000 s
[2019.06.30-00.24.11:211][  0]LogStats: UGameplayTagsManager::ConstructGameplayTagTree: ImportINI -  0.002 s
[2019.06.30-00.24.11:211][  0]LogStats: UGameplayTagsManager::ConstructGameplayTagTree: GameplayTagTreeChangedEvent.Broadcast -  0.000 s
[2019.06.30-00.24.11:853][  0]LogInit: Initializing FReadOnlyCVARCache
[2019.06.30-00.24.12:407][  0]LogAIModule: Creating AISystem for world Untitled
[2019.06.30-00.24.12:689][  0]LogInit: XAudio2 using 'Speakers (Yeti Stereo Microphone)' : 2 channels at 48 kHz using 16 bits per sample (channel mask 0x3)
[2019.06.30-00.24.12:787][  0]LogInit: FAudioDevice initialized.
[2019.06.30-00.24.12:806][  0]LogNetVersion: Set ProjectVersion to 1.0.0.0. Version Checksum will be recalculated on next use.
[2019.06.30-00.24.12:934][  0]LogDerivedDataCache: Saved boot cache 0.13s 87MB C:/Users/Dylan/AppData/Local/UnrealEngine/4.20/DerivedDataCache/Boot.ddc.
[2019.06.30-00.24.12:946][  0]LogInit: Texture streaming: Enabled
[2019.06.30-00.24.13:125][  0]LogEngineSessionManager: EngineSessionManager initialized
[2019.06.30-00.24.13:349][  0]LogInit: Transaction tracking system initialized
[2019.06.30-00.24.13:689][  0]BlueprintLog: New page: Editor Load
[2019.06.30-00.24.15:121][  0]LocalizationService: Localization service is disabled
[2019.06.30-00.24.19:875][  0]LogFileCache: Scanning file cache for directory 'E:/test/ue4/SummerShortsWeek3/Content/' took 0.13s
[2019.06.30-00.24.19:875][  0]LogCook: Display: Max memory allowance for cook 16384mb min free memory 0mb
[2019.06.30-00.24.19:877][  0]LogCook: Display: Mobile HDR setting 1
[2019.06.30-00.24.19:915][  0]LogGameplayTags: Display: UGameplayTagsManager::DoneAddingNativeTags. DelegateIsBound: 0
[2019.06.30-00.24.19:915][  0]LogStats: UGameplayTagsManager::ConstructGameplayTagTree: ImportINI prefixes -  0.000 s
[2019.06.30-00.24.19:915][  0]LogStats: UGameplayTagsManager::ConstructGameplayTagTree: Construct from data asset -  0.000 s
[2019.06.30-00.24.19:915][  0]LogStats: UGameplayTagsManager::ConstructGameplayTagTree: ImportINI -  0.000 s
[2019.06.30-00.24.19:915][  0]LogStats: UGameplayTagsManager::ConstructGameplayTagTree: GameplayTagTreeChangedEvent.Broadcast -  0.000 s
[2019.06.30-00.24.21:568][  0]SourceControl: Source control is disabled
[2019.06.30-00.24.21:579][  0]Cmd: MAP LOAD FILE="E:/test/ue4/SummerShortsWeek3/Content/RollingBP/Maps/RollingBPExampleMap.umap" TEMPLATE=0 SHOWPROGRESS=1 FEATURELEVEL=3
[2019.06.30-00.24.21:719][  0]LightingResults: New page: Lighting Build
[2019.06.30-00.24.21:883][  0]MapCheck: New page: Map Check
[2019.06.30-00.24.21:884][  0]LightingResults: New page: Lighting Build
[2019.06.30-00.24.23:854][  0]LogAIModule: Creating AISystem for world RollingBPExampleMap
[2019.06.30-00.24.24:818][  0]LogEditorServer: Finished looking for orphan Actors (0.011 secs)
[2019.06.30-00.24.25:057][  0]Cmd: MAP CHECKDEP NOCLEARLOG
[2019.06.30-00.24.25:153][  0]MapCheck: Map check complete: 0 Error(s), 0 Warning(s), took 95.608ms to complete.
[2019.06.30-00.24.25:170][  0]LogFileHelpers: Loading map 'RollingBPExampleMap' took 3.598
[2019.06.30-00.24.26:846][  0]LogSlate: Updating window title bar state: overlay mode, drag disabled, window buttons hidden, title bar hidden
[2019.06.30-00.24.26:862][  0]LogSlate: Updating window title bar state: overlay mode, drag disabled, window buttons hidden, title bar hidden
[2019.06.30-00.24.26:868][  0]LogSlate: Updating window title bar state: overlay mode, drag disabled, window buttons hidden, title bar hidden
[2019.06.30-00.24.26:874][  0]LogSlate: Updating window title bar state: overlay mode, drag disabled, window buttons hidden, title bar hidden
[2019.06.30-00.24.27:582][  0]LogCollectionManager: Loaded 0 collections in 0.001352 seconds
[2019.06.30-00.24.27:711][  0]LogFileCache: Scanning file cache for directory 'E:/test/ue4/SummerShortsWeek3/Saved/Collections/' took 0.01s
[2019.06.30-00.24.27:711][  0]LogFileCache: Scanning file cache for directory 'E:/test/ue4/SummerShortsWeek3/Content/Developers/Dylan/Collections/' took 0.01s
[2019.06.30-00.24.27:711][  0]LogFileCache: Scanning file cache for directory 'E:/test/ue4/SummerShortsWeek3/Content/Collections/' took 0.01s
[2019.06.30-00.24.27:711][  0]LogCollectionManager: Rebuilt the GUID cache for 0 collections in 0.000001 seconds
[2019.06.30-00.24.27:727][  0]LogContentBrowser: Native class hierarchy populated in 0.0150 seconds. Added 2573 classes and 605 folders.
[2019.06.30-00.24.27:841][  0]LogContentBrowser: Native class hierarchy updated for 'WidgetCarousel' in 0.0003 seconds. Added 0 classes and 0 folders.
[2019.06.30-00.24.28:781][  0]LogContentBrowser: Native class hierarchy updated for 'AddContentDialog' in 0.0004 seconds. Added 0 classes and 0 folders.
[2019.06.30-00.24.28:863][  0]LogSlate: Took 0.018668 seconds to synchronously load lazily loaded font '../../../Engine/Content/Slate/Fonts/Roboto-Regular.ttf' (155K)
[2019.06.30-00.24.28:905][  0]LogSlate: Took 0.014301 seconds to synchronously load lazily loaded font '../../../Engine/Content/Slate/Fonts/Roboto-Bold.ttf' (160K)
[2019.06.30-00.24.28:997][  0]LogSlate: Took 0.015234 seconds to synchronously load lazily loaded font '../../../Engine/Content/Editor/Slate/Fonts/FontAwesome.ttf' (139K)
[2019.06.30-00.24.29:479][  0]LogRenderer: Reallocating scene render targets to support 1196x924 Format 10 NumSamples 1 (Frame:1).
[2019.06.30-00.24.30:120][  0]LogSlate: FSceneViewport::OnFocusLost() reason 2
[2019.06.30-00.24.30:284][  0]LogSlate: Window 'Tutorials' being destroyed
[2019.06.30-00.24.30:405][  0]LogContentBrowser: Native class hierarchy updated for 'HierarchicalLODOutliner' in 0.0003 seconds. Added 0 classes and 0 folders.
[2019.06.30-00.24.30:405][  0]LogLoad: (Engine Initialization) Total time: 69.29 seconds
[2019.06.30-00.24.30:405][  0]LogLoad: (Engine Initialization) Total Blueprint compile time: 0.00 seconds
[2019.06.30-00.24.30:798][  0]LogContentStreaming: Texture pool size now 1000 MB
[2019.06.30-00.24.31:525][  3]LogSlate: Took 0.016878 seconds to synchronously load lazily loaded font '../../../Engine/Content/Slate/Fonts/Roboto-Light.ttf' (167K)
[2019.06.30-00.24.31:711][  4]LogAssetRegistry: Asset discovery search completed in 42.9596 seconds
[2019.06.30-00.24.31:725][  4]LogCollectionManager: Rebuilt the object cache for 0 collections in 0.000000 seconds (found 0 objects)
[2019.06.30-00.24.31:725][  4]LogCollectionManager: Fixed up redirectors for 0 collections in 0.012185 seconds (updated 0 objects)
[2019.06.30-00.25.45:987][226]LogSlate: FSceneViewport::OnFocusLost() reason 2
[2019.06.30-00.25.53:292][650]LogTemp: Executing iPhonePackager certificates Engine -bundlename com.YourCompany.SummerShorts
[2019.06.30-00.25.53:293][650]LogTemp: CWD: Z:\Epic Games\Epic Games\fortnitev2\UE_4.20\Engine\Binaries\DotNET\IOS
[2019.06.30-00.25.53:293][650]LogTemp: Initial Dir: Z:\Epic Games\Epic Games\fortnitev2\UE_4.20
[2019.06.30-00.25.53:293][650]LogTemp: Env CWD: Z:\Epic Games\Epic Games\fortnitev2\UE_4.20\Engine\Binaries\DotNET\IOS
[2019.06.30-00.25.53:293][650]LogTemp: BranchPath = DYLSPC/Z/Epic Games/Epic Games/fortnitev2/UE_4.20/Engine/Binaries --- GameBranchPath = DYLSPC/Z/Epic Games/Epic Games/fortnitev2/UE_4.20/Engine/Binaries
[2019.06.30-00.25.53:293][650]LogTemp: IPP ERROR: Could not find provision directory 'C:\Users\Dylan\AppData\Local/Apple Computer/MobileDevice/Provisioning Profiles/'.
[2019.06.30-00.25.53:293][650]LogSlate: Only BGRA pngs, bmps or icos are supported in by External Image Picker
[2019.06.30-00.25.57:503][ 63]LogSlate: Took 0.000686 seconds to synchronously load lazily loaded font '../../../Engine/Content/Slate/Fonts/Roboto-Light.ttf' (167K)
[2019.06.30-00.26.04:255][787]LogSlate: Window 'Project Settings' being destroyed
[2019.06.30-00.26.04:257][787]LogSlate: Window 'Project Settings' being destroyed
[2019.06.30-00.26.26:139][ 83]LogSlate: FSceneViewport::OnFocusLost() reason 0
[2019.06.30-00.26.45:078][140]LogAIModule: Creating AISystem for world SummerShorts
[2019.06.30-00.26.45:079][140]LogMaterial: Warning: Material /Game/Elemental/Environment/Ice_Assets/Textures/tree_bark_1_Mat.tree_bark_1_Mat needed to have new flag set bUsedWithInstancedStaticMeshes !
[2019.06.30-00.26.45:091][140]LogMaterial: Display: Missing cached shader map for material tree_bark_1_Mat, compiling. 
[2019.06.30-00.26.45:294][140]LogShaderCompilers: Display: Shaders left to compile 99
[2019.06.30-00.26.45:294][140]LogShaderCompilers: Display: Shaders left to compile 89
[2019.06.30-00.26.45:294][140]LogShaderCompilers: Display: Shaders left to compile 79
[2019.06.30-00.26.45:294][140]LogShaderCompilers: Display: Shaders left to compile 69
[2019.06.30-00.26.45:294][140]MapCheck: Warning: tree_bark_1_Mat Material /Game/Elemental/Environment/Ice_Assets/Textures/tree_bark_1_Mat.tree_bark_1_Mat was missing the usage flag bUsedWithInstancedStaticMeshes. If the material asset is not re-saved, it may not render correctly when run outside the editor. Fix
[2019.06.30-00.26.45:355][140]LogMaterial: Warning: Material /Game/Elemental/Environment/Ice_Assets/Materials/M_Pinebranch_1.M_Pinebranch_1 needed to have new flag set bUsedWithInstancedStaticMeshes !
[2019.06.30-00.26.45:360][140]LogMaterial: Display: Missing cached shader map for material M_Pinebranch_1, compiling. 
[2019.06.30-00.26.45:427][140]MapCheck: Warning: M_Pinebranch_1 Material /Game/Elemental/Environment/Ice_Assets/Materials/M_Pinebranch_1.M_Pinebranch_1 was missing the usage flag bUsedWithInstancedStaticMeshes. If the material asset is not re-saved, it may not render correctly when run outside the editor. Fix
[2019.06.30-00.26.45:957][140]LogAssetEditorManager: Opening Asset editor for World /Game/SummerShorts.SummerShorts
[2019.06.30-00.26.46:101][140]Cmd: MAP LOAD FILE="E:/test/ue4/SummerShortsWeek3/Content/SummerShorts.umap" TEMPLATE=0 SHOWPROGRESS=1 FEATURELEVEL=3
[2019.06.30-00.26.46:102][140]LightingResults: New page: Lighting Build
[2019.06.30-00.26.46:106][140]LoadErrors: New page: Loading map: SummerShorts.umap
[2019.06.30-00.26.46:140][140]MapCheck: New page: Map Check
[2019.06.30-00.26.46:140][140]LightingResults: New page: Lighting Build
[2019.06.30-00.26.47:024][140]LogEditorServer: Finished looking for orphan Actors (0.000 secs)
[2019.06.30-00.26.47:112][140]Cmd: MAP CHECKDEP NOCLEARLOG
[2019.06.30-00.26.47:334][140]MapCheck: Map check complete: 0 Error(s), 0 Warning(s), took 221.767ms to complete.
[2019.06.30-00.26.47:338][140]LogFileHelpers: Loading map 'SummerShorts' took 1.251
[2019.06.30-00.26.49:064][249]LogShaderCompilers: Display: Shaders left to compile 174
[2019.06.30-00.26.49:274][271]LogShaderCompilers: Display: Shaders left to compile 164
[2019.06.30-00.26.51:067][434]LogShaderCompilers: Display: Shaders left to compile 154
[2019.06.30-00.26.51:375][466]LogShaderCompilers: Display: Shaders left to compile 144
[2019.06.30-00.26.52:936][621]LogShaderCompilers: Display: Shaders left to compile 134
[2019.06.30-00.26.52:960][624]LogShaderCompilers: Display: Shaders left to compile 124
[2019.06.30-00.26.54:043][729]LogShaderCompilers: Display: Shaders left to compile 114
[2019.06.30-00.26.55:006][829]LogShaderCompilers: Display: Shaders left to compile 104
[2019.06.30-00.26.55:762][899]LogShaderCompilers: Display: Shaders left to compile 94
[2019.06.30-00.26.55:990][908]LogShaderCompilers: Display: Shaders left to compile 84
[2019.06.30-00.26.56:151][925]LogShaderCompilers: Display: Shaders left to compile 74
[2019.06.30-00.26.57:095][ 15]LogShaderCompilers: Display: Shaders left to compile 64
[2019.06.30-00.26.57:551][ 62]LogShaderCompilers: Display: Shaders left to compile 54
[2019.06.30-00.26.59:626][271]LogShaderCompilers: Display: Shaders left to compile 44
[2019.06.30-00.26.59:985][305]LogShaderCompilers: Display: Shaders left to compile 34
[2019.06.30-00.27.00:016][306]LogShaderCompilers: Display: Shaders left to compile 24
[2019.06.30-00.27.00:345][339]LogShaderCompilers: Display: Shaders left to compile 14
[2019.06.30-00.27.02:093][496]LogShaderCompilers: Display: Shaders left to compile 4
[2019.06.30-00.27.29:161][516]LogSlate: Window 'Message Log' being destroyed
[2019.06.30-00.27.29:163][516]LogSlate: Window 'Message Log' being destroyed
[2019.06.30-00.27.37:862][339]LogRenderer: Reallocating scene render targets to support 1204x924 Format 10 NumSamples 1 (Frame:5170).
[2019.06.30-00.27.37:907][340]LogRenderer: Reallocating scene render targets to support 1224x924 Format 10 NumSamples 1 (Frame:5172).
[2019.06.30-00.27.37:955][340]LogRenderer: Reallocating scene render targets to support 1256x924 Format 10 NumSamples 1 (Frame:5174).
[2019.06.30-00.27.38:012][342]LogRenderer: Reallocating scene render targets to support 1296x924 Format 10 NumSamples 1 (Frame:5176).
[2019.06.30-00.27.38:057][342]LogRenderer: Reallocating scene render targets to support 1320x924 Format 10 NumSamples 1 (Frame:5178).
[2019.06.30-00.27.38:116][343]LogRenderer: Reallocating scene render targets to support 1352x924 Format 10 NumSamples 1 (Frame:5180).
[2019.06.30-00.27.38:172][345]LogRenderer: Reallocating scene render targets to support 1372x924 Format 10 NumSamples 1 (Frame:5182).
[2019.06.30-00.27.38:215][346]LogRenderer: Reallocating scene render targets to support 1388x924 Format 10 NumSamples 1 (Frame:5184).
[2019.06.30-00.27.38:257][347]LogRenderer: Reallocating scene render targets to support 1400x924 Format 10 NumSamples 1 (Frame:5186).
[2019.06.30-00.27.38:298][348]LogRenderer: Reallocating scene render targets to support 1404x924 Format 10 NumSamples 1 (Frame:5188).
[2019.06.30-00.27.38:338][349]LogRenderer: Reallocating scene render targets to support 1408x924 Format 10 NumSamples 1 (Frame:5190).
[2019.06.30-00.41.51:304][936]LogEditorViewport: Clicking on Actor (context menu): Landscape (Landscape)
[2019.06.30-00.41.51:811][936]LogSlate: FSceneViewport::OnFocusLost() reason 2
[2019.06.30-00.41.53:201][ 75]LogPlayLevel: PlayLevel: No blueprints needed recompiling
[2019.06.30-00.41.53:292][ 75]PIE: New page: PIE session: SummerShorts (Jun 29, 2019, 4:41:53 PM)
[2019.06.30-00.41.53:293][ 75]LogPlayLevel: Creating play world package: /Game/UEDPIE_0_SummerShorts
[2019.06.30-00.41.53:401][ 75]LogPlayLevel: PIE: StaticDuplicateObject took: (0.108257s)
[2019.06.30-00.41.53:402][ 75]LogAIModule: Creating AISystem for world SummerShorts
[2019.06.30-00.41.53:415][ 75]LogPlayLevel: PIE: World Init took: (0.013726s)
[2019.06.30-00.41.53:426][ 75]LogPlayLevel: PIE: Created PIE world by copying editor world from /Game/SummerShorts.SummerShorts to /Game/UEDPIE_0_SummerShorts.SummerShorts (0.132401s)
[2019.06.30-00.41.53:512][ 75]LogInit: XAudio2 using 'Speakers (Yeti Stereo Microphone)' : 2 channels at 48 kHz using 16 bits per sample (channel mask 0x3)
[2019.06.30-00.41.53:524][ 75]LogInit: FAudioDevice initialized.
[2019.06.30-00.41.53:537][ 75]LogSlate: FSceneViewport::OnFocusLost() reason 2
[2019.06.30-00.41.53:596][ 75]LogLoad: Game class is 'RollingGameMode_C'
[2019.06.30-00.41.53:690][ 75]LogWorld: Bringing World /Game/UEDPIE_0_SummerShorts.SummerShorts up for play (max tick rate 0) at 2019.06.29-20.41.53
[2019.06.30-00.41.53:744][ 75]LogWorld: Bringing up level for play took: 0.054766
[2019.06.30-00.41.53:844][ 75]LogContentBrowser: Native class hierarchy updated for 'MovieSceneCapture' in 0.0004 seconds. Added 10 classes and 0 folders.
[2019.06.30-00.41.53:905][ 75]PIE: Play in editor start time for /Game/UEDPIE_0_SummerShorts 1.518
[2019.06.30-00.42.14:838][564]LogSlate: Updating window title bar state: overlay mode, drag disabled, window buttons hidden, title bar hidden
[2019.06.30-00.42.15:472][564]LogPlayLevel: Display: Shutting down PIE online subsystems
[2019.06.30-00.42.15:554][564]LogSlate: Updating window title bar state: overlay mode, drag disabled, window buttons hidden, title bar hidden
[2019.06.30-00.42.15:604][565]LogPlayLevel: Display: Destroying online subsystem :Context_2
[2019.06.30-00.44.04:455][513]LogSlate: FSceneViewport::OnFocusLost() reason 0
[2019.06.30-00.44.11:271][219]LogSlate: FSceneViewport::OnFocusLost() reason 0
[2019.06.30-00.44.11:634][248]LogActorFactory: Actor Factory created SM_Throne_Exterior_Wall_Curved_01
[2019.06.30-00.44.12:347][318]LogActorFactory: Actor Factory created SM_Throne_Exterior_Wall_Curved_01
[2019.06.30-00.44.21:872][350]Cmd: DELETE
[2019.06.30-00.44.21:872][350]Cmd: ACTOR DELETE
[2019.06.30-00.44.22:127][350]LogEditorActor: Deleted Actor: StaticMeshActor
[2019.06.30-00.44.22:200][350]LogEditorActor: Deleted 1 Actors (0.139 secs)
[2019.06.30-00.44.23:340][483]LogEditorViewport: Clicking on Actor (LMB): StaticMeshActor (SM_CliffIce_4)
[2019.06.30-00.44.26:595][862]LogEditorViewport: Clicking on Actor (LMB): StaticMeshActor (SM_Throne_Exterior_Wall_Curved_2)
[2019.06.30-00.44.35:912][936]LogSlate: FSceneViewport::OnFocusLost() reason 0
[2019.06.30-00.44.37:496][945]LogTexture: Display: Building textures: Texture2D_2 (G8, 128X128)
[2019.06.30-00.44.45:226][772]LogSlate: FSceneViewport::OnFocusLost() reason 0
[2019.06.30-00.44.49:296][199]Cmd: TRANSACTION UNDO
[2019.06.30-00.44.49:296][199]LogEditorTransaction: Undo Landscape Editing: Sculpt
[2019.06.30-00.44.51:748][455]LogSlate: FSceneViewport::OnFocusLost() reason 0
[2019.06.30-00.44.54:805][773]LogTexture: Display: Building textures: Texture2D_19 (BGRA8, 64X64)
[2019.06.30-00.44.54:872][773]LogTexture: Display: Building textures: Texture2D_20 (BGRA8, 64X64)
[2019.06.30-00.44.57:745][ 58]Cmd: TRANSACTION UNDO
[2019.06.30-00.44.57:745][ 58]LogEditorTransaction: Undo Landscape Editing: Paint
[2019.06.30-00.44.57:752][ 58]LogTexture: Display: Building textures: Texture2D_10 (BGRA8, 64X64)
[2019.06.30-00.44.57:758][ 58]LogTexture: Display: Building textures: Texture2D_19 (BGRA8, 64X64)
[2019.06.30-00.44.57:763][ 58]LogTexture: Display: Building textures: Texture2D_9 (BGRA8, 64X64)
[2019.06.30-00.44.57:770][ 58]LogTexture: Display: Building textures: Texture2D_20 (BGRA8, 64X64)
[2019.06.30-00.45.10:167][482]LogSlate: FSceneViewport::OnFocusLost() reason 0
[2019.06.30-00.45.12:640][774]LogEditorViewport: Clicking on Actor (context menu): Landscape (Landscape)
[2019.06.30-00.45.13:246][774]LogSlate: FSceneViewport::OnFocusLost() reason 2
[2019.06.30-00.45.14:212][870]LogPlayLevel: PlayLevel: No blueprints needed recompiling
[2019.06.30-00.45.14:212][870]PIE: New page: PIE session: SummerShorts (Jun 29, 2019, 4:45:14 PM)
[2019.06.30-00.45.14:212][870]LogPlayLevel: Creating play world package: /Game/UEDPIE_0_SummerShorts
[2019.06.30-00.45.14:223][870]LogPlayLevel: PIE: StaticDuplicateObject took: (0.010607s)
[2019.06.30-00.45.14:224][870]LogAIModule: Creating AISystem for world SummerShorts
[2019.06.30-00.45.14:224][870]LogPlayLevel: PIE: World Init took: (0.000734s)
[2019.06.30-00.45.14:224][870]LogPlayLevel: PIE: Created PIE world by copying editor world from /Game/SummerShorts.SummerShorts to /Game/UEDPIE_0_SummerShorts.SummerShorts (0.011458s)
[2019.06.30-00.45.14:260][870]LogInit: XAudio2 using 'Speakers (Yeti Stereo Microphone)' : 2 channels at 48 kHz using 16 bits per sample (channel mask 0x3)
[2019.06.30-00.45.14:274][870]LogInit: FAudioDevice initialized.
[2019.06.30-00.45.14:274][870]LogSlate: FSceneViewport::OnFocusLost() reason 2
[2019.06.30-00.45.14:305][870]LogLoad: Game class is 'RollingGameMode_C'
[2019.06.30-00.45.14:307][870]LogWorld: Bringing World /Game/UEDPIE_0_SummerShorts.SummerShorts up for play (max tick rate 0) at 2019.06.29-20.45.14
[2019.06.30-00.45.14:307][870]LogWorld: Bringing up level for play took: 0.001493
[2019.06.30-00.45.14:321][870]PIE: Play in editor start time for /Game/UEDPIE_0_SummerShorts -0.066
[2019.06.30-00.45.35:955][460]LogSlate: Updating window title bar state: overlay mode, drag disabled, window buttons hidden, title bar hidden
[2019.06.30-00.45.35:990][460]LogPlayLevel: Display: Shutting down PIE online subsystems
[2019.06.30-00.45.36:008][460]LogSlate: Updating window title bar state: overlay mode, drag disabled, window buttons hidden, title bar hidden
[2019.06.30-00.45.36:062][462]LogPlayLevel: Display: Destroying online subsystem :Context_5
[2019.06.30-00.45.39:665][875]LogSlate: FSceneViewport::OnFocusLost() reason 0
[2019.06.30-00.45.46:370][885]LogSlate: Window 'Save Content' being destroyed
[2019.06.30-00.45.46:570][885]LogSlate: Window 'Content Browser' being destroyed
[2019.06.30-00.45.46:594][885]LogSlate: Window 'SummerShorts - Unreal Editor' being destroyed
[2019.06.30-00.45.46:909][886]Cmd: QUIT_EDITOR
[2019.06.30-00.45.47:290][886]LogWindowsTextInputMethodSystem: Display: IME system now deactivated.
[2019.06.30-00.45.47:310][886]LogExit: Preparing to exit.
[2019.06.30-00.45.48:531][886]LogExit: Editor shut down
[2019.06.30-00.45.48:531][886]LogExit: Transaction tracking system shut down
[2019.06.30-00.45.49:977][886]LogExit: Object subsystem successfully closed.
[2019.06.30-00.45.50:113][886]LogShaderCompilers: Display: Shaders left to compile 0
[2019.06.30-00.45.50:133][886]LogD3D11RHI: Shutdown
[2019.06.30-00.45.50:133][886]LogD3D11RHI: CleanupD3DDevice
[2019.06.30-00.45.50:191][886]LogD3D11RHI: ~FD3D11DynamicRHI
[2019.06.30-00.45.51:050][886]LogModuleManager: Shutting down and abandoning module MovieSceneCapture (616)
[2019.06.30-00.45.51:050][886]LogModuleManager: Shutting down and abandoning module Voice (614)
[2019.06.30-00.45.51:062][886]LogModuleManager: Shutting down and abandoning module ExternalImagePicker (612)
[2019.06.30-00.45.51:062][886]LogModuleManager: Shutting down and abandoning module HierarchicalLODOutliner (610)
[2019.06.30-00.45.51:062][886]LogModuleManager: Shutting down and abandoning module AddContentDialog (608)
[2019.06.30-00.45.51:074][886]LogModuleManager: Shutting down and abandoning module WidgetCarousel (607)
[2019.06.30-00.45.51:074][886]LogModuleManager: Shutting down and abandoning module EditorWidgets (604)
[2019.06.30-00.45.51:074][886]LogModuleManager: Shutting down and abandoning module CollectionManager (602)
[2019.06.30-00.45.51:085][886]LogModuleManager: Shutting down and abandoning module SceneOutliner (600)
[2019.06.30-00.45.51:085][886]LogModuleManager: Shutting down and abandoning module StatsViewer (598)
[2019.06.30-00.45.51:085][886]LogModuleManager: Shutting down and abandoning module FoliageEdit (596)
[2019.06.30-00.45.51:097][886]LogModuleManager: Shutting down and abandoning module LandscapeEditor (594)
[2019.06.30-00.45.51:102][886]LogModuleManager: Shutting down and abandoning module MeshPaintMode (592)
[2019.06.30-00.45.51:104][886]LogModuleManager: Shutting down and abandoning module SceneDepthPickerMode (590)
[2019.06.30-00.45.51:104][886]LogModuleManager: Shutting down and abandoning module ActorPickerMode (588)
[2019.06.30-00.45.51:104][886]LogModuleManager: Shutting down and abandoning module GeometryMode (586)
[2019.06.30-00.45.51:104][886]LogModuleManager: Shutting down and abandoning module TextureAlignMode (584)
[2019.06.30-00.45.51:104][886]LogModuleManager: Shutting down and abandoning module BspMode (582)
[2019.06.30-00.45.51:104][886]LogModuleManager: Shutting down and abandoning module PIEPreviewDeviceProfileSelector (580)
[2019.06.30-00.45.51:116][886]LogModuleManager: Shutting down and abandoning module SequenceRecorderSections (578)
[2019.06.30-00.45.51:123][886]LogModuleManager: Shutting down and abandoning module AutomationWorker (576)
[2019.06.30-00.45.51:123][886]LogModuleManager: Shutting down and abandoning module AudioCaptureEditor (574)
[2019.06.30-00.45.51:123][886]LogModuleManager: Shutting down and abandoning module SequenceRecorder (573)
[2019.06.30-00.45.51:132][886]LogModuleManager: Shutting down and abandoning module MatineeToLevelSequence (570)
[2019.06.30-00.45.51:132][886]LogModuleManager: Shutting down and abandoning module LevelSequenceEditor (568)
[2019.06.30-00.45.51:143][886]LogModuleManager: Shutting down and abandoning module PlacementMode (567)
[2019.06.30-00.45.51:143][886]LogModuleManager: Shutting down and abandoning module MaterialEditor (566)
[2019.06.30-00.45.51:172][886]LogModuleManager: Shutting down and abandoning module WmfMediaFactory (562)
[2019.06.30-00.45.51:172][886]LogModuleManager: Shutting down and abandoning module WmfMediaEditor (560)
[2019.06.30-00.45.51:172][886]LogModuleManager: Shutting down and abandoning module MediaPlayerEditor (558)
[2019.06.30-00.45.51:192][886]LogModuleManager: Shutting down and abandoning module OpenExrWrapper (556)
[2019.06.30-00.45.51:192][886]LogModuleManager: Shutting down and abandoning module ImgMediaFactory (554)
[2019.06.30-00.45.51:192][886]LogModuleManager: Shutting down and abandoning module ImgMediaEditor (552)
[2019.06.30-00.45.51:192][886]LogModuleManager: Shutting down and abandoning module AvfMediaFactory (550)
[2019.06.30-00.45.51:192][886]LogModuleManager: Shutting down and abandoning module AvfMediaEditor (548)
[2019.06.30-00.45.51:192][886]LogModuleManager: Shutting down and abandoning module AndroidMediaFactory (546)
[2019.06.30-00.45.51:192][886]LogModuleManager: Shutting down and abandoning module AndroidMediaEditor (544)
[2019.06.30-00.45.51:192][886]LogModuleManager: Shutting down and abandoning module MagicLeapCameraPreviewFactory (542)
[2019.06.30-00.45.51:192][886]LogModuleManager: Shutting down and abandoning module MagicLeapMediaFactory (540)
[2019.06.30-00.45.51:192][886]LogModuleManager: Shutting down and abandoning module MagicLeapMediaEditor (538)
[2019.06.30-00.45.51:192][886]LogModuleManager: Shutting down and abandoning module CharacterAI (536)
[2019.06.30-00.45.51:192][886]LogModuleManager: Shutting down and abandoning module SmartSnapping (534)
[2019.06.30-00.45.51:192][886]LogModuleManager: Shutting down and abandoning module SessionServices (532)
[2019.06.30-00.45.51:192][886]LogModuleManager: Shutting down and abandoning module ViewportSnapping (530)
[2019.06.30-00.45.51:192][886]LogModuleManager: Shutting down and abandoning module ViewportInteraction (528)
[2019.06.30-00.45.51:192][886]LogModuleManager: Shutting down and abandoning module ClothPainter (526)
[2019.06.30-00.45.51:212][886]LogModuleManager: Shutting down and abandoning module SkeletalMeshEditor (525)
[2019.06.30-00.45.51:224][886]LogModuleManager: Shutting down and abandoning module LogVisualizer (522)
[2019.06.30-00.45.51:243][886]LogModuleManager: Shutting down and abandoning module IntroTutorials (520)
[2019.06.30-00.45.51:252][886]LogModuleManager: Shutting down and abandoning module GameProjectGeneration (519)
[2019.06.30-00.45.51:265][886]LogModuleManager: Shutting down and abandoning module LuminPlatformEditor (516)
[2019.06.30-00.45.51:265][886]LogModuleManager: Shutting down and abandoning module IOSPlatformEditor (514)
[2019.06.30-00.45.51:265][886]LogModuleManager: Shutting down and abandoning module HTML5PlatformEditor (512)
[2019.06.30-00.45.51:265][886]LogModuleManager: Shutting down and abandoning module AndroidPlatformEditor (510)
[2019.06.30-00.45.51:265][886]LogModuleManager: Shutting down and abandoning module AndroidDeviceDetection (509)
[2019.06.30-00.45.52:330][886]LogModuleManager: Shutting down and abandoning module WindowsPlatformEditor (506)
[2019.06.30-00.45.52:330][886]LogModuleManager: Shutting down and abandoning module LuminRuntimeSettings (504)
[2019.06.30-00.45.52:330][886]LogModuleManager: Shutting down and abandoning module IOSRuntimeSettings (502)
[2019.06.30-00.45.52:330][886]LogModuleManager: Shutting down and abandoning module AndroidRuntimeSettings (500)
[2019.06.30-00.45.52:330][886]LogModuleManager: Shutting down and abandoning module InputBindingEditor (498)
[2019.06.30-00.45.52:339][886]LogModuleManager: Shutting down and abandoning module MergeActors (496)
[2019.06.30-00.45.52:342][886]LogModuleManager: Shutting down and abandoning module LocalizationDashboard (494)
[2019.06.30-00.45.52:358][886]LogModuleManager: Shutting down and abandoning module LocalizationService (493)
[2019.06.30-00.45.52:368][886]LogModuleManager: Shutting down and abandoning module HardwareTargeting (490)
[2019.06.30-00.45.52:368][886]LogModuleManager: Shutting down and abandoning module DeviceProfileEditor (488)
[2019.06.30-00.45.52:368][886]LogModuleManager: Shutting down and abandoning module UndoHistory (486)
[2019.06.30-00.45.52:374][886]LogModuleManager: Shutting down and abandoning module XmlParser (484)
[2019.06.30-00.45.52:374][886]LogModuleManager: Shutting down and abandoning module Blutility (482)
[2019.06.30-00.45.52:385][886]LogModuleManager: Shutting down and abandoning module ProjectSettingsViewer (480)
[2019.06.30-00.45.52:386][886]LogModuleManager: Shutting down and abandoning module ProjectTargetPlatformEditor (479)
[2019.06.30-00.45.52:386][886]LogModuleManager: Shutting down and abandoning module EditorSettingsViewer (476)
[2019.06.30-00.45.52:386][886]LogModuleManager: Shutting down and abandoning module SettingsEditor (474)
[2019.06.30-00.45.52:387][886]LogModuleManager: Shutting down and abandoning module ProjectLauncher (472)
[2019.06.30-00.45.52:403][886]LogModuleManager: Shutting down and abandoning module SessionFrontend (470)
[2019.06.30-00.45.52:413][886]LogModuleManager: Shutting down and abandoning module ProfilerClient (468)
[2019.06.30-00.45.52:421][886]LogModuleManager: Shutting down and abandoning module DeviceManager (466)
[2019.06.30-00.45.52:425][886]LogModuleManager: Shutting down and abandoning module TargetDeviceServices (465)
[2019.06.30-00.45.52:479][886]LogModuleManager: Shutting down and abandoning module AutomationController (462)
[2019.06.30-00.45.52:483][886]LogModuleManager: Shutting down and abandoning module AutomationWindow (460)
[2019.06.30-00.45.52:494][886]LogModuleManager: Shutting down and abandoning module Layers (458)
[2019.06.30-00.45.52:523][886]LogModuleManager: Shutting down and abandoning module ComponentVisualizers (456)
[2019.06.30-00.45.52:523][886]LogModuleManager: Shutting down and abandoning module DetailCustomizations (454)
[2019.06.30-00.45.52:534][886]LogModuleManager: Shutting down and abandoning module PackagesDialog (452)
[2019.06.30-00.45.52:538][886]LogModuleManager: Shutting down and abandoning module Persona (450)
[2019.06.30-00.45.52:574][886]LogModuleManager: Shutting down and abandoning module AdvancedPreviewScene (449)
[2019.06.30-00.45.52:575][886]LogModuleManager: Shutting down and abandoning module AnimGraph (447)
[2019.06.30-00.45.52:578][886]LogModuleManager: Shutting down and abandoning module Kismet (444)
[2019.06.30-00.45.52:593][886]LogModuleManager: Shutting down and abandoning module GraphEditor (442)
[2019.06.30-00.45.52:623][886]LogModuleManager: Shutting down and abandoning module ClassViewer (440)
[2019.06.30-00.45.52:623][886]LogModuleManager: Shutting down and abandoning module Toolbox (438)
[2019.06.30-00.45.52:623][886]LogModuleManager: Shutting down and abandoning module ModuleUI (436)
[2019.06.30-00.45.52:627][886]LogModuleManager: Shutting down and abandoning module MovieSceneTools (434)
[2019.06.30-00.45.52:632][886]LogModuleManager: Shutting down and abandoning module OutputLog (432)
[2019.06.30-00.45.52:632][886]LogModuleManager: Shutting down and abandoning module GammaUI (430)
[2019.06.30-00.45.52:644][886]LogModuleManager: Shutting down and abandoning module Documentation (428)
[2019.06.30-00.45.52:644][886]LogModuleManager: Shutting down and abandoning module MovieSceneTracks (426)
[2019.06.30-00.45.52:645][886]LogModuleManager: Shutting down and abandoning module MovieScene (424)
[2019.06.30-00.45.52:652][886]LogModuleManager: Shutting down and abandoning module StreamingPauseRendering (422)
[2019.06.30-00.45.52:652][886]LogModuleManager: Shutting down and abandoning module LauncherPlatform (420)
[2019.06.30-00.45.52:652][886]LogModuleManager: Shutting down and abandoning module AnalyticsET (418)
[2019.06.30-00.45.52:652][886]LogModuleManager: Shutting down and abandoning module PortalServices (416)
[2019.06.30-00.45.52:652][886]LogModuleManager: Shutting down and abandoning module PortalRpc (414)
[2019.06.30-00.45.52:652][886]LogModuleManager: Shutting down and abandoning module MessagingRpc (412)
[2019.06.30-00.45.52:652][886]LogModuleManager: Shutting down and abandoning module AIModule (410)
[2019.06.30-00.45.52:658][886]LogModuleManager: Shutting down and abandoning module GameplayDebugger (409)
[2019.06.30-00.45.52:661][886]LogModuleManager: Shutting down and abandoning module AITestSuite (407)
[2019.06.30-00.45.52:667][886]LogModuleManager: Shutting down and abandoning module NavigationSystem (405)
[2019.06.30-00.45.52:667][886]LogModuleManager: Shutting down and abandoning module DesktopPlatform (402)
[2019.06.30-00.45.52:667][886]LogModuleManager: Shutting down and abandoning module ProfilerService (400)
[2019.06.30-00.45.52:744][886]LogModuleManager: Shutting down and abandoning module TaskGraph (398)
[2019.06.30-00.45.52:760][886]LogModuleManager: Shutting down and abandoning module SteamVRController (396)
[2019.06.30-00.45.52:760][886]LogModuleManager: Shutting down and abandoning module ProceduralMeshComponentEditor (394)
[2019.06.30-00.45.52:761][886]LogModuleManager: Shutting down and abandoning module ProceduralMeshComponent (392)
[2019.06.30-00.45.52:773][886]LogModuleManager: Shutting down and abandoning module OculusInput (390)
[2019.06.30-00.45.52:773][886]LogModuleManager: Shutting down and abandoning module MobilePatchingUtils (388)
[2019.06.30-00.45.52:773][886]LogModuleManager: Shutting down and abandoning module EditableMesh (386)
[2019.06.30-00.45.52:780][886]LogModuleManager: Shutting down and abandoning module CustomMeshComponent (384)
[2019.06.30-00.45.52:780][886]LogModuleManager: Shutting down and abandoning module CableComponent (382)
[2019.06.30-00.45.52:780][886]LogModuleManager: Shutting down and abandoning module AudioCapture (380)
[2019.06.30-00.45.52:780][886]LogModuleManager: Shutting down and abandoning module ArchVisCharacter (378)
[2019.06.30-00.45.52:780][886]LogModuleManager: Shutting down and abandoning module AndroidPermission (376)
[2019.06.30-00.45.52:780][886]LogModuleManager: Shutting down and abandoning module NUTUnrealEngine4 (374)
[2019.06.30-00.45.52:780][886]LogModuleManager: Shutting down and abandoning module NetcodeUnitTest (372)
[2019.06.30-00.45.52:808][886]LogModuleManager: Shutting down and abandoning module MediaCompositingEditor (370)
[2019.06.30-00.45.52:808][886]LogModuleManager: Shutting down and abandoning module MediaCompositing (368)
[2019.06.30-00.45.52:808][886]LogModuleManager: Shutting down and abandoning module LinearTimecode (366)
[2019.06.30-00.45.52:808][886]LogModuleManager: Shutting down and abandoning module ImgMedia (364)
[2019.06.30-00.45.52:831][886]LogModuleManager: Shutting down and abandoning module HTML5Networking (362)
[2019.06.30-00.45.52:831][886]LogModuleManager: Shutting down and abandoning module GeometryCacheTracks (360)
[2019.06.30-00.45.52:831][886]LogModuleManager: Shutting down and abandoning module GeometryCacheSequencer (358)
[2019.06.30-00.45.52:831][886]LogModuleManager: Shutting down and abandoning module BackChannel (356)
[2019.06.30-00.45.52:839][886]LogModuleManager: Shutting down and abandoning module AppleVision (354)
[2019.06.30-00.45.52:839][886]LogModuleManager: Shutting down and abandoning module AppleImageUtils (352)
[2019.06.30-00.45.52:839][886]LogModuleManager: Shutting down and abandoning module AlembicImporter (350)
[2019.06.30-00.45.52:839][886]LogModuleManager: Shutting down and abandoning module AlembicLibrary (349)
[2019.06.30-00.45.52:839][886]LogModuleManager: Shutting down and abandoning module GeometryCache (348)
[2019.06.30-00.45.52:839][886]LogModuleManager: Shutting down and abandoning module GeometryCacheEd (347)
[2019.06.30-00.45.52:839][886]LogModuleManager: Shutting down and abandoning module DatasmithContentEditor (342)
[2019.06.30-00.45.52:845][886]LogModuleManager: Shutting down and abandoning module DatasmithContent (340)
[2019.06.30-00.45.52:846][886]LogModuleManager: Shutting down and abandoning module SpeedTreeImporter (338)
[2019.06.30-00.45.52:846][886]LogModuleManager: Shutting down and abandoning module PluginBrowser (336)
[2019.06.30-00.45.52:871][886]LogModuleManager: Shutting down and abandoning module MobileLauncherProfileWizard (334)
[2019.06.30-00.45.52:874][886]LogModuleManager: Shutting down and abandoning module PolygonModeling (332)
[2019.06.30-00.45.52:874][886]LogModuleManager: Shutting down and abandoning module MeshEditor (330)
[2019.06.30-00.45.52:887][886]LogModuleManager: Shutting down and abandoning module CryptoKeysOpenSSL (328)
[2019.06.30-00.45.52:895][886]LogModuleManager: Shutting down and abandoning module CryptoKeys (326)
[2019.06.30-00.45.52:895][886]LogModuleManager: Shutting down and abandoning module VisualStudioSourceCodeAccess (324)
[2019.06.30-00.45.52:895][886]LogModuleManager: Shutting down and abandoning module VisualStudioCodeSourceCodeAccess (322)
[2019.06.30-00.45.52:895][886]LogModuleManager: Shutting down and abandoning module UObjectPlugin (320)
[2019.06.30-00.45.52:895][886]LogModuleManager: Shutting down and abandoning module SubversionSourceControl (318)
[2019.06.30-00.45.52:907][886]LogModuleManager: Shutting down and abandoning module PerforceSourceControl (316)
[2019.06.30-00.45.52:932][886]LogModuleManager: Shutting down and abandoning module GitSourceControl (314)
[2019.06.30-00.45.52:944][886]LogModuleManager: Shutting down and abandoning module SourceControl (313)
[2019.06.30-00.45.52:947][886]LogModuleManager: Shutting down and abandoning module CLionSourceCodeAccess (310)
[2019.06.30-00.45.52:948][886]LogModuleManager: Shutting down and abandoning module LightPropagationVolumeEditor (308)
[2019.06.30-00.45.52:948][886]LogModuleManager: Shutting down and abandoning module PaperTiledImporter (306)
[2019.06.30-00.45.52:948][886]LogModuleManager: Shutting down and abandoning module PaperSpriteSheetImporter (304)
[2019.06.30-00.45.52:948][886]LogModuleManager: Shutting down and abandoning module Paper2DEditor (302)
[2019.06.30-00.45.52:965][886]LogModuleManager: Shutting down and abandoning module MeshPaint (301)
[2019.06.30-00.45.52:970][886]LogModuleManager: Shutting down and abandoning module RuntimePhysXCooking (298)
[2019.06.30-00.45.52:970][886]LogModuleManager: Shutting down and abandoning module PhysXVehiclesEditor (296)
[2019.06.30-00.45.52:970][886]LogModuleManager: Shutting down and abandoning module PhysXVehicles (294)
[2019.06.30-00.45.52:970][886]LogModuleManager: Shutting down and abandoning module OculusEditor (292)
[2019.06.30-00.45.52:979][886]LogModuleManager: Shutting down and abandoning module LocationServicesBPLibrary (290)
[2019.06.30-00.45.52:979][886]LogModuleManager: Shutting down and abandoning module ImmediatePhysicsEditor (288)
[2019.06.30-00.45.52:979][886]LogModuleManager: Shutting down and abandoning module ImmediatePhysics (286)
[2019.06.30-00.45.52:985][886]LogModuleManager: Shutting down and abandoning module ActorSequence (284)
[2019.06.30-00.45.52:985][886]LogModuleManager: Shutting down and abandoning module UdpMessaging (282)
[2019.06.30-00.45.53:086][886]LogModuleManager: Shutting down and abandoning module TcpMessaging (280)
[2019.06.30-00.45.53:193][886]LogModuleManager: Shutting down and abandoning module MagicLeapAudio (278)
[2019.06.30-00.45.53:193][886]LogModuleManager: Shutting down and abandoning module GameplayTagsEditor (276)
[2019.06.30-00.45.53:203][886]LogModuleManager: Shutting down and abandoning module FacialAnimationEditor (274)
[2019.06.30-00.45.53:203][886]LogModuleManager: Shutting down and abandoning module FacialAnimation (272)
[2019.06.30-00.45.53:204][886]LogModuleManager: Shutting down and abandoning module DataValidation (270)
[2019.06.30-00.45.53:204][886]LogModuleManager: Shutting down and abandoning module AssetManagerEditor (268)
[2019.06.30-00.45.53:218][886]LogModuleManager: Shutting down and abandoning module LevelEditor (267)
[2019.06.30-00.45.53:236][886]LogModuleManager: Shutting down and abandoning module PixelInspectorModule (266)
[2019.06.30-00.45.53:246][886]LogModuleManager: Shutting down and abandoning module CommonMenuExtensions (264)
[2019.06.30-00.45.53:246][886]LogModuleManager: Shutting down and abandoning module MainFrame (262)
[2019.06.30-00.45.53:256][886]LogModuleManager: Shutting down and abandoning module HotReload (261)
[2019.06.30-00.45.53:264][886]LogModuleManager: Shutting down and abandoning module ContentBrowser (257)
[2019.06.30-00.45.53:265][886]LogModuleManager: Shutting down and abandoning module TreeMap (255)
[2019.06.30-00.45.53:267][886]LogModuleManager: Shutting down and abandoning module LightPropagationVolumeRuntime (252)
[2019.06.30-00.45.53:267][886]LogModuleManager: Shutting down and abandoning module AISupportModule (250)
[2019.06.30-00.45.53:267][886]LogModuleManager: Shutting down and abandoning module Paper2D (248)
[2019.06.30-00.45.53:276][886]LogModuleManager: Shutting down and abandoning module WindowsMoviePlayer (246)
[2019.06.30-00.45.53:289][886]LogModuleManager: Shutting down and abandoning module WmfMedia (244)
[2019.06.30-00.45.53:300][886]LogModuleManager: Shutting down and abandoning module Media (243)
[2019.06.30-00.45.53:306][886]LogModuleManager: Shutting down and abandoning module PacketHandler (240)
[2019.06.30-00.45.53:306][886]LogModuleManager: Shutting down and abandoning module ClothingSystemEditor (238)
[2019.06.30-00.45.53:306][886]LogModuleManager: Shutting down and abandoning module ClothingSystemRuntime (236)
[2019.06.30-00.45.53:329][886]LogModuleManager: Shutting down and abandoning module MediaAssets (234)
[2019.06.30-00.45.53:329][886]LogModuleManager: Shutting down and abandoning module Overlay (232)
[2019.06.30-00.45.53:329][886]LogModuleManager: Shutting down and abandoning module OverlayEditor (231)
[2019.06.30-00.45.53:329][886]LogModuleManager: Shutting down and abandoning module VREditor (228)
[2019.06.30-00.45.53:341][886]LogModuleManager: Shutting down and abandoning module StringTableEditor (226)
[2019.06.30-00.45.53:348][886]LogModuleManager: Shutting down and abandoning module GameplayTasksEditor (224)
[2019.06.30-00.45.53:348][886]LogModuleManager: Shutting down and abandoning module BehaviorTreeEditor (222)
[2019.06.30-00.45.53:369][886]LogModuleManager: Shutting down and abandoning module FunctionalTesting (220)
[2019.06.30-00.45.53:380][886]LogModuleManager: Shutting down and abandoning module CollisionAnalyzer (218)
[2019.06.30-00.45.53:390][886]LogModuleManager: Shutting down and abandoning module WorkspaceMenuStructure (217)
[2019.06.30-00.45.53:391][886]LogModuleManager: Shutting down and abandoning module UMG (214)
[2019.06.30-00.45.53:399][886]LogModuleManager: Shutting down and abandoning module UMGEditor (213)
[2019.06.30-00.45.53:434][886]LogModuleManager: Shutting down and abandoning module Sequencer (212)
[2019.06.30-00.45.53:448][886]LogModuleManager: Shutting down and abandoning module MessageLog (209)
[2019.06.30-00.45.53:448][886]LogModuleManager: Shutting down and abandoning module SlateReflector (204)
[2019.06.30-00.45.53:477][886]LogModuleManager: Shutting down and abandoning module Slate (202)
[2019.06.30-00.45.53:477][886]LogModuleManager: Shutting down and abandoning module EditorStyle (200)
[2019.06.30-00.45.53:482][886]LogModuleManager: Shutting down and abandoning module MRMesh (198)
[2019.06.30-00.45.53:487][886]LogModuleManager: Shutting down and abandoning module SourceCodeAccess (196)
[2019.06.30-00.45.53:487][886]LogModuleManager: Shutting down and abandoning module HeadMountedDisplay (194)
[2019.06.30-00.45.53:487][886]LogModuleManager: Shutting down and abandoning module XAudio2 (192)
[2019.06.30-00.45.53:487][886]LogModuleManager: Shutting down and abandoning module Networking (190)
[2019.06.30-00.45.53:487][886]LogModuleManager: Shutting down and abandoning module Core (188)
[2019.06.30-00.45.53:487][886]LogModuleManager: Shutting down and abandoning module LevelSequence (186)
[2019.06.30-00.45.53:487][886]LogModuleManager: Shutting down and abandoning module KismetCompiler (184)
[2019.06.30-00.45.53:487][886]LogModuleManager: Shutting down and abandoning module MeshUtilities (182)
[2019.06.30-00.45.53:495][886]LogModuleManager: Shutting down and abandoning module MeshMergeUtilities (181)
[2019.06.30-00.45.53:500][886]LogModuleManager: Shutting down and abandoning module MeshReductionInterface (180)
[2019.06.30-00.45.53:500][886]LogModuleManager: Shutting down and abandoning module SimplygonSwarm (179)
[2019.06.30-00.45.53:508][886]LogModuleManager: Shutting down and abandoning module ProxyLODMeshReduction (177)
[2019.06.30-00.45.53:524][886]LogModuleManager: Shutting down and abandoning module SimplygonMeshReduction (175)
[2019.06.30-00.45.53:524][886]LogModuleManager: Shutting down and abandoning module QuadricMeshReduction (173)
[2019.06.30-00.45.53:538][886]LogModuleManager: Shutting down and abandoning module MaterialBaking (169)
[2019.06.30-00.45.53:541][886]LogModuleManager: Shutting down and abandoning module DirectoryWatcher (165)
[2019.06.30-00.45.53:541][886]LogModuleManager: Shutting down and abandoning module DerivedDataCache (162)
[2019.06.30-00.45.53:545][886]LogDerivedDataCache: Shutdown
[2019.06.30-00.45.53:545][886]LogModuleManager: Shutting down and abandoning module XGEController (160)
[2019.06.30-00.45.53:545][886]LogXGEController: Cleaning working directory: C:/Users/Dylan/AppData/Local/Temp/UnrealXGEWorkingDir/
[2019.06.30-00.45.53:555][886]LogModuleManager: Shutting down and abandoning module TargetPlatform (158)
[2019.06.30-00.45.53:555][886]LogModuleManager: Shutting down and abandoning module VulkanShaderFormat (157)
[2019.06.30-00.45.53:559][886]LogModuleManager: Shutting down and abandoning module ShaderFormatVectorVM (155)
[2019.06.30-00.45.53:570][886]LogModuleManager: Shutting down and abandoning module ShaderFormatOpenGL (153)
[2019.06.30-00.45.53:573][886]LogModuleManager: Shutting down and abandoning module ShaderFormatD3D (151)
[2019.06.30-00.45.53:573][886]LogModuleManager: Shutting down and abandoning module MetalShaderFormat (149)
[2019.06.30-00.45.53:579][886]LogModuleManager: Shutting down and abandoning module TextureFormatUncompressed (147)
[2019.06.30-00.45.53:579][886]LogModuleManager: Shutting down and abandoning module TextureFormatPVR (145)
[2019.06.30-00.45.53:579][886]LogModuleManager: Shutting down and abandoning module TextureFormatDXT (143)
[2019.06.30-00.45.53:585][886]LogModuleManager: Shutting down and abandoning module TextureFormatIntelISPCTexComp (141)
[2019.06.30-00.45.53:586][886]LogModuleManager: Shutting down and abandoning module TextureFormatASTC (139)
[2019.06.30-00.45.53:586][886]LogModuleManager: Shutting down and abandoning module ImageWrapper (138)
[2019.06.30-00.45.53:586][886]LogModuleManager: Shutting down and abandoning module TextureFormatAndroid (135)
[2019.06.30-00.45.53:586][886]LogModuleManager: Shutting down and abandoning module AudioFormatOpus (133)
[2019.06.30-00.45.53:586][886]LogModuleManager: Shutting down and abandoning module AudioFormatOgg (131)
[2019.06.30-00.45.53:586][886]LogModuleManager: Shutting down and abandoning module AudioFormatADPCM (129)
[2019.06.30-00.45.53:586][886]LogModuleManager: Shutting down and abandoning module LuminTargetPlatform (127)
[2019.06.30-00.45.53:586][886]LogModuleManager: Shutting down and abandoning module LinuxTargetPlatform (125)
[2019.06.30-00.45.53:586][886]LogModuleManager: Shutting down and abandoning module LinuxServerTargetPlatform (123)
[2019.06.30-00.45.53:586][886]LogModuleManager: Shutting down and abandoning module LinuxNoEditorTargetPlatform (121)
[2019.06.30-00.45.53:596][886]LogModuleManager: Shutting down and abandoning module LinuxClientTargetPlatform (119)
[2019.06.30-00.45.53:596][886]LogModuleManager: Shutting down and abandoning module TVOSTargetPlatform (117)
[2019.06.30-00.45.53:597][886]LogModuleManager: Shutting down and abandoning module Messaging (115)
[2019.06.30-00.45.53:597][886]LogModuleManager: Shutting down and abandoning module IOSTargetPlatform (113)
[2019.06.30-00.45.53:597][886]LogModuleManager: Shutting down and abandoning module HTML5TargetPlatform (111)
[2019.06.30-00.45.53:597][886]LogModuleManager: Shutting down and abandoning module AndroidTargetPlatform (109)
[2019.06.30-00.45.53:609][886]LogModuleManager: Shutting down and abandoning module WindowsTargetPlatform (107)
[2019.06.30-00.45.53:609][886]LogModuleManager: Shutting down and abandoning module WindowsServerTargetPlatform (105)
[2019.06.30-00.45.53:609][886]LogModuleManager: Shutting down and abandoning module WindowsNoEditorTargetPlatform (103)
[2019.06.30-00.45.53:609][886]LogModuleManager: Shutting down and abandoning module WindowsClientTargetPlatform (101)
[2019.06.30-00.45.53:609][886]LogModuleManager: Shutting down and abandoning module MacTargetPlatform (99)
[2019.06.30-00.45.53:609][886]LogModuleManager: Shutting down and abandoning module MacServerTargetPlatform (97)
[2019.06.30-00.45.53:609][886]LogModuleManager: Shutting down and abandoning module MacNoEditorTargetPlatform (95)
[2019.06.30-00.45.53:609][886]LogModuleManager: Shutting down and abandoning module MacClientTargetPlatform (93)
[2019.06.30-00.45.53:609][886]LogModuleManager: Shutting down and abandoning module AllDesktopTargetPlatform (91)
[2019.06.30-00.45.53:609][886]LogModuleManager: Shutting down and abandoning module InputCore (88)
[2019.06.30-00.45.53:609][886]LogModuleManager: Shutting down and abandoning module Settings (86)
[2019.06.30-00.45.53:609][886]LogModuleManager: Shutting down and abandoning module PhysXCooking (84)
[2019.06.30-00.45.53:609][886]LogModuleManager: Shutting down and abandoning module SteamVR (82)
[2019.06.30-00.45.53:609][886]LogModuleManager: Shutting down and abandoning module OculusHMD (80)
[2019.06.30-00.45.53:609][886]LogModuleManager: Shutting down and abandoning module ExampleDeviceProfileSelector (78)
[2019.06.30-00.45.53:609][886]LogModuleManager: Shutting down and abandoning module LauncherChunkInstaller (76)
[2019.06.30-00.45.53:609][886]LogModuleManager: Shutting down and abandoning module OnlineBlueprintSupport (74)
[2019.06.30-00.45.53:609][886]LogModuleManager: Shutting down and abandoning module OnlineSubsystem (70)
[2019.06.30-00.45.53:624][886]LogModuleManager: Shutting down and abandoning module XMPP (65)
[2019.06.30-00.45.53:641][886]LogModuleManager: Shutting down and abandoning module WebSockets (64)
[2019.06.30-00.45.53:706][886]LogModuleManager: Shutting down and abandoning module HTTP (61)
[2019.06.30-00.45.53:713][886]LogHttp: Display: Http module shutting down, but needs to wait on 1 outstanding Http requests:
[2019.06.30-00.45.53:713][886]LogHttp: Display: 	verb=[POST] url=[https://datarouter.ol.epicgames.com/datarouter/api/v1/public/data?SessionID=%7BDA437511-42D4-6D94-4ABD-4E8F64664A96%7D&AppID=UEEditor.Rocket.Release&AppVersion=4.20.3-4369336%2B%2B%2BUE4%2BRelease-4.20&UserID=78b98e6645fb9c515ad68eae2af17017%7C4129bf30eb08410b8d039ebf646d993b%7C84516a39-cac3-4d4d-96d7-2879392225bc&AppEnvironment=datacollector-binary&UploadType=eteventstream] status=Processing
[2019.06.30-00.45.53:734][886]LogModuleManager: Shutting down and abandoning module SSL (60)
[2019.06.30-00.45.53:748][886]LogModuleManager: Shutting down and abandoning module MagicLeapEmulator (56)
[2019.06.30-00.45.53:748][886]LogModuleManager: Shutting down and abandoning module MagicLeapPrivileges (54)
[2019.06.30-00.45.53:748][886]LogModuleManager: Shutting down and abandoning module MagicLeapIdentity (52)
[2019.06.30-00.45.53:748][886]LogModuleManager: Shutting down and abandoning module MagicLeapHelperVulkan (50)
[2019.06.30-00.45.53:748][886]LogModuleManager: Shutting down and abandoning module MagicLeapHelperOpenGL (48)
[2019.06.30-00.45.53:748][886]LogModuleManager: Shutting down and abandoning module MagicLeapSecureStorage (46)
[2019.06.30-00.45.53:748][886]LogModuleManager: Shutting down and abandoning module MagicLeapGestures (44)
[2019.06.30-00.45.53:748][886]LogModuleManager: Shutting down and abandoning module MagicLeapEyeTracker (42)
[2019.06.30-00.45.53:748][886]LogModuleManager: Shutting down and abandoning module MagicLeapController (40)
[2019.06.30-00.45.53:748][886]LogSlate: Slate User Destroyed.  User Index 0, Is Virtual User: 0
[2019.06.30-00.45.53:748][886]LogModuleManager: Shutting down and abandoning module MagicLeap (38)
[2019.06.30-00.45.53:748][886]LogModuleManager: Shutting down and abandoning module AnimationModifiers (36)
[2019.06.30-00.45.53:777][886]LogModuleManager: Shutting down and abandoning module PropertyEditor (35)
[2019.06.30-00.45.53:777][886]LogModuleManager: Shutting down and abandoning module AudioEditor (32)
[2019.06.30-00.45.53:793][886]LogModuleManager: Shutting down and abandoning module TextureCompressor (30)
[2019.06.30-00.45.53:795][886]LogModuleManager: Shutting down and abandoning module ShaderCore (28)
[2019.06.30-00.45.53:795][886]LogModuleManager: Shutting down and abandoning module Landscape (26)
[2019.06.30-00.45.53:795][886]LogModuleManager: Shutting down and abandoning module SlateRHIRenderer (24)
[2019.06.30-00.45.53:802][886]LogModuleManager: Shutting down and abandoning module OpenGLDrv (22)
[2019.06.30-00.45.53:808][886]LogModuleManager: Shutting down and abandoning module D3D11RHI (20)
[2019.06.30-00.45.53:808][886]LogModuleManager: Shutting down and abandoning module AnimGraphRuntime (18)
[2019.06.30-00.45.53:812][886]LogModuleManager: Shutting down and abandoning module Renderer (16)
[2019.06.30-00.45.53:812][886]LogModuleManager: Shutting down and abandoning module Engine (14)
[2019.06.30-00.45.53:812][886]LogModuleManager: Shutting down and abandoning module CoreUObject (12)
[2019.06.30-00.45.53:812][886]LogModuleManager: Shutting down and abandoning module NetworkFile (10)
[2019.06.30-00.45.53:821][886]LogModuleManager: Shutting down and abandoning module CookedIterativeFile (8)
[2019.06.30-00.45.53:821][886]LogModuleManager: Shutting down and abandoning module StreamingFile (6)
[2019.06.30-00.45.53:821][886]LogModuleManager: Shutting down and abandoning module SandboxFile (4)
[2019.06.30-00.45.53:821][886]LogModuleManager: Shutting down and abandoning module PakFile (2)
[2019.06.30-00.45.53:843][886]LogExit: Exiting.
[2019.06.30-00.45.53:867][886]Log file closed, 06/29/19 20:45:53
